[0.016s] Invoking command in '/home/rutika/wormhole_ws/build/multi_map_navigation': CMAKE_PREFIX_PATH=${CMAKE_PREFIX_PATH}:/home/rutika/rr_ws/install/pick:/home/rutika/adv_ws/install/my_actions_py:/home/rutika/develop_ws/install/my_pub:/home/rutika/rutika_practice_ws/install/practice_pub:/home/rutika/level3_ws/install/actions_py:/home/rutika/practice_ws/install/practice_pkg:/home/rutika/activity_two_ws/install/activity_two_pkg:/home/rutika/ros2_rev_ws/install/my_py_pkg:/home/rutika/rutika_ros_ws/install/rutika_pkg:/home/rutika/ros2_ws/install/my_robot_controller:/home/rutika/course1_ws/install/my_py_pkg:/opt/ros/humble /usr/bin/cmake --build /home/rutika/wormhole_ws/build/multi_map_navigation -- -j8 -l8
[0.050s] [35m[1mConsolidate compiler generated dependencies of target multi_map_navigation__rosidl_generator_c[0m
[0.060s] [  2%] Built target multi_map_navigation__cpp
[0.060s] [ 11%] Built target multi_map_navigation__rosidl_generator_c
[0.069s] [ 11%] Built target ament_cmake_python_copy_multi_map_navigation
[0.071s] [35m[1mConsolidate compiler generated dependencies of target multi_map_navigation__rosidl_typesupport_c[0m
[0.071s] [35m[1mConsolidate compiler generated dependencies of target multi_map_navigation__rosidl_typesupport_introspection_c[0m
[0.072s] [35m[1mConsolidate compiler generated dependencies of target multi_map_navigation__rosidl_typesupport_cpp[0m
[0.072s] [35m[1mConsolidate compiler generated dependencies of target multi_map_navigation__rosidl_typesupport_fastrtps_cpp[0m
[0.076s] [35m[1mConsolidate compiler generated dependencies of target multi_map_navigation__rosidl_typesupport_introspection_cpp[0m
[0.080s] [35m[1mConsolidate compiler generated dependencies of target multi_map_navigation__rosidl_typesupport_fastrtps_c[0m
[0.083s] [ 30%] Built target multi_map_navigation__rosidl_typesupport_c
[0.084s] [ 30%] Built target multi_map_navigation__rosidl_typesupport_introspection_c
[0.087s] [ 41%] Built target multi_map_navigation__rosidl_typesupport_fastrtps_cpp
[0.088s] [ 48%] Built target multi_map_navigation__rosidl_typesupport_cpp
[0.092s] [ 58%] Built target multi_map_navigation__rosidl_typesupport_introspection_cpp
[0.093s] [ 67%] Built target multi_map_navigation__rosidl_typesupport_fastrtps_c
[0.098s] [35m[1mConsolidate compiler generated dependencies of target wormhole_db_node[0m
[0.099s] [35m[1mConsolidate compiler generated dependencies of target multi_map_navigator[0m
[0.113s] [ 72%] Built target wormhole_db_node
[0.113s] [ 72%] Built target multi_map_navigation
[0.113s] [ 76%] Built target multi_map_navigator
[0.131s] [ 79%] Built target multi_map_navigation__py
[0.141s] [35m[1mConsolidate compiler generated dependencies of target multi_map_navigation__rosidl_generator_py[0m
[0.153s] [ 86%] Built target multi_map_navigation__rosidl_generator_py
[0.161s] [35m[1mConsolidate compiler generated dependencies of target multi_map_navigation__rosidl_typesupport_introspection_c__pyext[0m
[0.162s] [35m[1mConsolidate compiler generated dependencies of target multi_map_navigation__rosidl_typesupport_fastrtps_c__pyext[0m
[0.163s] [35m[1mConsolidate compiler generated dependencies of target multi_map_navigation__rosidl_typesupport_c__pyext[0m
[0.175s] [ 90%] Built target multi_map_navigation__rosidl_typesupport_c__pyext
[0.175s] [ 95%] Built target multi_map_navigation__rosidl_typesupport_introspection_c__pyext
[0.176s] [100%] Built target multi_map_navigation__rosidl_typesupport_fastrtps_c__pyext
[0.290s] running egg_info
[0.291s] writing multi_map_navigation.egg-info/PKG-INFO
[0.291s] writing dependency_links to multi_map_navigation.egg-info/dependency_links.txt
[0.291s] writing top-level names to multi_map_navigation.egg-info/top_level.txt
[0.293s] reading manifest file 'multi_map_navigation.egg-info/SOURCES.txt'
[0.294s] writing manifest file 'multi_map_navigation.egg-info/SOURCES.txt'
[0.319s] [100%] Built target ament_cmake_python_build_multi_map_navigation_egg
[0.330s] Invoked command in '/home/rutika/wormhole_ws/build/multi_map_navigation' returned '0': CMAKE_PREFIX_PATH=${CMAKE_PREFIX_PATH}:/home/rutika/rr_ws/install/pick:/home/rutika/adv_ws/install/my_actions_py:/home/rutika/develop_ws/install/my_pub:/home/rutika/rutika_practice_ws/install/practice_pub:/home/rutika/level3_ws/install/actions_py:/home/rutika/practice_ws/install/practice_pkg:/home/rutika/activity_two_ws/install/activity_two_pkg:/home/rutika/ros2_rev_ws/install/my_py_pkg:/home/rutika/rutika_ros_ws/install/rutika_pkg:/home/rutika/ros2_ws/install/my_robot_controller:/home/rutika/course1_ws/install/my_py_pkg:/opt/ros/humble /usr/bin/cmake --build /home/rutika/wormhole_ws/build/multi_map_navigation -- -j8 -l8
[0.337s] Invoking command in '/home/rutika/wormhole_ws/build/multi_map_navigation': CMAKE_PREFIX_PATH=${CMAKE_PREFIX_PATH}:/home/rutika/rr_ws/install/pick:/home/rutika/adv_ws/install/my_actions_py:/home/rutika/develop_ws/install/my_pub:/home/rutika/rutika_practice_ws/install/practice_pub:/home/rutika/level3_ws/install/actions_py:/home/rutika/practice_ws/install/practice_pkg:/home/rutika/activity_two_ws/install/activity_two_pkg:/home/rutika/ros2_rev_ws/install/my_py_pkg:/home/rutika/rutika_ros_ws/install/rutika_pkg:/home/rutika/ros2_ws/install/my_robot_controller:/home/rutika/course1_ws/install/my_py_pkg:/opt/ros/humble /usr/bin/cmake --install /home/rutika/wormhole_ws/build/multi_map_navigation
[0.343s] -- Install configuration: ""
[0.343s] -- Up-to-date: /home/rutika/wormhole_ws/install/multi_map_navigation/share/ament_index/resource_index/rosidl_interfaces/multi_map_navigation
[0.343s] -- Up-to-date: /home/rutika/wormhole_ws/install/multi_map_navigation/include/multi_map_navigation/multi_map_navigation
[0.343s] -- Up-to-date: /home/rutika/wormhole_ws/install/multi_map_navigation/include/multi_map_navigation/multi_map_navigation/action
[0.344s] -- Up-to-date: /home/rutika/wormhole_ws/install/multi_map_navigation/include/multi_map_navigation/multi_map_navigation/action/navigate.h
[0.344s] -- Up-to-date: /home/rutika/wormhole_ws/install/multi_map_navigation/include/multi_map_navigation/multi_map_navigation/action/detail
[0.345s] -- Up-to-date: /home/rutika/wormhole_ws/install/multi_map_navigation/include/multi_map_navigation/multi_map_navigation/action/detail/navigate__type_support.h
[0.345s] -- Up-to-date: /home/rutika/wormhole_ws/install/multi_map_navigation/include/multi_map_navigation/multi_map_navigation/action/detail/navigate__struct.h
[0.345s] -- Up-to-date: /home/rutika/wormhole_ws/install/multi_map_navigation/include/multi_map_navigation/multi_map_navigation/action/detail/navigate__functions.h
[0.345s] -- Up-to-date: /home/rutika/wormhole_ws/install/multi_map_navigation/include/multi_map_navigation/multi_map_navigation/action/detail/navigate__functions.c
[0.345s] -- Up-to-date: /home/rutika/wormhole_ws/install/multi_map_navigation/include/multi_map_navigation/multi_map_navigation/msg
[0.346s] -- Up-to-date: /home/rutika/wormhole_ws/install/multi_map_navigation/include/multi_map_navigation/multi_map_navigation/msg/rosidl_generator_c__visibility_control.h
[0.346s] -- Up-to-date: /home/rutika/wormhole_ws/install/multi_map_navigation/include/multi_map_navigation/multi_map_navigation/srv
[0.346s] -- Up-to-date: /home/rutika/wormhole_ws/install/multi_map_navigation/include/multi_map_navigation/multi_map_navigation/srv/get_wormhole.h
[0.346s] -- Up-to-date: /home/rutika/wormhole_ws/install/multi_map_navigation/include/multi_map_navigation/multi_map_navigation/srv/detail
[0.346s] -- Up-to-date: /home/rutika/wormhole_ws/install/multi_map_navigation/include/multi_map_navigation/multi_map_navigation/srv/detail/get_wormhole__functions.c
[0.346s] -- Up-to-date: /home/rutika/wormhole_ws/install/multi_map_navigation/include/multi_map_navigation/multi_map_navigation/srv/detail/get_wormhole__type_support.h
[0.346s] -- Up-to-date: /home/rutika/wormhole_ws/install/multi_map_navigation/include/multi_map_navigation/multi_map_navigation/srv/detail/get_wormhole__struct.h
[0.346s] -- Up-to-date: /home/rutika/wormhole_ws/install/multi_map_navigation/include/multi_map_navigation/multi_map_navigation/srv/detail/get_wormhole__functions.h
[0.347s] -- Up-to-date: /home/rutika/wormhole_ws/install/multi_map_navigation/share/multi_map_navigation/environment/library_path.sh
[0.347s] -- Up-to-date: /home/rutika/wormhole_ws/install/multi_map_navigation/share/multi_map_navigation/environment/library_path.dsv
[0.347s] -- Up-to-date: /home/rutika/wormhole_ws/install/multi_map_navigation/lib/libmulti_map_navigation__rosidl_generator_c.so
[0.347s] -- Up-to-date: /home/rutika/wormhole_ws/install/multi_map_navigation/include/multi_map_navigation/multi_map_navigation
[0.347s] -- Up-to-date: /home/rutika/wormhole_ws/install/multi_map_navigation/include/multi_map_navigation/multi_map_navigation/action
[0.347s] -- Up-to-date: /home/rutika/wormhole_ws/install/multi_map_navigation/include/multi_map_navigation/multi_map_navigation/action/detail
[0.347s] -- Up-to-date: /home/rutika/wormhole_ws/install/multi_map_navigation/include/multi_map_navigation/multi_map_navigation/action/detail/navigate__rosidl_typesupport_fastrtps_c.h
[0.347s] -- Up-to-date: /home/rutika/wormhole_ws/install/multi_map_navigation/include/multi_map_navigation/multi_map_navigation/msg
[0.347s] -- Up-to-date: /home/rutika/wormhole_ws/install/multi_map_navigation/include/multi_map_navigation/multi_map_navigation/msg/rosidl_typesupport_fastrtps_c__visibility_control.h
[0.347s] -- Up-to-date: /home/rutika/wormhole_ws/install/multi_map_navigation/include/multi_map_navigation/multi_map_navigation/srv
[0.347s] -- Up-to-date: /home/rutika/wormhole_ws/install/multi_map_navigation/include/multi_map_navigation/multi_map_navigation/srv/detail
[0.347s] -- Up-to-date: /home/rutika/wormhole_ws/install/multi_map_navigation/include/multi_map_navigation/multi_map_navigation/srv/detail/get_wormhole__rosidl_typesupport_fastrtps_c.h
[0.347s] -- Up-to-date: /home/rutika/wormhole_ws/install/multi_map_navigation/lib/libmulti_map_navigation__rosidl_typesupport_fastrtps_c.so
[0.347s] -- Up-to-date: /home/rutika/wormhole_ws/install/multi_map_navigation/include/multi_map_navigation/multi_map_navigation
[0.348s] -- Up-to-date: /home/rutika/wormhole_ws/install/multi_map_navigation/include/multi_map_navigation/multi_map_navigation/action
[0.348s] -- Up-to-date: /home/rutika/wormhole_ws/install/multi_map_navigation/include/multi_map_navigation/multi_map_navigation/action/detail
[0.348s] -- Up-to-date: /home/rutika/wormhole_ws/install/multi_map_navigation/include/multi_map_navigation/multi_map_navigation/action/detail/navigate__struct.hpp
[0.348s] -- Up-to-date: /home/rutika/wormhole_ws/install/multi_map_navigation/include/multi_map_navigation/multi_map_navigation/action/detail/navigate__type_support.hpp
[0.348s] -- Up-to-date: /home/rutika/wormhole_ws/install/multi_map_navigation/include/multi_map_navigation/multi_map_navigation/action/detail/navigate__builder.hpp
[0.348s] -- Up-to-date: /home/rutika/wormhole_ws/install/multi_map_navigation/include/multi_map_navigation/multi_map_navigation/action/detail/navigate__traits.hpp
[0.348s] -- Up-to-date: /home/rutika/wormhole_ws/install/multi_map_navigation/include/multi_map_navigation/multi_map_navigation/action/navigate.hpp
[0.348s] -- Up-to-date: /home/rutika/wormhole_ws/install/multi_map_navigation/include/multi_map_navigation/multi_map_navigation/msg
[0.348s] -- Up-to-date: /home/rutika/wormhole_ws/install/multi_map_navigation/include/multi_map_navigation/multi_map_navigation/msg/rosidl_generator_cpp__visibility_control.hpp
[0.348s] -- Up-to-date: /home/rutika/wormhole_ws/install/multi_map_navigation/include/multi_map_navigation/multi_map_navigation/srv
[0.348s] -- Up-to-date: /home/rutika/wormhole_ws/install/multi_map_navigation/include/multi_map_navigation/multi_map_navigation/srv/get_wormhole.hpp
[0.348s] -- Up-to-date: /home/rutika/wormhole_ws/install/multi_map_navigation/include/multi_map_navigation/multi_map_navigation/srv/detail
[0.348s] -- Up-to-date: /home/rutika/wormhole_ws/install/multi_map_navigation/include/multi_map_navigation/multi_map_navigation/srv/detail/get_wormhole__builder.hpp
[0.348s] -- Up-to-date: /home/rutika/wormhole_ws/install/multi_map_navigation/include/multi_map_navigation/multi_map_navigation/srv/detail/get_wormhole__struct.hpp
[0.348s] -- Up-to-date: /home/rutika/wormhole_ws/install/multi_map_navigation/include/multi_map_navigation/multi_map_navigation/srv/detail/get_wormhole__type_support.hpp
[0.348s] -- Up-to-date: /home/rutika/wormhole_ws/install/multi_map_navigation/include/multi_map_navigation/multi_map_navigation/srv/detail/get_wormhole__traits.hpp
[0.348s] -- Up-to-date: /home/rutika/wormhole_ws/install/multi_map_navigation/include/multi_map_navigation/multi_map_navigation
[0.348s] -- Up-to-date: /home/rutika/wormhole_ws/install/multi_map_navigation/include/multi_map_navigation/multi_map_navigation/action
[0.348s] -- Up-to-date: /home/rutika/wormhole_ws/install/multi_map_navigation/include/multi_map_navigation/multi_map_navigation/action/detail
[0.348s] -- Up-to-date: /home/rutika/wormhole_ws/install/multi_map_navigation/include/multi_map_navigation/multi_map_navigation/action/detail/dds_fastrtps
[0.348s] -- Up-to-date: /home/rutika/wormhole_ws/install/multi_map_navigation/include/multi_map_navigation/multi_map_navigation/action/detail/navigate__rosidl_typesupport_fastrtps_cpp.hpp
[0.348s] -- Up-to-date: /home/rutika/wormhole_ws/install/multi_map_navigation/include/multi_map_navigation/multi_map_navigation/msg
[0.348s] -- Up-to-date: /home/rutika/wormhole_ws/install/multi_map_navigation/include/multi_map_navigation/multi_map_navigation/msg/rosidl_typesupport_fastrtps_cpp__visibility_control.h
[0.348s] -- Up-to-date: /home/rutika/wormhole_ws/install/multi_map_navigation/include/multi_map_navigation/multi_map_navigation/srv
[0.348s] -- Up-to-date: /home/rutika/wormhole_ws/install/multi_map_navigation/include/multi_map_navigation/multi_map_navigation/srv/detail
[0.348s] -- Up-to-date: /home/rutika/wormhole_ws/install/multi_map_navigation/include/multi_map_navigation/multi_map_navigation/srv/detail/dds_fastrtps
[0.348s] -- Up-to-date: /home/rutika/wormhole_ws/install/multi_map_navigation/include/multi_map_navigation/multi_map_navigation/srv/detail/get_wormhole__rosidl_typesupport_fastrtps_cpp.hpp
[0.348s] -- Up-to-date: /home/rutika/wormhole_ws/install/multi_map_navigation/lib/libmulti_map_navigation__rosidl_typesupport_fastrtps_cpp.so
[0.348s] -- Up-to-date: /home/rutika/wormhole_ws/install/multi_map_navigation/include/multi_map_navigation/multi_map_navigation
[0.348s] -- Up-to-date: /home/rutika/wormhole_ws/install/multi_map_navigation/include/multi_map_navigation/multi_map_navigation/action
[0.348s] -- Up-to-date: /home/rutika/wormhole_ws/install/multi_map_navigation/include/multi_map_navigation/multi_map_navigation/action/detail
[0.349s] -- Up-to-date: /home/rutika/wormhole_ws/install/multi_map_navigation/include/multi_map_navigation/multi_map_navigation/action/detail/navigate__type_support.c
[0.349s] -- Up-to-date: /home/rutika/wormhole_ws/install/multi_map_navigation/include/multi_map_navigation/multi_map_navigation/action/detail/navigate__rosidl_typesupport_introspection_c.h
[0.349s] -- Up-to-date: /home/rutika/wormhole_ws/install/multi_map_navigation/include/multi_map_navigation/multi_map_navigation/msg
[0.349s] -- Up-to-date: /home/rutika/wormhole_ws/install/multi_map_navigation/include/multi_map_navigation/multi_map_navigation/msg/rosidl_typesupport_introspection_c__visibility_control.h
[0.349s] -- Up-to-date: /home/rutika/wormhole_ws/install/multi_map_navigation/include/multi_map_navigation/multi_map_navigation/srv
[0.349s] -- Up-to-date: /home/rutika/wormhole_ws/install/multi_map_navigation/include/multi_map_navigation/multi_map_navigation/srv/detail
[0.349s] -- Up-to-date: /home/rutika/wormhole_ws/install/multi_map_navigation/include/multi_map_navigation/multi_map_navigation/srv/detail/get_wormhole__type_support.c
[0.349s] -- Up-to-date: /home/rutika/wormhole_ws/install/multi_map_navigation/include/multi_map_navigation/multi_map_navigation/srv/detail/get_wormhole__rosidl_typesupport_introspection_c.h
[0.349s] -- Up-to-date: /home/rutika/wormhole_ws/install/multi_map_navigation/lib/libmulti_map_navigation__rosidl_typesupport_introspection_c.so
[0.349s] -- Up-to-date: /home/rutika/wormhole_ws/install/multi_map_navigation/lib/libmulti_map_navigation__rosidl_typesupport_c.so
[0.349s] -- Up-to-date: /home/rutika/wormhole_ws/install/multi_map_navigation/include/multi_map_navigation/multi_map_navigation
[0.349s] -- Up-to-date: /home/rutika/wormhole_ws/install/multi_map_navigation/include/multi_map_navigation/multi_map_navigation/action
[0.349s] -- Up-to-date: /home/rutika/wormhole_ws/install/multi_map_navigation/include/multi_map_navigation/multi_map_navigation/action/detail
[0.349s] -- Up-to-date: /home/rutika/wormhole_ws/install/multi_map_navigation/include/multi_map_navigation/multi_map_navigation/action/detail/navigate__rosidl_typesupport_introspection_cpp.hpp
[0.349s] -- Up-to-date: /home/rutika/wormhole_ws/install/multi_map_navigation/include/multi_map_navigation/multi_map_navigation/action/detail/navigate__type_support.cpp
[0.349s] -- Up-to-date: /home/rutika/wormhole_ws/install/multi_map_navigation/include/multi_map_navigation/multi_map_navigation/srv
[0.349s] -- Up-to-date: /home/rutika/wormhole_ws/install/multi_map_navigation/include/multi_map_navigation/multi_map_navigation/srv/detail
[0.349s] -- Up-to-date: /home/rutika/wormhole_ws/install/multi_map_navigation/include/multi_map_navigation/multi_map_navigation/srv/detail/get_wormhole__type_support.cpp
[0.349s] -- Up-to-date: /home/rutika/wormhole_ws/install/multi_map_navigation/include/multi_map_navigation/multi_map_navigation/srv/detail/get_wormhole__rosidl_typesupport_introspection_cpp.hpp
[0.349s] -- Up-to-date: /home/rutika/wormhole_ws/install/multi_map_navigation/lib/libmulti_map_navigation__rosidl_typesupport_introspection_cpp.so
[0.349s] -- Up-to-date: /home/rutika/wormhole_ws/install/multi_map_navigation/lib/libmulti_map_navigation__rosidl_typesupport_cpp.so
[0.349s] -- Up-to-date: /home/rutika/wormhole_ws/install/multi_map_navigation/share/multi_map_navigation/environment/pythonpath.sh
[0.349s] -- Up-to-date: /home/rutika/wormhole_ws/install/multi_map_navigation/share/multi_map_navigation/environment/pythonpath.dsv
[0.349s] -- Up-to-date: /home/rutika/wormhole_ws/install/multi_map_navigation/local/lib/python3.10/dist-packages/multi_map_navigation-0.0.0-py3.10.egg-info
[0.349s] -- Installing: /home/rutika/wormhole_ws/install/multi_map_navigation/local/lib/python3.10/dist-packages/multi_map_navigation-0.0.0-py3.10.egg-info/dependency_links.txt
[0.349s] -- Installing: /home/rutika/wormhole_ws/install/multi_map_navigation/local/lib/python3.10/dist-packages/multi_map_navigation-0.0.0-py3.10.egg-info/SOURCES.txt
[0.349s] -- Installing: /home/rutika/wormhole_ws/install/multi_map_navigation/local/lib/python3.10/dist-packages/multi_map_navigation-0.0.0-py3.10.egg-info/PKG-INFO
[0.349s] -- Installing: /home/rutika/wormhole_ws/install/multi_map_navigation/local/lib/python3.10/dist-packages/multi_map_navigation-0.0.0-py3.10.egg-info/top_level.txt
[0.349s] -- Up-to-date: /home/rutika/wormhole_ws/install/multi_map_navigation/local/lib/python3.10/dist-packages/multi_map_navigation
[0.350s] -- Up-to-date: /home/rutika/wormhole_ws/install/multi_map_navigation/local/lib/python3.10/dist-packages/multi_map_navigation/multi_map_navigation_s__rosidl_typesupport_introspection_c.cpython-310-x86_64-linux-gnu.so
[0.350s] -- Up-to-date: /home/rutika/wormhole_ws/install/multi_map_navigation/local/lib/python3.10/dist-packages/multi_map_navigation/action
[0.350s] -- Up-to-date: /home/rutika/wormhole_ws/install/multi_map_navigation/local/lib/python3.10/dist-packages/multi_map_navigation/action/_navigate.py
[0.350s] -- Up-to-date: /home/rutika/wormhole_ws/install/multi_map_navigation/local/lib/python3.10/dist-packages/multi_map_navigation/action/_navigate_s.c
[0.350s] -- Up-to-date: /home/rutika/wormhole_ws/install/multi_map_navigation/local/lib/python3.10/dist-packages/multi_map_navigation/action/__init__.py
[0.350s] -- Up-to-date: /home/rutika/wormhole_ws/install/multi_map_navigation/local/lib/python3.10/dist-packages/multi_map_navigation/_multi_map_navigation_s.ep.rosidl_typesupport_introspection_c.c
[0.350s] -- Up-to-date: /home/rutika/wormhole_ws/install/multi_map_navigation/local/lib/python3.10/dist-packages/multi_map_navigation/_multi_map_navigation_s.ep.rosidl_typesupport_c.c
[0.350s] -- Up-to-date: /home/rutika/wormhole_ws/install/multi_map_navigation/local/lib/python3.10/dist-packages/multi_map_navigation/srv
[0.350s] -- Up-to-date: /home/rutika/wormhole_ws/install/multi_map_navigation/local/lib/python3.10/dist-packages/multi_map_navigation/srv/_get_wormhole.py
[0.350s] -- Up-to-date: /home/rutika/wormhole_ws/install/multi_map_navigation/local/lib/python3.10/dist-packages/multi_map_navigation/srv/__init__.py
[0.350s] -- Up-to-date: /home/rutika/wormhole_ws/install/multi_map_navigation/local/lib/python3.10/dist-packages/multi_map_navigation/srv/_get_wormhole_s.c
[0.350s] -- Up-to-date: /home/rutika/wormhole_ws/install/multi_map_navigation/local/lib/python3.10/dist-packages/multi_map_navigation/libmulti_map_navigation__rosidl_generator_py.so
[0.350s] -- Up-to-date: /home/rutika/wormhole_ws/install/multi_map_navigation/local/lib/python3.10/dist-packages/multi_map_navigation/multi_map_navigation_s__rosidl_typesupport_fastrtps_c.cpython-310-x86_64-linux-gnu.so
[0.350s] -- Up-to-date: /home/rutika/wormhole_ws/install/multi_map_navigation/local/lib/python3.10/dist-packages/multi_map_navigation/multi_map_navigation_s__rosidl_typesupport_c.cpython-310-x86_64-linux-gnu.so
[0.350s] -- Up-to-date: /home/rutika/wormhole_ws/install/multi_map_navigation/local/lib/python3.10/dist-packages/multi_map_navigation/__init__.py
[0.350s] -- Up-to-date: /home/rutika/wormhole_ws/install/multi_map_navigation/local/lib/python3.10/dist-packages/multi_map_navigation/_multi_map_navigation_s.ep.rosidl_typesupport_fastrtps_c.c
[0.377s] Listing '/home/rutika/wormhole_ws/install/multi_map_navigation/local/lib/python3.10/dist-packages/multi_map_navigation'...
[0.377s] Listing '/home/rutika/wormhole_ws/install/multi_map_navigation/local/lib/python3.10/dist-packages/multi_map_navigation/action'...
[0.377s] Listing '/home/rutika/wormhole_ws/install/multi_map_navigation/local/lib/python3.10/dist-packages/multi_map_navigation/srv'...
[0.380s] -- Up-to-date: /home/rutika/wormhole_ws/install/multi_map_navigation/local/lib/python3.10/dist-packages/multi_map_navigation/multi_map_navigation_s__rosidl_typesupport_fastrtps_c.cpython-310-x86_64-linux-gnu.so
[0.380s] -- Up-to-date: /home/rutika/wormhole_ws/install/multi_map_navigation/local/lib/python3.10/dist-packages/multi_map_navigation/multi_map_navigation_s__rosidl_typesupport_introspection_c.cpython-310-x86_64-linux-gnu.so
[0.380s] -- Up-to-date: /home/rutika/wormhole_ws/install/multi_map_navigation/local/lib/python3.10/dist-packages/multi_map_navigation/multi_map_navigation_s__rosidl_typesupport_c.cpython-310-x86_64-linux-gnu.so
[0.380s] -- Up-to-date: /home/rutika/wormhole_ws/install/multi_map_navigation/lib/libmulti_map_navigation__rosidl_generator_py.so
[0.381s] -- Up-to-date: /home/rutika/wormhole_ws/install/multi_map_navigation/share/multi_map_navigation/srv/GetWormhole.idl
[0.381s] -- Up-to-date: /home/rutika/wormhole_ws/install/multi_map_navigation/share/multi_map_navigation/action/Navigate.idl
[0.381s] -- Up-to-date: /home/rutika/wormhole_ws/install/multi_map_navigation/share/multi_map_navigation/srv/GetWormhole.srv
[0.381s] -- Up-to-date: /home/rutika/wormhole_ws/install/multi_map_navigation/share/multi_map_navigation/srv/GetWormhole_Request.msg
[0.381s] -- Up-to-date: /home/rutika/wormhole_ws/install/multi_map_navigation/share/multi_map_navigation/srv/GetWormhole_Response.msg
[0.382s] -- Up-to-date: /home/rutika/wormhole_ws/install/multi_map_navigation/share/multi_map_navigation/action/Navigate.action
[0.382s] -- Up-to-date: /home/rutika/wormhole_ws/install/multi_map_navigation/lib/multi_map_navigation/wormhole_db_node
[0.382s] -- Up-to-date: /home/rutika/wormhole_ws/install/multi_map_navigation/lib/multi_map_navigation/multi_map_navigator
[0.382s] -- Up-to-date: /home/rutika/wormhole_ws/install/multi_map_navigation/share/ament_index/resource_index/package_run_dependencies/multi_map_navigation
[0.383s] -- Up-to-date: /home/rutika/wormhole_ws/install/multi_map_navigation/share/ament_index/resource_index/parent_prefix_path/multi_map_navigation
[0.383s] -- Up-to-date: /home/rutika/wormhole_ws/install/multi_map_navigation/share/multi_map_navigation/environment/ament_prefix_path.sh
[0.383s] -- Up-to-date: /home/rutika/wormhole_ws/install/multi_map_navigation/share/multi_map_navigation/environment/ament_prefix_path.dsv
[0.383s] -- Up-to-date: /home/rutika/wormhole_ws/install/multi_map_navigation/share/multi_map_navigation/environment/path.sh
[0.383s] -- Up-to-date: /home/rutika/wormhole_ws/install/multi_map_navigation/share/multi_map_navigation/environment/path.dsv
[0.383s] -- Up-to-date: /home/rutika/wormhole_ws/install/multi_map_navigation/share/multi_map_navigation/local_setup.bash
[0.384s] -- Up-to-date: /home/rutika/wormhole_ws/install/multi_map_navigation/share/multi_map_navigation/local_setup.sh
[0.384s] -- Up-to-date: /home/rutika/wormhole_ws/install/multi_map_navigation/share/multi_map_navigation/local_setup.zsh
[0.384s] -- Up-to-date: /home/rutika/wormhole_ws/install/multi_map_navigation/share/multi_map_navigation/local_setup.dsv
[0.384s] -- Installing: /home/rutika/wormhole_ws/install/multi_map_navigation/share/multi_map_navigation/package.dsv
[0.385s] -- Up-to-date: /home/rutika/wormhole_ws/install/multi_map_navigation/share/ament_index/resource_index/packages/multi_map_navigation
[0.385s] -- Up-to-date: /home/rutika/wormhole_ws/install/multi_map_navigation/share/multi_map_navigation/cmake/export_multi_map_navigation__rosidl_generator_cExport.cmake
[0.385s] -- Up-to-date: /home/rutika/wormhole_ws/install/multi_map_navigation/share/multi_map_navigation/cmake/export_multi_map_navigation__rosidl_generator_cExport-noconfig.cmake
[0.385s] -- Up-to-date: /home/rutika/wormhole_ws/install/multi_map_navigation/share/multi_map_navigation/cmake/export_multi_map_navigation__rosidl_typesupport_fastrtps_cExport.cmake
[0.385s] -- Up-to-date: /home/rutika/wormhole_ws/install/multi_map_navigation/share/multi_map_navigation/cmake/export_multi_map_navigation__rosidl_typesupport_fastrtps_cExport-noconfig.cmake
[0.385s] -- Up-to-date: /home/rutika/wormhole_ws/install/multi_map_navigation/share/multi_map_navigation/cmake/export_multi_map_navigation__rosidl_generator_cppExport.cmake
[0.385s] -- Up-to-date: /home/rutika/wormhole_ws/install/multi_map_navigation/share/multi_map_navigation/cmake/export_multi_map_navigation__rosidl_typesupport_fastrtps_cppExport.cmake
[0.385s] -- Up-to-date: /home/rutika/wormhole_ws/install/multi_map_navigation/share/multi_map_navigation/cmake/export_multi_map_navigation__rosidl_typesupport_fastrtps_cppExport-noconfig.cmake
[0.385s] -- Up-to-date: /home/rutika/wormhole_ws/install/multi_map_navigation/share/multi_map_navigation/cmake/multi_map_navigation__rosidl_typesupport_introspection_cExport.cmake
[0.385s] -- Up-to-date: /home/rutika/wormhole_ws/install/multi_map_navigation/share/multi_map_navigation/cmake/multi_map_navigation__rosidl_typesupport_introspection_cExport-noconfig.cmake
[0.385s] -- Up-to-date: /home/rutika/wormhole_ws/install/multi_map_navigation/share/multi_map_navigation/cmake/multi_map_navigation__rosidl_typesupport_cExport.cmake
[0.385s] -- Up-to-date: /home/rutika/wormhole_ws/install/multi_map_navigation/share/multi_map_navigation/cmake/multi_map_navigation__rosidl_typesupport_cExport-noconfig.cmake
[0.386s] -- Up-to-date: /home/rutika/wormhole_ws/install/multi_map_navigation/share/multi_map_navigation/cmake/multi_map_navigation__rosidl_typesupport_introspection_cppExport.cmake
[0.386s] -- Up-to-date: /home/rutika/wormhole_ws/install/multi_map_navigation/share/multi_map_navigation/cmake/multi_map_navigation__rosidl_typesupport_introspection_cppExport-noconfig.cmake
[0.386s] -- Up-to-date: /home/rutika/wormhole_ws/install/multi_map_navigation/share/multi_map_navigation/cmake/multi_map_navigation__rosidl_typesupport_cppExport.cmake
[0.387s] -- Up-to-date: /home/rutika/wormhole_ws/install/multi_map_navigation/share/multi_map_navigation/cmake/multi_map_navigation__rosidl_typesupport_cppExport-noconfig.cmake
[0.387s] -- Up-to-date: /home/rutika/wormhole_ws/install/multi_map_navigation/share/multi_map_navigation/cmake/export_multi_map_navigation__rosidl_generator_pyExport.cmake
[0.387s] -- Up-to-date: /home/rutika/wormhole_ws/install/multi_map_navigation/share/multi_map_navigation/cmake/export_multi_map_navigation__rosidl_generator_pyExport-noconfig.cmake
[0.388s] -- Up-to-date: /home/rutika/wormhole_ws/install/multi_map_navigation/share/multi_map_navigation/cmake/rosidl_cmake-extras.cmake
[0.388s] -- Up-to-date: /home/rutika/wormhole_ws/install/multi_map_navigation/share/multi_map_navigation/cmake/ament_cmake_export_dependencies-extras.cmake
[0.388s] -- Up-to-date: /home/rutika/wormhole_ws/install/multi_map_navigation/share/multi_map_navigation/cmake/ament_cmake_export_include_directories-extras.cmake
[0.389s] -- Up-to-date: /home/rutika/wormhole_ws/install/multi_map_navigation/share/multi_map_navigation/cmake/ament_cmake_export_libraries-extras.cmake
[0.389s] -- Up-to-date: /home/rutika/wormhole_ws/install/multi_map_navigation/share/multi_map_navigation/cmake/ament_cmake_export_targets-extras.cmake
[0.389s] -- Up-to-date: /home/rutika/wormhole_ws/install/multi_map_navigation/share/multi_map_navigation/cmake/rosidl_cmake_export_typesupport_targets-extras.cmake
[0.390s] -- Up-to-date: /home/rutika/wormhole_ws/install/multi_map_navigation/share/multi_map_navigation/cmake/rosidl_cmake_export_typesupport_libraries-extras.cmake
[0.390s] -- Up-to-date: /home/rutika/wormhole_ws/install/multi_map_navigation/share/multi_map_navigation/cmake/multi_map_navigationConfig.cmake
[0.390s] -- Up-to-date: /home/rutika/wormhole_ws/install/multi_map_navigation/share/multi_map_navigation/cmake/multi_map_navigationConfig-version.cmake
[0.390s] -- Up-to-date: /home/rutika/wormhole_ws/install/multi_map_navigation/share/multi_map_navigation/package.xml
[0.392s] Invoked command in '/home/rutika/wormhole_ws/build/multi_map_navigation' returned '0': CMAKE_PREFIX_PATH=${CMAKE_PREFIX_PATH}:/home/rutika/rr_ws/install/pick:/home/rutika/adv_ws/install/my_actions_py:/home/rutika/develop_ws/install/my_pub:/home/rutika/rutika_practice_ws/install/practice_pub:/home/rutika/level3_ws/install/actions_py:/home/rutika/practice_ws/install/practice_pkg:/home/rutika/activity_two_ws/install/activity_two_pkg:/home/rutika/ros2_rev_ws/install/my_py_pkg:/home/rutika/rutika_ros_ws/install/rutika_pkg:/home/rutika/ros2_ws/install/my_robot_controller:/home/rutika/course1_ws/install/my_py_pkg:/opt/ros/humble /usr/bin/cmake --install /home/rutika/wormhole_ws/build/multi_map_navigation
