-- The C compiler identification is GNU 11.4.0
-- The CXX compiler identification is GNU 11.4.0
-- Detecting C compiler ABI info
-- Detecting C compiler ABI info - done
-- Check for working C compiler: /usr/bin/cc - skipped
-- Detecting C compile features
-- Detecting C compile features - done
-- Detecting CXX compiler ABI info
-- Detecting CXX compiler ABI info - done
-- Check for working CXX compiler: /usr/bin/c++ - skipped
-- Detecting CXX compile features
-- Detecting CXX compile features - done
-- Found ament_cmake: 1.3.11 (/opt/ros/humble/share/ament_cmake/cmake)
-- Found Python3: /usr/bin/python3 (found version "3.10.12") found components: Interpreter 
-- Found rclcpp: 16.0.11 (/opt/ros/humble/share/rclcpp/cmake)
-- Found rosidl_generator_c: 3.1.6 (/opt/ros/humble/share/rosidl_generator_c/cmake)
-- Found rosidl_adapter: 3.1.6 (/opt/ros/humble/share/rosidl_adapter/cmake)
-- Found rosidl_generator_cpp: 3.1.6 (/opt/ros/humble/share/rosidl_generator_cpp/cmake)
-- Using all available rosidl_typesupport_c: rosidl_typesupport_fastrtps_c;rosidl_typesupport_introspection_c
-- Using all available rosidl_typesupport_cpp: rosidl_typesupport_fastrtps_cpp;rosidl_typesupport_introspection_cpp
-- Found rmw_implementation_cmake: 6.1.2 (/opt/ros/humble/share/rmw_implementation_cmake/cmake)
-- Found rmw_cyclonedds_cpp: 1.3.4 (/opt/ros/humble/share/rmw_cyclonedds_cpp/cmake)
-- Using RMW implementation 'rmw_cyclonedds_cpp' as default
-- Looking for pthread.h
-- Looking for pthread.h - found
-- Performing Test CMAKE_HAVE_LIBC_PTHREAD
-- Performing Test CMAKE_HAVE_LIBC_PTHREAD - Success
-- Found Threads: TRUE  
-- Found rclcpp_action: 16.0.11 (/opt/ros/humble/share/rclcpp_action/cmake)
-- Found nav_msgs: 4.2.4 (/opt/ros/humble/share/nav_msgs/cmake)
-- Found rosidl_default_generators: 1.2.0 (/opt/ros/humble/share/rosidl_default_generators/cmake)
-- Found PkgConfig: /usr/bin/pkg-config (found version "0.29.2") 
-- Checking for module 'sqlite3'
--   Found sqlite3, version 3.37.2
-- Found ament_cmake_ros: 0.10.0 (/opt/ros/humble/share/ament_cmake_ros/cmake)
-- Using all available rosidl_typesupport_c: rosidl_typesupport_fastrtps_c;rosidl_typesupport_introspection_c
-- Using all available rosidl_typesupport_cpp: rosidl_typesupport_fastrtps_cpp;rosidl_typesupport_introspection_cpp
-- Found PythonInterp: /usr/bin/python3 (found suitable version "3.10.12", minimum required is "3.6") 
-- Found python_cmake_module: 0.10.0 (/opt/ros/humble/share/python_cmake_module/cmake)
-- Found PythonLibs: /usr/lib/x86_64-linux-gnu/libpython3.10.so (found suitable version "3.10.12", minimum required is "3.5") 
-- Using PYTHON_EXECUTABLE: /usr/bin/python3
-- Using PYTHON_INCLUDE_DIRS: /usr/include/python3.10
-- Using PYTHON_LIBRARIES: /usr/lib/x86_64-linux-gnu/libpython3.10.so
-- Found PythonExtra: .so  
-- Found ament_lint_auto: 0.12.11 (/opt/ros/humble/share/ament_lint_auto/cmake)
-- Added test 'copyright' to check source files copyright and LICENSE
-- Added test 'cppcheck' to perform static code analysis on C / C++ code
-- Configured cppcheck include dirs: 
-- Configured cppcheck exclude dirs and/or files: 
-- Added test 'cpplint' to check C / C++ code against the Google style
-- Configured cpplint exclude dirs and/or files: 
-- Added test 'lint_cmake' to check CMake code style
-- Added test 'uncrustify' to check C / C++ code style
-- Configured uncrustify additional arguments: 
-- Added test 'xmllint' to check XML markup files
-- Configuring done
-- Generating done
-- Build files have been written to: /home/rutika/wormhole_ws/build/multi_map_navigation
[  2%] [34m[1mGenerating C code for ROS interfaces[0m
[  4%] [34m[1mGenerating C++ code for ROS interfaces[0m
[  4%] Built target ament_cmake_python_copy_multi_map_navigation
running egg_info
creating multi_map_navigation.egg-info
writing multi_map_navigation.egg-info/PKG-INFO
writing dependency_links to multi_map_navigation.egg-info/dependency_links.txt
writing top-level names to multi_map_navigation.egg-info/top_level.txt
writing manifest file 'multi_map_navigation.egg-info/SOURCES.txt'
reading manifest file 'multi_map_navigation.egg-info/SOURCES.txt'
writing manifest file 'multi_map_navigation.egg-info/SOURCES.txt'
[  4%] Built target ament_cmake_python_build_multi_map_navigation_egg
[  9%] [32mBuilding C object CMakeFiles/multi_map_navigation__rosidl_generator_c.dir/rosidl_generator_c/multi_map_navigation/action/detail/navigate__functions.c.o[0m
[  9%] [32mBuilding C object CMakeFiles/multi_map_navigation__rosidl_generator_c.dir/rosidl_generator_c/multi_map_navigation/srv/detail/get_wormhole__functions.c.o[0m
[  9%] Built target multi_map_navigation__cpp
[ 13%] [34m[1mGenerating C++ introspection for ROS interfaces[0m
[ 13%] [34m[1mGenerating C++ type support dispatch for ROS interfaces[0m
[ 16%] [34m[1mGenerating C++ type support for eProsima Fast-RTPS[0m
[ 18%] [32m[1mLinking C shared library libmulti_map_navigation__rosidl_generator_c.so[0m
[ 18%] Built target multi_map_navigation__rosidl_generator_c
[ 20%] [34m[1mGenerating C type support for eProsima Fast-RTPS[0m
[ 23%] [34m[1mGenerating C type support dispatch for ROS interfaces[0m
[ 25%] [34m[1mGenerating C introspection for ROS interfaces[0m
[ 27%] [32mBuilding CXX object CMakeFiles/multi_map_navigation__rosidl_typesupport_cpp.dir/rosidl_typesupport_cpp/multi_map_navigation/action/navigate__type_support.cpp.o[0m
[ 30%] [32mBuilding CXX object CMakeFiles/multi_map_navigation__rosidl_typesupport_cpp.dir/rosidl_typesupport_cpp/multi_map_navigation/srv/get_wormhole__type_support.cpp.o[0m
[ 34%] [32mBuilding CXX object CMakeFiles/multi_map_navigation__rosidl_typesupport_introspection_cpp.dir/rosidl_typesupport_introspection_cpp/multi_map_navigation/action/detail/navigate__type_support.cpp.o[0m
[ 34%] [32mBuilding CXX object CMakeFiles/multi_map_navigation__rosidl_typesupport_introspection_cpp.dir/rosidl_typesupport_introspection_cpp/multi_map_navigation/srv/detail/get_wormhole__type_support.cpp.o[0m
[ 37%] [32mBuilding CXX object CMakeFiles/multi_map_navigation__rosidl_typesupport_fastrtps_cpp.dir/rosidl_typesupport_fastrtps_cpp/multi_map_navigation/srv/detail/dds_fastrtps/get_wormhole__type_support.cpp.o[0m
[ 39%] [32mBuilding CXX object CMakeFiles/multi_map_navigation__rosidl_typesupport_c.dir/rosidl_typesupport_c/multi_map_navigation/srv/get_wormhole__type_support.cpp.o[0m
[ 41%] [32mBuilding CXX object CMakeFiles/multi_map_navigation__rosidl_typesupport_c.dir/rosidl_typesupport_c/multi_map_navigation/action/navigate__type_support.cpp.o[0m
[ 44%] [32m[1mLinking CXX shared library libmulti_map_navigation__rosidl_typesupport_c.so[0m
[ 46%] [32mBuilding CXX object CMakeFiles/multi_map_navigation__rosidl_typesupport_fastrtps_cpp.dir/rosidl_typesupport_fastrtps_cpp/multi_map_navigation/action/detail/dds_fastrtps/navigate__type_support.cpp.o[0m
[ 48%] [32mBuilding CXX object CMakeFiles/multi_map_navigation__rosidl_typesupport_fastrtps_c.dir/rosidl_typesupport_fastrtps_c/multi_map_navigation/srv/detail/get_wormhole__type_support_c.cpp.o[0m
[ 48%] Built target multi_map_navigation__rosidl_typesupport_c
[ 51%] [32mBuilding C object CMakeFiles/multi_map_navigation__rosidl_typesupport_introspection_c.dir/rosidl_typesupport_introspection_c/multi_map_navigation/srv/detail/get_wormhole__type_support.c.o[0m
[ 53%] [32mBuilding CXX object CMakeFiles/multi_map_navigation__rosidl_typesupport_fastrtps_c.dir/rosidl_typesupport_fastrtps_c/multi_map_navigation/action/detail/navigate__type_support_c.cpp.o[0m
[ 55%] [32mBuilding C object CMakeFiles/multi_map_navigation__rosidl_typesupport_introspection_c.dir/rosidl_typesupport_introspection_c/multi_map_navigation/action/detail/navigate__type_support.c.o[0m
[ 58%] [32m[1mLinking C shared library libmulti_map_navigation__rosidl_typesupport_introspection_c.so[0m
[ 58%] Built target multi_map_navigation__rosidl_typesupport_introspection_c
[ 60%] [32m[1mLinking CXX shared library libmulti_map_navigation__rosidl_typesupport_cpp.so[0m
[ 60%] Built target multi_map_navigation__rosidl_typesupport_cpp
[ 62%] [32mBuilding CXX object CMakeFiles/wormhole_db_node.dir/src/wormhole_db.cpp.o[0m
[ 65%] [32mBuilding CXX object CMakeFiles/multi_map_navigator.dir/src/navigate_action_server.cpp.o[0m
[ 67%] [32m[1mLinking CXX shared library libmulti_map_navigation__rosidl_typesupport_fastrtps_c.so[0m
[ 69%] [32m[1mLinking CXX shared library libmulti_map_navigation__rosidl_typesupport_introspection_cpp.so[0m
[ 69%] Built target multi_map_navigation__rosidl_typesupport_introspection_cpp
[ 69%] Built target multi_map_navigation__rosidl_typesupport_fastrtps_c
[ 72%] [32m[1mLinking CXX shared library libmulti_map_navigation__rosidl_typesupport_fastrtps_cpp.so[0m
[ 72%] Built target multi_map_navigation__rosidl_typesupport_fastrtps_cpp
[ 72%] Built target multi_map_navigation
[ 74%] [34m[1mGenerating Python code for ROS interfaces[0m
[ 74%] Built target multi_map_navigation__py
[ 76%] [32mBuilding C object CMakeFiles/multi_map_navigation__rosidl_generator_py.dir/rosidl_generator_py/multi_map_navigation/srv/_get_wormhole_s.c.o[0m
[ 79%] [32mBuilding C object CMakeFiles/multi_map_navigation__rosidl_generator_py.dir/rosidl_generator_py/multi_map_navigation/action/_navigate_s.c.o[0m
[ 81%] [32m[1mLinking C shared library rosidl_generator_py/multi_map_navigation/libmulti_map_navigation__rosidl_generator_py.so[0m
[ 81%] Built target multi_map_navigation__rosidl_generator_py
[ 83%] [32mBuilding C object CMakeFiles/multi_map_navigation__rosidl_typesupport_fastrtps_c__pyext.dir/rosidl_generator_py/multi_map_navigation/_multi_map_navigation_s.ep.rosidl_typesupport_fastrtps_c.c.o[0m
[ 86%] [32mBuilding C object CMakeFiles/multi_map_navigation__rosidl_typesupport_c__pyext.dir/rosidl_generator_py/multi_map_navigation/_multi_map_navigation_s.ep.rosidl_typesupport_c.c.o[0m
[ 88%] [32mBuilding C object CMakeFiles/multi_map_navigation__rosidl_typesupport_introspection_c__pyext.dir/rosidl_generator_py/multi_map_navigation/_multi_map_navigation_s.ep.rosidl_typesupport_introspection_c.c.o[0m
[ 90%] [32m[1mLinking C shared library rosidl_generator_py/multi_map_navigation/multi_map_navigation_s__rosidl_typesupport_c.cpython-310-x86_64-linux-gnu.so[0m
[ 93%] [32m[1mLinking C shared library rosidl_generator_py/multi_map_navigation/multi_map_navigation_s__rosidl_typesupport_fastrtps_c.cpython-310-x86_64-linux-gnu.so[0m
[ 95%] [32m[1mLinking C shared library rosidl_generator_py/multi_map_navigation/multi_map_navigation_s__rosidl_typesupport_introspection_c.cpython-310-x86_64-linux-gnu.so[0m
[ 95%] Built target multi_map_navigation__rosidl_typesupport_fastrtps_c__pyext
[ 95%] Built target multi_map_navigation__rosidl_typesupport_c__pyext
[ 95%] Built target multi_map_navigation__rosidl_typesupport_introspection_c__pyext
[01m[K/home/rutika/wormhole_ws/src/multi_map_navigation/src/navigate_action_server.cpp:[m[K In member function ‘[01m[Krclcpp_action::GoalResponse MultiMapNavigator::handle_goal(const GoalUUID&, std::shared_ptr<const multi_map_navigation::action::Navigate_Goal_<std::allocator<void> > >)[m[K’:
[01m[K/home/rutika/wormhole_ws/src/multi_map_navigation/src/navigate_action_server.cpp:37:40:[m[K [01;35m[Kwarning: [m[Kunused parameter ‘[01m[Kuuid[m[K’ [[01;35m[K]8;;https://gcc.gnu.org/onlinedocs/gcc/Warning-Options.html#index-Wunused-parameter-Wunused-parameter]8;;[m[K]
   37 |         [01;35m[Kconst rclcpp_action::GoalUUID &uuid[m[K,
      |         [01;35m[K~~~~~~~~~~~~~~~~~~~~~~~~~~~~~~~^~~~[m[K
[01m[K/home/rutika/wormhole_ws/src/multi_map_navigation/src/navigate_action_server.cpp:[m[K In member function ‘[01m[Krclcpp_action::CancelResponse MultiMapNavigator::handle_cancel(std::shared_ptr<rclcpp_action::ServerGoalHandle<multi_map_navigation::action::Navigate> >)[m[K’:
[01m[K/home/rutika/wormhole_ws/src/multi_map_navigation/src/navigate_action_server.cpp:45:51:[m[K [01;35m[Kwarning: [m[Kunused parameter ‘[01m[Kgoal_handle[m[K’ [[01;35m[K]8;;https://gcc.gnu.org/onlinedocs/gcc/Warning-Options.html#index-Wunused-parameter-Wunused-parameter]8;;[m[K]
   45 |         [01;35m[Kconst std::shared_ptr<GoalHandleNavigate> goal_handle[m[K)
      |         [01;35m[K~~~~~~~~~~~~~~~~~~~~~~~~~~~~~~~~~~~~~~~~~~^~~~~~~~~~~[m[K
[ 97%] [32m[1mLinking CXX executable wormhole_db_node[0m
[ 97%] Built target wormhole_db_node
[100%] [32m[1mLinking CXX executable multi_map_navigator[0m
[100%] Built target multi_map_navigator
-- Install configuration: ""
-- Installing: /home/rutika/wormhole_ws/install/multi_map_navigation/share/ament_index/resource_index/rosidl_interfaces/multi_map_navigation
-- Installing: /home/rutika/wormhole_ws/install/multi_map_navigation/include/multi_map_navigation/multi_map_navigation
-- Installing: /home/rutika/wormhole_ws/install/multi_map_navigation/include/multi_map_navigation/multi_map_navigation/action
-- Installing: /home/rutika/wormhole_ws/install/multi_map_navigation/include/multi_map_navigation/multi_map_navigation/action/navigate.h
-- Installing: /home/rutika/wormhole_ws/install/multi_map_navigation/include/multi_map_navigation/multi_map_navigation/action/detail
-- Installing: /home/rutika/wormhole_ws/install/multi_map_navigation/include/multi_map_navigation/multi_map_navigation/action/detail/navigate__type_support.h
-- Installing: /home/rutika/wormhole_ws/install/multi_map_navigation/include/multi_map_navigation/multi_map_navigation/action/detail/navigate__struct.h
-- Installing: /home/rutika/wormhole_ws/install/multi_map_navigation/include/multi_map_navigation/multi_map_navigation/action/detail/navigate__functions.h
-- Installing: /home/rutika/wormhole_ws/install/multi_map_navigation/include/multi_map_navigation/multi_map_navigation/action/detail/navigate__functions.c
-- Installing: /home/rutika/wormhole_ws/install/multi_map_navigation/include/multi_map_navigation/multi_map_navigation/msg
-- Installing: /home/rutika/wormhole_ws/install/multi_map_navigation/include/multi_map_navigation/multi_map_navigation/msg/rosidl_generator_c__visibility_control.h
-- Installing: /home/rutika/wormhole_ws/install/multi_map_navigation/include/multi_map_navigation/multi_map_navigation/srv
-- Installing: /home/rutika/wormhole_ws/install/multi_map_navigation/include/multi_map_navigation/multi_map_navigation/srv/get_wormhole.h
-- Installing: /home/rutika/wormhole_ws/install/multi_map_navigation/include/multi_map_navigation/multi_map_navigation/srv/detail
-- Installing: /home/rutika/wormhole_ws/install/multi_map_navigation/include/multi_map_navigation/multi_map_navigation/srv/detail/get_wormhole__functions.c
-- Installing: /home/rutika/wormhole_ws/install/multi_map_navigation/include/multi_map_navigation/multi_map_navigation/srv/detail/get_wormhole__type_support.h
-- Installing: /home/rutika/wormhole_ws/install/multi_map_navigation/include/multi_map_navigation/multi_map_navigation/srv/detail/get_wormhole__struct.h
-- Installing: /home/rutika/wormhole_ws/install/multi_map_navigation/include/multi_map_navigation/multi_map_navigation/srv/detail/get_wormhole__functions.h
-- Installing: /home/rutika/wormhole_ws/install/multi_map_navigation/share/multi_map_navigation/environment/library_path.sh
-- Installing: /home/rutika/wormhole_ws/install/multi_map_navigation/share/multi_map_navigation/environment/library_path.dsv
-- Installing: /home/rutika/wormhole_ws/install/multi_map_navigation/lib/libmulti_map_navigation__rosidl_generator_c.so
-- Set runtime path of "/home/rutika/wormhole_ws/install/multi_map_navigation/lib/libmulti_map_navigation__rosidl_generator_c.so" to ""
-- Up-to-date: /home/rutika/wormhole_ws/install/multi_map_navigation/include/multi_map_navigation/multi_map_navigation
-- Up-to-date: /home/rutika/wormhole_ws/install/multi_map_navigation/include/multi_map_navigation/multi_map_navigation/action
-- Up-to-date: /home/rutika/wormhole_ws/install/multi_map_navigation/include/multi_map_navigation/multi_map_navigation/action/detail
-- Installing: /home/rutika/wormhole_ws/install/multi_map_navigation/include/multi_map_navigation/multi_map_navigation/action/detail/navigate__rosidl_typesupport_fastrtps_c.h
-- Up-to-date: /home/rutika/wormhole_ws/install/multi_map_navigation/include/multi_map_navigation/multi_map_navigation/msg
-- Installing: /home/rutika/wormhole_ws/install/multi_map_navigation/include/multi_map_navigation/multi_map_navigation/msg/rosidl_typesupport_fastrtps_c__visibility_control.h
-- Up-to-date: /home/rutika/wormhole_ws/install/multi_map_navigation/include/multi_map_navigation/multi_map_navigation/srv
-- Up-to-date: /home/rutika/wormhole_ws/install/multi_map_navigation/include/multi_map_navigation/multi_map_navigation/srv/detail
-- Installing: /home/rutika/wormhole_ws/install/multi_map_navigation/include/multi_map_navigation/multi_map_navigation/srv/detail/get_wormhole__rosidl_typesupport_fastrtps_c.h
-- Installing: /home/rutika/wormhole_ws/install/multi_map_navigation/lib/libmulti_map_navigation__rosidl_typesupport_fastrtps_c.so
-- Set runtime path of "/home/rutika/wormhole_ws/install/multi_map_navigation/lib/libmulti_map_navigation__rosidl_typesupport_fastrtps_c.so" to ""
-- Up-to-date: /home/rutika/wormhole_ws/install/multi_map_navigation/include/multi_map_navigation/multi_map_navigation
-- Up-to-date: /home/rutika/wormhole_ws/install/multi_map_navigation/include/multi_map_navigation/multi_map_navigation/action
-- Up-to-date: /home/rutika/wormhole_ws/install/multi_map_navigation/include/multi_map_navigation/multi_map_navigation/action/detail
-- Installing: /home/rutika/wormhole_ws/install/multi_map_navigation/include/multi_map_navigation/multi_map_navigation/action/detail/navigate__struct.hpp
-- Installing: /home/rutika/wormhole_ws/install/multi_map_navigation/include/multi_map_navigation/multi_map_navigation/action/detail/navigate__type_support.hpp
-- Installing: /home/rutika/wormhole_ws/install/multi_map_navigation/include/multi_map_navigation/multi_map_navigation/action/detail/navigate__builder.hpp
-- Installing: /home/rutika/wormhole_ws/install/multi_map_navigation/include/multi_map_navigation/multi_map_navigation/action/detail/navigate__traits.hpp
-- Installing: /home/rutika/wormhole_ws/install/multi_map_navigation/include/multi_map_navigation/multi_map_navigation/action/navigate.hpp
-- Up-to-date: /home/rutika/wormhole_ws/install/multi_map_navigation/include/multi_map_navigation/multi_map_navigation/msg
-- Installing: /home/rutika/wormhole_ws/install/multi_map_navigation/include/multi_map_navigation/multi_map_navigation/msg/rosidl_generator_cpp__visibility_control.hpp
-- Up-to-date: /home/rutika/wormhole_ws/install/multi_map_navigation/include/multi_map_navigation/multi_map_navigation/srv
-- Installing: /home/rutika/wormhole_ws/install/multi_map_navigation/include/multi_map_navigation/multi_map_navigation/srv/get_wormhole.hpp
-- Up-to-date: /home/rutika/wormhole_ws/install/multi_map_navigation/include/multi_map_navigation/multi_map_navigation/srv/detail
-- Installing: /home/rutika/wormhole_ws/install/multi_map_navigation/include/multi_map_navigation/multi_map_navigation/srv/detail/get_wormhole__builder.hpp
-- Installing: /home/rutika/wormhole_ws/install/multi_map_navigation/include/multi_map_navigation/multi_map_navigation/srv/detail/get_wormhole__struct.hpp
-- Installing: /home/rutika/wormhole_ws/install/multi_map_navigation/include/multi_map_navigation/multi_map_navigation/srv/detail/get_wormhole__type_support.hpp
-- Installing: /home/rutika/wormhole_ws/install/multi_map_navigation/include/multi_map_navigation/multi_map_navigation/srv/detail/get_wormhole__traits.hpp
-- Up-to-date: /home/rutika/wormhole_ws/install/multi_map_navigation/include/multi_map_navigation/multi_map_navigation
-- Up-to-date: /home/rutika/wormhole_ws/install/multi_map_navigation/include/multi_map_navigation/multi_map_navigation/action
-- Up-to-date: /home/rutika/wormhole_ws/install/multi_map_navigation/include/multi_map_navigation/multi_map_navigation/action/detail
-- Installing: /home/rutika/wormhole_ws/install/multi_map_navigation/include/multi_map_navigation/multi_map_navigation/action/detail/dds_fastrtps
-- Installing: /home/rutika/wormhole_ws/install/multi_map_navigation/include/multi_map_navigation/multi_map_navigation/action/detail/navigate__rosidl_typesupport_fastrtps_cpp.hpp
-- Up-to-date: /home/rutika/wormhole_ws/install/multi_map_navigation/include/multi_map_navigation/multi_map_navigation/msg
-- Installing: /home/rutika/wormhole_ws/install/multi_map_navigation/include/multi_map_navigation/multi_map_navigation/msg/rosidl_typesupport_fastrtps_cpp__visibility_control.h
-- Up-to-date: /home/rutika/wormhole_ws/install/multi_map_navigation/include/multi_map_navigation/multi_map_navigation/srv
-- Up-to-date: /home/rutika/wormhole_ws/install/multi_map_navigation/include/multi_map_navigation/multi_map_navigation/srv/detail
-- Installing: /home/rutika/wormhole_ws/install/multi_map_navigation/include/multi_map_navigation/multi_map_navigation/srv/detail/dds_fastrtps
-- Installing: /home/rutika/wormhole_ws/install/multi_map_navigation/include/multi_map_navigation/multi_map_navigation/srv/detail/get_wormhole__rosidl_typesupport_fastrtps_cpp.hpp
-- Installing: /home/rutika/wormhole_ws/install/multi_map_navigation/lib/libmulti_map_navigation__rosidl_typesupport_fastrtps_cpp.so
-- Set runtime path of "/home/rutika/wormhole_ws/install/multi_map_navigation/lib/libmulti_map_navigation__rosidl_typesupport_fastrtps_cpp.so" to ""
-- Up-to-date: /home/rutika/wormhole_ws/install/multi_map_navigation/include/multi_map_navigation/multi_map_navigation
-- Up-to-date: /home/rutika/wormhole_ws/install/multi_map_navigation/include/multi_map_navigation/multi_map_navigation/action
-- Up-to-date: /home/rutika/wormhole_ws/install/multi_map_navigation/include/multi_map_navigation/multi_map_navigation/action/detail
-- Installing: /home/rutika/wormhole_ws/install/multi_map_navigation/include/multi_map_navigation/multi_map_navigation/action/detail/navigate__type_support.c
-- Installing: /home/rutika/wormhole_ws/install/multi_map_navigation/include/multi_map_navigation/multi_map_navigation/action/detail/navigate__rosidl_typesupport_introspection_c.h
-- Up-to-date: /home/rutika/wormhole_ws/install/multi_map_navigation/include/multi_map_navigation/multi_map_navigation/msg
-- Installing: /home/rutika/wormhole_ws/install/multi_map_navigation/include/multi_map_navigation/multi_map_navigation/msg/rosidl_typesupport_introspection_c__visibility_control.h
-- Up-to-date: /home/rutika/wormhole_ws/install/multi_map_navigation/include/multi_map_navigation/multi_map_navigation/srv
-- Up-to-date: /home/rutika/wormhole_ws/install/multi_map_navigation/include/multi_map_navigation/multi_map_navigation/srv/detail
-- Installing: /home/rutika/wormhole_ws/install/multi_map_navigation/include/multi_map_navigation/multi_map_navigation/srv/detail/get_wormhole__type_support.c
-- Installing: /home/rutika/wormhole_ws/install/multi_map_navigation/include/multi_map_navigation/multi_map_navigation/srv/detail/get_wormhole__rosidl_typesupport_introspection_c.h
-- Installing: /home/rutika/wormhole_ws/install/multi_map_navigation/lib/libmulti_map_navigation__rosidl_typesupport_introspection_c.so
-- Set runtime path of "/home/rutika/wormhole_ws/install/multi_map_navigation/lib/libmulti_map_navigation__rosidl_typesupport_introspection_c.so" to ""
-- Installing: /home/rutika/wormhole_ws/install/multi_map_navigation/lib/libmulti_map_navigation__rosidl_typesupport_c.so
-- Set runtime path of "/home/rutika/wormhole_ws/install/multi_map_navigation/lib/libmulti_map_navigation__rosidl_typesupport_c.so" to ""
-- Up-to-date: /home/rutika/wormhole_ws/install/multi_map_navigation/include/multi_map_navigation/multi_map_navigation
-- Up-to-date: /home/rutika/wormhole_ws/install/multi_map_navigation/include/multi_map_navigation/multi_map_navigation/action
-- Up-to-date: /home/rutika/wormhole_ws/install/multi_map_navigation/include/multi_map_navigation/multi_map_navigation/action/detail
-- Installing: /home/rutika/wormhole_ws/install/multi_map_navigation/include/multi_map_navigation/multi_map_navigation/action/detail/navigate__rosidl_typesupport_introspection_cpp.hpp
-- Installing: /home/rutika/wormhole_ws/install/multi_map_navigation/include/multi_map_navigation/multi_map_navigation/action/detail/navigate__type_support.cpp
-- Up-to-date: /home/rutika/wormhole_ws/install/multi_map_navigation/include/multi_map_navigation/multi_map_navigation/srv
-- Up-to-date: /home/rutika/wormhole_ws/install/multi_map_navigation/include/multi_map_navigation/multi_map_navigation/srv/detail
-- Installing: /home/rutika/wormhole_ws/install/multi_map_navigation/include/multi_map_navigation/multi_map_navigation/srv/detail/get_wormhole__type_support.cpp
-- Installing: /home/rutika/wormhole_ws/install/multi_map_navigation/include/multi_map_navigation/multi_map_navigation/srv/detail/get_wormhole__rosidl_typesupport_introspection_cpp.hpp
-- Installing: /home/rutika/wormhole_ws/install/multi_map_navigation/lib/libmulti_map_navigation__rosidl_typesupport_introspection_cpp.so
-- Set runtime path of "/home/rutika/wormhole_ws/install/multi_map_navigation/lib/libmulti_map_navigation__rosidl_typesupport_introspection_cpp.so" to ""
-- Installing: /home/rutika/wormhole_ws/install/multi_map_navigation/lib/libmulti_map_navigation__rosidl_typesupport_cpp.so
-- Set runtime path of "/home/rutika/wormhole_ws/install/multi_map_navigation/lib/libmulti_map_navigation__rosidl_typesupport_cpp.so" to ""
-- Installing: /home/rutika/wormhole_ws/install/multi_map_navigation/share/multi_map_navigation/environment/pythonpath.sh
-- Installing: /home/rutika/wormhole_ws/install/multi_map_navigation/share/multi_map_navigation/environment/pythonpath.dsv
-- Installing: /home/rutika/wormhole_ws/install/multi_map_navigation/local/lib/python3.10/dist-packages/multi_map_navigation-0.0.0-py3.10.egg-info
-- Installing: /home/rutika/wormhole_ws/install/multi_map_navigation/local/lib/python3.10/dist-packages/multi_map_navigation-0.0.0-py3.10.egg-info/dependency_links.txt
-- Installing: /home/rutika/wormhole_ws/install/multi_map_navigation/local/lib/python3.10/dist-packages/multi_map_navigation-0.0.0-py3.10.egg-info/SOURCES.txt
-- Installing: /home/rutika/wormhole_ws/install/multi_map_navigation/local/lib/python3.10/dist-packages/multi_map_navigation-0.0.0-py3.10.egg-info/PKG-INFO
-- Installing: /home/rutika/wormhole_ws/install/multi_map_navigation/local/lib/python3.10/dist-packages/multi_map_navigation-0.0.0-py3.10.egg-info/top_level.txt
-- Installing: /home/rutika/wormhole_ws/install/multi_map_navigation/local/lib/python3.10/dist-packages/multi_map_navigation
-- Installing: /home/rutika/wormhole_ws/install/multi_map_navigation/local/lib/python3.10/dist-packages/multi_map_navigation/multi_map_navigation_s__rosidl_typesupport_introspection_c.cpython-310-x86_64-linux-gnu.so
-- Installing: /home/rutika/wormhole_ws/install/multi_map_navigation/local/lib/python3.10/dist-packages/multi_map_navigation/action
-- Installing: /home/rutika/wormhole_ws/install/multi_map_navigation/local/lib/python3.10/dist-packages/multi_map_navigation/action/_navigate.py
-- Installing: /home/rutika/wormhole_ws/install/multi_map_navigation/local/lib/python3.10/dist-packages/multi_map_navigation/action/_navigate_s.c
-- Installing: /home/rutika/wormhole_ws/install/multi_map_navigation/local/lib/python3.10/dist-packages/multi_map_navigation/action/__init__.py
-- Installing: /home/rutika/wormhole_ws/install/multi_map_navigation/local/lib/python3.10/dist-packages/multi_map_navigation/_multi_map_navigation_s.ep.rosidl_typesupport_introspection_c.c
-- Installing: /home/rutika/wormhole_ws/install/multi_map_navigation/local/lib/python3.10/dist-packages/multi_map_navigation/_multi_map_navigation_s.ep.rosidl_typesupport_c.c
-- Installing: /home/rutika/wormhole_ws/install/multi_map_navigation/local/lib/python3.10/dist-packages/multi_map_navigation/srv
-- Installing: /home/rutika/wormhole_ws/install/multi_map_navigation/local/lib/python3.10/dist-packages/multi_map_navigation/srv/_get_wormhole.py
-- Installing: /home/rutika/wormhole_ws/install/multi_map_navigation/local/lib/python3.10/dist-packages/multi_map_navigation/srv/__init__.py
-- Installing: /home/rutika/wormhole_ws/install/multi_map_navigation/local/lib/python3.10/dist-packages/multi_map_navigation/srv/_get_wormhole_s.c
-- Installing: /home/rutika/wormhole_ws/install/multi_map_navigation/local/lib/python3.10/dist-packages/multi_map_navigation/libmulti_map_navigation__rosidl_generator_py.so
-- Installing: /home/rutika/wormhole_ws/install/multi_map_navigation/local/lib/python3.10/dist-packages/multi_map_navigation/multi_map_navigation_s__rosidl_typesupport_fastrtps_c.cpython-310-x86_64-linux-gnu.so
-- Installing: /home/rutika/wormhole_ws/install/multi_map_navigation/local/lib/python3.10/dist-packages/multi_map_navigation/multi_map_navigation_s__rosidl_typesupport_c.cpython-310-x86_64-linux-gnu.so
-- Installing: /home/rutika/wormhole_ws/install/multi_map_navigation/local/lib/python3.10/dist-packages/multi_map_navigation/__init__.py
-- Installing: /home/rutika/wormhole_ws/install/multi_map_navigation/local/lib/python3.10/dist-packages/multi_map_navigation/_multi_map_navigation_s.ep.rosidl_typesupport_fastrtps_c.c
Listing '/home/rutika/wormhole_ws/install/multi_map_navigation/local/lib/python3.10/dist-packages/multi_map_navigation'...
Compiling '/home/rutika/wormhole_ws/install/multi_map_navigation/local/lib/python3.10/dist-packages/multi_map_navigation/__init__.py'...
Listing '/home/rutika/wormhole_ws/install/multi_map_navigation/local/lib/python3.10/dist-packages/multi_map_navigation/action'...
Compiling '/home/rutika/wormhole_ws/install/multi_map_navigation/local/lib/python3.10/dist-packages/multi_map_navigation/action/__init__.py'...
Compiling '/home/rutika/wormhole_ws/install/multi_map_navigation/local/lib/python3.10/dist-packages/multi_map_navigation/action/_navigate.py'...
Listing '/home/rutika/wormhole_ws/install/multi_map_navigation/local/lib/python3.10/dist-packages/multi_map_navigation/srv'...
Compiling '/home/rutika/wormhole_ws/install/multi_map_navigation/local/lib/python3.10/dist-packages/multi_map_navigation/srv/__init__.py'...
Compiling '/home/rutika/wormhole_ws/install/multi_map_navigation/local/lib/python3.10/dist-packages/multi_map_navigation/srv/_get_wormhole.py'...
-- Installing: /home/rutika/wormhole_ws/install/multi_map_navigation/local/lib/python3.10/dist-packages/multi_map_navigation/multi_map_navigation_s__rosidl_typesupport_fastrtps_c.cpython-310-x86_64-linux-gnu.so
-- Set runtime path of "/home/rutika/wormhole_ws/install/multi_map_navigation/local/lib/python3.10/dist-packages/multi_map_navigation/multi_map_navigation_s__rosidl_typesupport_fastrtps_c.cpython-310-x86_64-linux-gnu.so" to ""
-- Installing: /home/rutika/wormhole_ws/install/multi_map_navigation/local/lib/python3.10/dist-packages/multi_map_navigation/multi_map_navigation_s__rosidl_typesupport_introspection_c.cpython-310-x86_64-linux-gnu.so
-- Set runtime path of "/home/rutika/wormhole_ws/install/multi_map_navigation/local/lib/python3.10/dist-packages/multi_map_navigation/multi_map_navigation_s__rosidl_typesupport_introspection_c.cpython-310-x86_64-linux-gnu.so" to ""
-- Installing: /home/rutika/wormhole_ws/install/multi_map_navigation/local/lib/python3.10/dist-packages/multi_map_navigation/multi_map_navigation_s__rosidl_typesupport_c.cpython-310-x86_64-linux-gnu.so
-- Set runtime path of "/home/rutika/wormhole_ws/install/multi_map_navigation/local/lib/python3.10/dist-packages/multi_map_navigation/multi_map_navigation_s__rosidl_typesupport_c.cpython-310-x86_64-linux-gnu.so" to ""
-- Installing: /home/rutika/wormhole_ws/install/multi_map_navigation/lib/libmulti_map_navigation__rosidl_generator_py.so
-- Set runtime path of "/home/rutika/wormhole_ws/install/multi_map_navigation/lib/libmulti_map_navigation__rosidl_generator_py.so" to ""
-- Installing: /home/rutika/wormhole_ws/install/multi_map_navigation/share/multi_map_navigation/srv/GetWormhole.idl
-- Installing: /home/rutika/wormhole_ws/install/multi_map_navigation/share/multi_map_navigation/action/Navigate.idl
-- Installing: /home/rutika/wormhole_ws/install/multi_map_navigation/share/multi_map_navigation/srv/GetWormhole.srv
-- Installing: /home/rutika/wormhole_ws/install/multi_map_navigation/share/multi_map_navigation/srv/GetWormhole_Request.msg
-- Installing: /home/rutika/wormhole_ws/install/multi_map_navigation/share/multi_map_navigation/srv/GetWormhole_Response.msg
-- Installing: /home/rutika/wormhole_ws/install/multi_map_navigation/share/multi_map_navigation/action/Navigate.action
-- Installing: /home/rutika/wormhole_ws/install/multi_map_navigation/lib/multi_map_navigation/wormhole_db_node
-- Set runtime path of "/home/rutika/wormhole_ws/install/multi_map_navigation/lib/multi_map_navigation/wormhole_db_node" to ""
-- Installing: /home/rutika/wormhole_ws/install/multi_map_navigation/lib/multi_map_navigation/multi_map_navigator
-- Set runtime path of "/home/rutika/wormhole_ws/install/multi_map_navigation/lib/multi_map_navigation/multi_map_navigator" to ""
-- Installing: /home/rutika/wormhole_ws/install/multi_map_navigation/share/ament_index/resource_index/package_run_dependencies/multi_map_navigation
-- Installing: /home/rutika/wormhole_ws/install/multi_map_navigation/share/ament_index/resource_index/parent_prefix_path/multi_map_navigation
-- Installing: /home/rutika/wormhole_ws/install/multi_map_navigation/share/multi_map_navigation/environment/ament_prefix_path.sh
-- Installing: /home/rutika/wormhole_ws/install/multi_map_navigation/share/multi_map_navigation/environment/ament_prefix_path.dsv
-- Installing: /home/rutika/wormhole_ws/install/multi_map_navigation/share/multi_map_navigation/environment/path.sh
-- Installing: /home/rutika/wormhole_ws/install/multi_map_navigation/share/multi_map_navigation/environment/path.dsv
-- Installing: /home/rutika/wormhole_ws/install/multi_map_navigation/share/multi_map_navigation/local_setup.bash
-- Installing: /home/rutika/wormhole_ws/install/multi_map_navigation/share/multi_map_navigation/local_setup.sh
-- Installing: /home/rutika/wormhole_ws/install/multi_map_navigation/share/multi_map_navigation/local_setup.zsh
-- Installing: /home/rutika/wormhole_ws/install/multi_map_navigation/share/multi_map_navigation/local_setup.dsv
-- Installing: /home/rutika/wormhole_ws/install/multi_map_navigation/share/multi_map_navigation/package.dsv
-- Installing: /home/rutika/wormhole_ws/install/multi_map_navigation/share/ament_index/resource_index/packages/multi_map_navigation
-- Installing: /home/rutika/wormhole_ws/install/multi_map_navigation/share/multi_map_navigation/cmake/export_multi_map_navigation__rosidl_generator_cExport.cmake
-- Installing: /home/rutika/wormhole_ws/install/multi_map_navigation/share/multi_map_navigation/cmake/export_multi_map_navigation__rosidl_generator_cExport-noconfig.cmake
-- Installing: /home/rutika/wormhole_ws/install/multi_map_navigation/share/multi_map_navigation/cmake/export_multi_map_navigation__rosidl_typesupport_fastrtps_cExport.cmake
-- Installing: /home/rutika/wormhole_ws/install/multi_map_navigation/share/multi_map_navigation/cmake/export_multi_map_navigation__rosidl_typesupport_fastrtps_cExport-noconfig.cmake
-- Installing: /home/rutika/wormhole_ws/install/multi_map_navigation/share/multi_map_navigation/cmake/export_multi_map_navigation__rosidl_generator_cppExport.cmake
-- Installing: /home/rutika/wormhole_ws/install/multi_map_navigation/share/multi_map_navigation/cmake/export_multi_map_navigation__rosidl_typesupport_fastrtps_cppExport.cmake
-- Installing: /home/rutika/wormhole_ws/install/multi_map_navigation/share/multi_map_navigation/cmake/export_multi_map_navigation__rosidl_typesupport_fastrtps_cppExport-noconfig.cmake
-- Installing: /home/rutika/wormhole_ws/install/multi_map_navigation/share/multi_map_navigation/cmake/multi_map_navigation__rosidl_typesupport_introspection_cExport.cmake
-- Installing: /home/rutika/wormhole_ws/install/multi_map_navigation/share/multi_map_navigation/cmake/multi_map_navigation__rosidl_typesupport_introspection_cExport-noconfig.cmake
-- Installing: /home/rutika/wormhole_ws/install/multi_map_navigation/share/multi_map_navigation/cmake/multi_map_navigation__rosidl_typesupport_cExport.cmake
-- Installing: /home/rutika/wormhole_ws/install/multi_map_navigation/share/multi_map_navigation/cmake/multi_map_navigation__rosidl_typesupport_cExport-noconfig.cmake
-- Installing: /home/rutika/wormhole_ws/install/multi_map_navigation/share/multi_map_navigation/cmake/multi_map_navigation__rosidl_typesupport_introspection_cppExport.cmake
-- Installing: /home/rutika/wormhole_ws/install/multi_map_navigation/share/multi_map_navigation/cmake/multi_map_navigation__rosidl_typesupport_introspection_cppExport-noconfig.cmake
-- Installing: /home/rutika/wormhole_ws/install/multi_map_navigation/share/multi_map_navigation/cmake/multi_map_navigation__rosidl_typesupport_cppExport.cmake
-- Installing: /home/rutika/wormhole_ws/install/multi_map_navigation/share/multi_map_navigation/cmake/multi_map_navigation__rosidl_typesupport_cppExport-noconfig.cmake
-- Installing: /home/rutika/wormhole_ws/install/multi_map_navigation/share/multi_map_navigation/cmake/export_multi_map_navigation__rosidl_generator_pyExport.cmake
-- Installing: /home/rutika/wormhole_ws/install/multi_map_navigation/share/multi_map_navigation/cmake/export_multi_map_navigation__rosidl_generator_pyExport-noconfig.cmake
-- Installing: /home/rutika/wormhole_ws/install/multi_map_navigation/share/multi_map_navigation/cmake/rosidl_cmake-extras.cmake
-- Installing: /home/rutika/wormhole_ws/install/multi_map_navigation/share/multi_map_navigation/cmake/ament_cmake_export_dependencies-extras.cmake
-- Installing: /home/rutika/wormhole_ws/install/multi_map_navigation/share/multi_map_navigation/cmake/ament_cmake_export_include_directories-extras.cmake
-- Installing: /home/rutika/wormhole_ws/install/multi_map_navigation/share/multi_map_navigation/cmake/ament_cmake_export_libraries-extras.cmake
-- Installing: /home/rutika/wormhole_ws/install/multi_map_navigation/share/multi_map_navigation/cmake/ament_cmake_export_targets-extras.cmake
-- Installing: /home/rutika/wormhole_ws/install/multi_map_navigation/share/multi_map_navigation/cmake/rosidl_cmake_export_typesupport_targets-extras.cmake
-- Installing: /home/rutika/wormhole_ws/install/multi_map_navigation/share/multi_map_navigation/cmake/rosidl_cmake_export_typesupport_libraries-extras.cmake
-- Installing: /home/rutika/wormhole_ws/install/multi_map_navigation/share/multi_map_navigation/cmake/multi_map_navigationConfig.cmake
-- Installing: /home/rutika/wormhole_ws/install/multi_map_navigation/share/multi_map_navigation/cmake/multi_map_navigationConfig-version.cmake
-- Installing: /home/rutika/wormhole_ws/install/multi_map_navigation/share/multi_map_navigation/package.xml
