[0.016s] Invoking command in '/home/rutika/wormhole_ws/build/multi_map_navigation': CMAKE_PREFIX_PATH=${CMAKE_PREFIX_PATH}:/home/rutika/rr_ws/install/pick:/home/rutika/adv_ws/install/my_actions_py:/home/rutika/develop_ws/install/my_pub:/home/rutika/rutika_practice_ws/install/practice_pub:/home/rutika/level3_ws/install/actions_py:/home/rutika/practice_ws/install/practice_pkg:/home/rutika/activity_two_ws/install/activity_two_pkg:/home/rutika/ros2_rev_ws/install/my_py_pkg:/home/rutika/rutika_ros_ws/install/rutika_pkg:/home/rutika/ros2_ws/install/my_robot_controller:/home/rutika/course1_ws/install/my_py_pkg:/opt/ros/humble /usr/bin/cmake /home/rutika/wormhole_ws/src/multi_map_navigation -DCMAKE_INSTALL_PREFIX=/home/rutika/wormhole_ws/install/multi_map_navigation
[0.310s] -- The C compiler identification is GNU 11.4.0
[0.790s] -- The CXX compiler identification is GNU 11.4.0
[1.027s] -- Detecting C compiler ABI info
[1.197s] -- Detecting C compiler ABI info - done
[1.203s] -- Check for working C compiler: /usr/bin/cc - skipped
[1.204s] -- Detecting C compile features
[1.205s] -- Detecting C compile features - done
[1.209s] -- Detecting CXX compiler ABI info
[1.457s] -- Detecting CXX compiler ABI info - done
[1.470s] -- Check for working CXX compiler: /usr/bin/c++ - skipped
[1.470s] -- Detecting CXX compile features
[1.470s] -- Detecting CXX compile features - done
[1.512s] -- Found ament_cmake: 1.3.11 (/opt/ros/humble/share/ament_cmake/cmake)
[1.657s] -- Found Python3: /usr/bin/python3 (found version "3.10.12") found components: Interpreter 
[1.781s] -- Found rclcpp: 16.0.11 (/opt/ros/humble/share/rclcpp/cmake)
[2.021s] -- Found rosidl_generator_c: 3.1.6 (/opt/ros/humble/share/rosidl_generator_c/cmake)
[2.031s] -- Found rosidl_adapter: 3.1.6 (/opt/ros/humble/share/rosidl_adapter/cmake)
[2.051s] -- Found rosidl_generator_cpp: 3.1.6 (/opt/ros/humble/share/rosidl_generator_cpp/cmake)
[2.165s] -- Using all available rosidl_typesupport_c: rosidl_typesupport_fastrtps_c;rosidl_typesupport_introspection_c
[2.215s] -- Using all available rosidl_typesupport_cpp: rosidl_typesupport_fastrtps_cpp;rosidl_typesupport_introspection_cpp
[2.304s] -- Found rmw_implementation_cmake: 6.1.2 (/opt/ros/humble/share/rmw_implementation_cmake/cmake)
[2.311s] -- Found rmw_cyclonedds_cpp: 1.3.4 (/opt/ros/humble/share/rmw_cyclonedds_cpp/cmake)
[2.361s] -- Using RMW implementation 'rmw_cyclonedds_cpp' as default
[2.378s] -- Looking for pthread.h
[2.555s] -- Looking for pthread.h - found
[2.556s] -- Performing Test CMAKE_HAVE_LIBC_PTHREAD
[2.708s] -- Performing Test CMAKE_HAVE_LIBC_PTHREAD - Success
[2.708s] -- Found Threads: TRUE  
[2.793s] -- Found rclcpp_action: 16.0.11 (/opt/ros/humble/share/rclcpp_action/cmake)
[2.854s] -- Found nav_msgs: 4.2.4 (/opt/ros/humble/share/nav_msgs/cmake)
[2.905s] -- Found rosidl_default_generators: 1.2.0 (/opt/ros/humble/share/rosidl_default_generators/cmake)
[2.928s] -- Found PkgConfig: /usr/bin/pkg-config (found version "0.29.2") 
[2.929s] -- Checking for module 'sqlite3'
[2.941s] --   Found sqlite3, version 3.37.2
[3.206s] -- Found ament_cmake_ros: 0.10.0 (/opt/ros/humble/share/ament_cmake_ros/cmake)
[3.518s] -- Using all available rosidl_typesupport_c: rosidl_typesupport_fastrtps_c;rosidl_typesupport_introspection_c
[3.635s] -- Using all available rosidl_typesupport_cpp: rosidl_typesupport_fastrtps_cpp;rosidl_typesupport_introspection_cpp
[3.717s] -- Found PythonInterp: /usr/bin/python3 (found suitable version "3.10.12", minimum required is "3.6") 
[3.722s] -- Found python_cmake_module: 0.10.0 (/opt/ros/humble/share/python_cmake_module/cmake)
[3.940s] -- Found PythonLibs: /usr/lib/x86_64-linux-gnu/libpython3.10.so (found suitable version "3.10.12", minimum required is "3.5") 
[3.940s] -- Using PYTHON_EXECUTABLE: /usr/bin/python3
[3.940s] -- Using PYTHON_INCLUDE_DIRS: /usr/include/python3.10
[3.941s] -- Using PYTHON_LIBRARIES: /usr/lib/x86_64-linux-gnu/libpython3.10.so
[3.959s] -- Found PythonExtra: .so  
[4.052s] -- Found ament_lint_auto: 0.12.11 (/opt/ros/humble/share/ament_lint_auto/cmake)
[4.108s] -- Added test 'copyright' to check source files copyright and LICENSE
[4.110s] -- Added test 'cppcheck' to perform static code analysis on C / C++ code
[4.110s] -- Configured cppcheck include dirs: 
[4.110s] -- Configured cppcheck exclude dirs and/or files: 
[4.112s] -- Added test 'cpplint' to check C / C++ code against the Google style
[4.112s] -- Configured cpplint exclude dirs and/or files: 
[4.113s] -- Added test 'lint_cmake' to check CMake code style
[4.115s] -- Added test 'uncrustify' to check C / C++ code style
[4.115s] -- Configured uncrustify additional arguments: 
[4.116s] -- Added test 'xmllint' to check XML markup files
[4.118s] -- Configuring done
[4.157s] -- Generating done
[4.169s] -- Build files have been written to: /home/rutika/wormhole_ws/build/multi_map_navigation
[4.177s] Invoked command in '/home/rutika/wormhole_ws/build/multi_map_navigation' returned '0': CMAKE_PREFIX_PATH=${CMAKE_PREFIX_PATH}:/home/rutika/rr_ws/install/pick:/home/rutika/adv_ws/install/my_actions_py:/home/rutika/develop_ws/install/my_pub:/home/rutika/rutika_practice_ws/install/practice_pub:/home/rutika/level3_ws/install/actions_py:/home/rutika/practice_ws/install/practice_pkg:/home/rutika/activity_two_ws/install/activity_two_pkg:/home/rutika/ros2_rev_ws/install/my_py_pkg:/home/rutika/rutika_ros_ws/install/rutika_pkg:/home/rutika/ros2_ws/install/my_robot_controller:/home/rutika/course1_ws/install/my_py_pkg:/opt/ros/humble /usr/bin/cmake /home/rutika/wormhole_ws/src/multi_map_navigation -DCMAKE_INSTALL_PREFIX=/home/rutika/wormhole_ws/install/multi_map_navigation
[4.179s] Invoking command in '/home/rutika/wormhole_ws/build/multi_map_navigation': CMAKE_PREFIX_PATH=${CMAKE_PREFIX_PATH}:/home/rutika/rr_ws/install/pick:/home/rutika/adv_ws/install/my_actions_py:/home/rutika/develop_ws/install/my_pub:/home/rutika/rutika_practice_ws/install/practice_pub:/home/rutika/level3_ws/install/actions_py:/home/rutika/practice_ws/install/practice_pkg:/home/rutika/activity_two_ws/install/activity_two_pkg:/home/rutika/ros2_rev_ws/install/my_py_pkg:/home/rutika/rutika_ros_ws/install/rutika_pkg:/home/rutika/ros2_ws/install/my_robot_controller:/home/rutika/course1_ws/install/my_py_pkg:/opt/ros/humble /usr/bin/cmake --build /home/rutika/wormhole_ws/build/multi_map_navigation -- -j8 -l8
[4.209s] [  2%] [34m[1mGenerating C code for ROS interfaces[0m
[4.218s] [  4%] [34m[1mGenerating C++ code for ROS interfaces[0m
[4.225s] [  4%] Built target ament_cmake_python_copy_multi_map_navigation
[4.528s] running egg_info
[4.529s] creating multi_map_navigation.egg-info
[4.529s] writing multi_map_navigation.egg-info/PKG-INFO
[4.529s] writing dependency_links to multi_map_navigation.egg-info/dependency_links.txt
[4.529s] writing top-level names to multi_map_navigation.egg-info/top_level.txt
[4.530s] writing manifest file 'multi_map_navigation.egg-info/SOURCES.txt'
[4.533s] reading manifest file 'multi_map_navigation.egg-info/SOURCES.txt'
[4.534s] writing manifest file 'multi_map_navigation.egg-info/SOURCES.txt'
[4.561s] [  4%] Built target ament_cmake_python_build_multi_map_navigation_egg
[4.722s] [  9%] [32mBuilding C object CMakeFiles/multi_map_navigation__rosidl_generator_c.dir/rosidl_generator_c/multi_map_navigation/action/detail/navigate__functions.c.o[0m
[4.722s] [  9%] [32mBuilding C object CMakeFiles/multi_map_navigation__rosidl_generator_c.dir/rosidl_generator_c/multi_map_navigation/srv/detail/get_wormhole__functions.c.o[0m
[4.777s] [  9%] Built target multi_map_navigation__cpp
[4.787s] [ 13%] [34m[1mGenerating C++ introspection for ROS interfaces[0m
[4.787s] [ 13%] [34m[1mGenerating C++ type support dispatch for ROS interfaces[0m
[4.788s] [ 16%] [34m[1mGenerating C++ type support for eProsima Fast-RTPS[0m
[4.883s] [ 18%] [32m[1mLinking C shared library libmulti_map_navigation__rosidl_generator_c.so[0m
[4.979s] [ 18%] Built target multi_map_navigation__rosidl_generator_c
[4.987s] [ 20%] [34m[1mGenerating C type support for eProsima Fast-RTPS[0m
[4.990s] [ 23%] [34m[1mGenerating C type support dispatch for ROS interfaces[0m
[4.991s] [ 25%] [34m[1mGenerating C introspection for ROS interfaces[0m
[5.284s] [ 27%] [32mBuilding CXX object CMakeFiles/multi_map_navigation__rosidl_typesupport_cpp.dir/rosidl_typesupport_cpp/multi_map_navigation/action/navigate__type_support.cpp.o[0m
[5.285s] [ 30%] [32mBuilding CXX object CMakeFiles/multi_map_navigation__rosidl_typesupport_cpp.dir/rosidl_typesupport_cpp/multi_map_navigation/srv/get_wormhole__type_support.cpp.o[0m
[5.406s] [ 34%] [32mBuilding CXX object CMakeFiles/multi_map_navigation__rosidl_typesupport_introspection_cpp.dir/rosidl_typesupport_introspection_cpp/multi_map_navigation/action/detail/navigate__type_support.cpp.o[0m
[5.406s] [ 34%] [32mBuilding CXX object CMakeFiles/multi_map_navigation__rosidl_typesupport_introspection_cpp.dir/rosidl_typesupport_introspection_cpp/multi_map_navigation/srv/detail/get_wormhole__type_support.cpp.o[0m
[5.456s] [ 37%] [32mBuilding CXX object CMakeFiles/multi_map_navigation__rosidl_typesupport_fastrtps_cpp.dir/rosidl_typesupport_fastrtps_cpp/multi_map_navigation/srv/detail/dds_fastrtps/get_wormhole__type_support.cpp.o[0m
[5.525s] [ 39%] [32mBuilding CXX object CMakeFiles/multi_map_navigation__rosidl_typesupport_c.dir/rosidl_typesupport_c/multi_map_navigation/srv/get_wormhole__type_support.cpp.o[0m
[5.578s] [ 41%] [32mBuilding CXX object CMakeFiles/multi_map_navigation__rosidl_typesupport_c.dir/rosidl_typesupport_c/multi_map_navigation/action/navigate__type_support.cpp.o[0m
[5.647s] [ 44%] [32m[1mLinking CXX shared library libmulti_map_navigation__rosidl_typesupport_c.so[0m
[5.732s] [ 46%] [32mBuilding CXX object CMakeFiles/multi_map_navigation__rosidl_typesupport_fastrtps_cpp.dir/rosidl_typesupport_fastrtps_cpp/multi_map_navigation/action/detail/dds_fastrtps/navigate__type_support.cpp.o[0m
[5.752s] [ 48%] [32mBuilding CXX object CMakeFiles/multi_map_navigation__rosidl_typesupport_fastrtps_c.dir/rosidl_typesupport_fastrtps_c/multi_map_navigation/srv/detail/get_wormhole__type_support_c.cpp.o[0m
[5.752s] [ 48%] Built target multi_map_navigation__rosidl_typesupport_c
[5.763s] [ 51%] [32mBuilding C object CMakeFiles/multi_map_navigation__rosidl_typesupport_introspection_c.dir/rosidl_typesupport_introspection_c/multi_map_navigation/srv/detail/get_wormhole__type_support.c.o[0m
[5.764s] [ 53%] [32mBuilding CXX object CMakeFiles/multi_map_navigation__rosidl_typesupport_fastrtps_c.dir/rosidl_typesupport_fastrtps_c/multi_map_navigation/action/detail/navigate__type_support_c.cpp.o[0m
[5.811s] [ 55%] [32mBuilding C object CMakeFiles/multi_map_navigation__rosidl_typesupport_introspection_c.dir/rosidl_typesupport_introspection_c/multi_map_navigation/action/detail/navigate__type_support.c.o[0m
[5.885s] [ 58%] [32m[1mLinking C shared library libmulti_map_navigation__rosidl_typesupport_introspection_c.so[0m
[5.987s] [ 58%] Built target multi_map_navigation__rosidl_typesupport_introspection_c
[6.053s] [ 60%] [32m[1mLinking CXX shared library libmulti_map_navigation__rosidl_typesupport_cpp.so[0m
[6.137s] [ 60%] Built target multi_map_navigation__rosidl_typesupport_cpp
[6.156s] [ 62%] [32mBuilding CXX object CMakeFiles/wormhole_db_node.dir/src/wormhole_db.cpp.o[0m
[6.158s] [ 65%] [32mBuilding CXX object CMakeFiles/multi_map_navigator.dir/src/navigate_action_server.cpp.o[0m
[6.241s] [ 67%] [32m[1mLinking CXX shared library libmulti_map_navigation__rosidl_typesupport_fastrtps_c.so[0m
[6.245s] [ 69%] [32m[1mLinking CXX shared library libmulti_map_navigation__rosidl_typesupport_introspection_cpp.so[0m
[6.388s] [ 69%] Built target multi_map_navigation__rosidl_typesupport_introspection_cpp
[6.404s] [ 69%] Built target multi_map_navigation__rosidl_typesupport_fastrtps_c
[6.419s] [ 72%] [32m[1mLinking CXX shared library libmulti_map_navigation__rosidl_typesupport_fastrtps_cpp.so[0m
[6.539s] [ 72%] Built target multi_map_navigation__rosidl_typesupport_fastrtps_cpp
[6.561s] [ 72%] Built target multi_map_navigation
[6.582s] [ 74%] [34m[1mGenerating Python code for ROS interfaces[0m
[7.666s] [ 74%] Built target multi_map_navigation__py
[7.689s] [ 76%] [32mBuilding C object CMakeFiles/multi_map_navigation__rosidl_generator_py.dir/rosidl_generator_py/multi_map_navigation/srv/_get_wormhole_s.c.o[0m
[7.689s] [ 79%] [32mBuilding C object CMakeFiles/multi_map_navigation__rosidl_generator_py.dir/rosidl_generator_py/multi_map_navigation/action/_navigate_s.c.o[0m
[7.879s] [ 81%] [32m[1mLinking C shared library rosidl_generator_py/multi_map_navigation/libmulti_map_navigation__rosidl_generator_py.so[0m
[8.049s] [ 81%] Built target multi_map_navigation__rosidl_generator_py
[8.070s] [ 83%] [32mBuilding C object CMakeFiles/multi_map_navigation__rosidl_typesupport_fastrtps_c__pyext.dir/rosidl_generator_py/multi_map_navigation/_multi_map_navigation_s.ep.rosidl_typesupport_fastrtps_c.c.o[0m
[8.070s] [ 86%] [32mBuilding C object CMakeFiles/multi_map_navigation__rosidl_typesupport_c__pyext.dir/rosidl_generator_py/multi_map_navigation/_multi_map_navigation_s.ep.rosidl_typesupport_c.c.o[0m
[8.071s] [ 88%] [32mBuilding C object CMakeFiles/multi_map_navigation__rosidl_typesupport_introspection_c__pyext.dir/rosidl_generator_py/multi_map_navigation/_multi_map_navigation_s.ep.rosidl_typesupport_introspection_c.c.o[0m
[8.207s] [ 90%] [32m[1mLinking C shared library rosidl_generator_py/multi_map_navigation/multi_map_navigation_s__rosidl_typesupport_c.cpython-310-x86_64-linux-gnu.so[0m
[8.210s] [ 93%] [32m[1mLinking C shared library rosidl_generator_py/multi_map_navigation/multi_map_navigation_s__rosidl_typesupport_fastrtps_c.cpython-310-x86_64-linux-gnu.so[0m
[8.233s] [ 95%] [32m[1mLinking C shared library rosidl_generator_py/multi_map_navigation/multi_map_navigation_s__rosidl_typesupport_introspection_c.cpython-310-x86_64-linux-gnu.so[0m
[8.286s] [ 95%] Built target multi_map_navigation__rosidl_typesupport_fastrtps_c__pyext
[8.294s] [ 95%] Built target multi_map_navigation__rosidl_typesupport_c__pyext
[8.316s] [ 95%] Built target multi_map_navigation__rosidl_typesupport_introspection_c__pyext
[8.942s] [01m[K/home/rutika/wormhole_ws/src/multi_map_navigation/src/navigate_action_server.cpp:[m[K In member function ‘[01m[Krclcpp_action::GoalResponse MultiMapNavigator::handle_goal(const GoalUUID&, std::shared_ptr<const multi_map_navigation::action::Navigate_Goal_<std::allocator<void> > >)[m[K’:
[8.942s] [01m[K/home/rutika/wormhole_ws/src/multi_map_navigation/src/navigate_action_server.cpp:37:40:[m[K [01;35m[Kwarning: [m[Kunused parameter ‘[01m[Kuuid[m[K’ [[01;35m[K]8;;https://gcc.gnu.org/onlinedocs/gcc/Warning-Options.html#index-Wunused-parameter-Wunused-parameter]8;;[m[K]
[8.942s]    37 |         [01;35m[Kconst rclcpp_action::GoalUUID &uuid[m[K,
[8.942s]       |         [01;35m[K~~~~~~~~~~~~~~~~~~~~~~~~~~~~~~~^~~~[m[K
[8.942s] [01m[K/home/rutika/wormhole_ws/src/multi_map_navigation/src/navigate_action_server.cpp:[m[K In member function ‘[01m[Krclcpp_action::CancelResponse MultiMapNavigator::handle_cancel(std::shared_ptr<rclcpp_action::ServerGoalHandle<multi_map_navigation::action::Navigate> >)[m[K’:
[8.942s] [01m[K/home/rutika/wormhole_ws/src/multi_map_navigation/src/navigate_action_server.cpp:45:51:[m[K [01;35m[Kwarning: [m[Kunused parameter ‘[01m[Kgoal_handle[m[K’ [[01;35m[K]8;;https://gcc.gnu.org/onlinedocs/gcc/Warning-Options.html#index-Wunused-parameter-Wunused-parameter]8;;[m[K]
[8.943s]    45 |         [01;35m[Kconst std::shared_ptr<GoalHandleNavigate> goal_handle[m[K)
[8.943s]       |         [01;35m[K~~~~~~~~~~~~~~~~~~~~~~~~~~~~~~~~~~~~~~~~~~^~~~~~~~~~~[m[K
[9.932s] [ 97%] [32m[1mLinking CXX executable wormhole_db_node[0m
[10.201s] [ 97%] Built target wormhole_db_node
[12.285s] [100%] [32m[1mLinking CXX executable multi_map_navigator[0m
[12.596s] [100%] Built target multi_map_navigator
[12.604s] Invoked command in '/home/rutika/wormhole_ws/build/multi_map_navigation' returned '0': CMAKE_PREFIX_PATH=${CMAKE_PREFIX_PATH}:/home/rutika/rr_ws/install/pick:/home/rutika/adv_ws/install/my_actions_py:/home/rutika/develop_ws/install/my_pub:/home/rutika/rutika_practice_ws/install/practice_pub:/home/rutika/level3_ws/install/actions_py:/home/rutika/practice_ws/install/practice_pkg:/home/rutika/activity_two_ws/install/activity_two_pkg:/home/rutika/ros2_rev_ws/install/my_py_pkg:/home/rutika/rutika_ros_ws/install/rutika_pkg:/home/rutika/ros2_ws/install/my_robot_controller:/home/rutika/course1_ws/install/my_py_pkg:/opt/ros/humble /usr/bin/cmake --build /home/rutika/wormhole_ws/build/multi_map_navigation -- -j8 -l8
[12.611s] Invoking command in '/home/rutika/wormhole_ws/build/multi_map_navigation': CMAKE_PREFIX_PATH=${CMAKE_PREFIX_PATH}:/home/rutika/rr_ws/install/pick:/home/rutika/adv_ws/install/my_actions_py:/home/rutika/develop_ws/install/my_pub:/home/rutika/rutika_practice_ws/install/practice_pub:/home/rutika/level3_ws/install/actions_py:/home/rutika/practice_ws/install/practice_pkg:/home/rutika/activity_two_ws/install/activity_two_pkg:/home/rutika/ros2_rev_ws/install/my_py_pkg:/home/rutika/rutika_ros_ws/install/rutika_pkg:/home/rutika/ros2_ws/install/my_robot_controller:/home/rutika/course1_ws/install/my_py_pkg:/opt/ros/humble /usr/bin/cmake --install /home/rutika/wormhole_ws/build/multi_map_navigation
[12.616s] -- Install configuration: ""
[12.617s] -- Installing: /home/rutika/wormhole_ws/install/multi_map_navigation/share/ament_index/resource_index/rosidl_interfaces/multi_map_navigation
[12.617s] -- Installing: /home/rutika/wormhole_ws/install/multi_map_navigation/include/multi_map_navigation/multi_map_navigation
[12.617s] -- Installing: /home/rutika/wormhole_ws/install/multi_map_navigation/include/multi_map_navigation/multi_map_navigation/action
[12.617s] -- Installing: /home/rutika/wormhole_ws/install/multi_map_navigation/include/multi_map_navigation/multi_map_navigation/action/navigate.h
[12.617s] -- Installing: /home/rutika/wormhole_ws/install/multi_map_navigation/include/multi_map_navigation/multi_map_navigation/action/detail
[12.618s] -- Installing: /home/rutika/wormhole_ws/install/multi_map_navigation/include/multi_map_navigation/multi_map_navigation/action/detail/navigate__type_support.h
[12.618s] -- Installing: /home/rutika/wormhole_ws/install/multi_map_navigation/include/multi_map_navigation/multi_map_navigation/action/detail/navigate__struct.h
[12.618s] -- Installing: /home/rutika/wormhole_ws/install/multi_map_navigation/include/multi_map_navigation/multi_map_navigation/action/detail/navigate__functions.h
[12.618s] -- Installing: /home/rutika/wormhole_ws/install/multi_map_navigation/include/multi_map_navigation/multi_map_navigation/action/detail/navigate__functions.c
[12.618s] -- Installing: /home/rutika/wormhole_ws/install/multi_map_navigation/include/multi_map_navigation/multi_map_navigation/msg
[12.618s] -- Installing: /home/rutika/wormhole_ws/install/multi_map_navigation/include/multi_map_navigation/multi_map_navigation/msg/rosidl_generator_c__visibility_control.h
[12.619s] -- Installing: /home/rutika/wormhole_ws/install/multi_map_navigation/include/multi_map_navigation/multi_map_navigation/srv
[12.619s] -- Installing: /home/rutika/wormhole_ws/install/multi_map_navigation/include/multi_map_navigation/multi_map_navigation/srv/get_wormhole.h
[12.619s] -- Installing: /home/rutika/wormhole_ws/install/multi_map_navigation/include/multi_map_navigation/multi_map_navigation/srv/detail
[12.619s] -- Installing: /home/rutika/wormhole_ws/install/multi_map_navigation/include/multi_map_navigation/multi_map_navigation/srv/detail/get_wormhole__functions.c
[12.620s] -- Installing: /home/rutika/wormhole_ws/install/multi_map_navigation/include/multi_map_navigation/multi_map_navigation/srv/detail/get_wormhole__type_support.h
[12.620s] -- Installing: /home/rutika/wormhole_ws/install/multi_map_navigation/include/multi_map_navigation/multi_map_navigation/srv/detail/get_wormhole__struct.h
[12.620s] -- Installing: /home/rutika/wormhole_ws/install/multi_map_navigation/include/multi_map_navigation/multi_map_navigation/srv/detail/get_wormhole__functions.h
[12.620s] -- Installing: /home/rutika/wormhole_ws/install/multi_map_navigation/share/multi_map_navigation/environment/library_path.sh
[12.620s] -- Installing: /home/rutika/wormhole_ws/install/multi_map_navigation/share/multi_map_navigation/environment/library_path.dsv
[12.621s] -- Installing: /home/rutika/wormhole_ws/install/multi_map_navigation/lib/libmulti_map_navigation__rosidl_generator_c.so
[12.621s] -- Set runtime path of "/home/rutika/wormhole_ws/install/multi_map_navigation/lib/libmulti_map_navigation__rosidl_generator_c.so" to ""
[12.621s] -- Up-to-date: /home/rutika/wormhole_ws/install/multi_map_navigation/include/multi_map_navigation/multi_map_navigation
[12.621s] -- Up-to-date: /home/rutika/wormhole_ws/install/multi_map_navigation/include/multi_map_navigation/multi_map_navigation/action
[12.621s] -- Up-to-date: /home/rutika/wormhole_ws/install/multi_map_navigation/include/multi_map_navigation/multi_map_navigation/action/detail
[12.621s] -- Installing: /home/rutika/wormhole_ws/install/multi_map_navigation/include/multi_map_navigation/multi_map_navigation/action/detail/navigate__rosidl_typesupport_fastrtps_c.h
[12.622s] -- Up-to-date: /home/rutika/wormhole_ws/install/multi_map_navigation/include/multi_map_navigation/multi_map_navigation/msg
[12.622s] -- Installing: /home/rutika/wormhole_ws/install/multi_map_navigation/include/multi_map_navigation/multi_map_navigation/msg/rosidl_typesupport_fastrtps_c__visibility_control.h
[12.622s] -- Up-to-date: /home/rutika/wormhole_ws/install/multi_map_navigation/include/multi_map_navigation/multi_map_navigation/srv
[12.622s] -- Up-to-date: /home/rutika/wormhole_ws/install/multi_map_navigation/include/multi_map_navigation/multi_map_navigation/srv/detail
[12.622s] -- Installing: /home/rutika/wormhole_ws/install/multi_map_navigation/include/multi_map_navigation/multi_map_navigation/srv/detail/get_wormhole__rosidl_typesupport_fastrtps_c.h
[12.623s] -- Installing: /home/rutika/wormhole_ws/install/multi_map_navigation/lib/libmulti_map_navigation__rosidl_typesupport_fastrtps_c.so
[12.623s] -- Set runtime path of "/home/rutika/wormhole_ws/install/multi_map_navigation/lib/libmulti_map_navigation__rosidl_typesupport_fastrtps_c.so" to ""
[12.623s] -- Up-to-date: /home/rutika/wormhole_ws/install/multi_map_navigation/include/multi_map_navigation/multi_map_navigation
[12.623s] -- Up-to-date: /home/rutika/wormhole_ws/install/multi_map_navigation/include/multi_map_navigation/multi_map_navigation/action
[12.623s] -- Up-to-date: /home/rutika/wormhole_ws/install/multi_map_navigation/include/multi_map_navigation/multi_map_navigation/action/detail
[12.623s] -- Installing: /home/rutika/wormhole_ws/install/multi_map_navigation/include/multi_map_navigation/multi_map_navigation/action/detail/navigate__struct.hpp
[12.623s] -- Installing: /home/rutika/wormhole_ws/install/multi_map_navigation/include/multi_map_navigation/multi_map_navigation/action/detail/navigate__type_support.hpp
[12.624s] -- Installing: /home/rutika/wormhole_ws/install/multi_map_navigation/include/multi_map_navigation/multi_map_navigation/action/detail/navigate__builder.hpp
[12.624s] -- Installing: /home/rutika/wormhole_ws/install/multi_map_navigation/include/multi_map_navigation/multi_map_navigation/action/detail/navigate__traits.hpp
[12.624s] -- Installing: /home/rutika/wormhole_ws/install/multi_map_navigation/include/multi_map_navigation/multi_map_navigation/action/navigate.hpp
[12.624s] -- Up-to-date: /home/rutika/wormhole_ws/install/multi_map_navigation/include/multi_map_navigation/multi_map_navigation/msg
[12.624s] -- Installing: /home/rutika/wormhole_ws/install/multi_map_navigation/include/multi_map_navigation/multi_map_navigation/msg/rosidl_generator_cpp__visibility_control.hpp
[12.624s] -- Up-to-date: /home/rutika/wormhole_ws/install/multi_map_navigation/include/multi_map_navigation/multi_map_navigation/srv
[12.624s] -- Installing: /home/rutika/wormhole_ws/install/multi_map_navigation/include/multi_map_navigation/multi_map_navigation/srv/get_wormhole.hpp
[12.625s] -- Up-to-date: /home/rutika/wormhole_ws/install/multi_map_navigation/include/multi_map_navigation/multi_map_navigation/srv/detail
[12.625s] -- Installing: /home/rutika/wormhole_ws/install/multi_map_navigation/include/multi_map_navigation/multi_map_navigation/srv/detail/get_wormhole__builder.hpp
[12.625s] -- Installing: /home/rutika/wormhole_ws/install/multi_map_navigation/include/multi_map_navigation/multi_map_navigation/srv/detail/get_wormhole__struct.hpp
[12.625s] -- Installing: /home/rutika/wormhole_ws/install/multi_map_navigation/include/multi_map_navigation/multi_map_navigation/srv/detail/get_wormhole__type_support.hpp
[12.625s] -- Installing: /home/rutika/wormhole_ws/install/multi_map_navigation/include/multi_map_navigation/multi_map_navigation/srv/detail/get_wormhole__traits.hpp
[12.625s] -- Up-to-date: /home/rutika/wormhole_ws/install/multi_map_navigation/include/multi_map_navigation/multi_map_navigation
[12.625s] -- Up-to-date: /home/rutika/wormhole_ws/install/multi_map_navigation/include/multi_map_navigation/multi_map_navigation/action
[12.625s] -- Up-to-date: /home/rutika/wormhole_ws/install/multi_map_navigation/include/multi_map_navigation/multi_map_navigation/action/detail
[12.625s] -- Installing: /home/rutika/wormhole_ws/install/multi_map_navigation/include/multi_map_navigation/multi_map_navigation/action/detail/dds_fastrtps
[12.626s] -- Installing: /home/rutika/wormhole_ws/install/multi_map_navigation/include/multi_map_navigation/multi_map_navigation/action/detail/navigate__rosidl_typesupport_fastrtps_cpp.hpp
[12.626s] -- Up-to-date: /home/rutika/wormhole_ws/install/multi_map_navigation/include/multi_map_navigation/multi_map_navigation/msg
[12.626s] -- Installing: /home/rutika/wormhole_ws/install/multi_map_navigation/include/multi_map_navigation/multi_map_navigation/msg/rosidl_typesupport_fastrtps_cpp__visibility_control.h
[12.626s] -- Up-to-date: /home/rutika/wormhole_ws/install/multi_map_navigation/include/multi_map_navigation/multi_map_navigation/srv
[12.626s] -- Up-to-date: /home/rutika/wormhole_ws/install/multi_map_navigation/include/multi_map_navigation/multi_map_navigation/srv/detail
[12.626s] -- Installing: /home/rutika/wormhole_ws/install/multi_map_navigation/include/multi_map_navigation/multi_map_navigation/srv/detail/dds_fastrtps
[12.626s] -- Installing: /home/rutika/wormhole_ws/install/multi_map_navigation/include/multi_map_navigation/multi_map_navigation/srv/detail/get_wormhole__rosidl_typesupport_fastrtps_cpp.hpp
[12.626s] -- Installing: /home/rutika/wormhole_ws/install/multi_map_navigation/lib/libmulti_map_navigation__rosidl_typesupport_fastrtps_cpp.so
[12.627s] -- Set runtime path of "/home/rutika/wormhole_ws/install/multi_map_navigation/lib/libmulti_map_navigation__rosidl_typesupport_fastrtps_cpp.so" to ""
[12.627s] -- Up-to-date: /home/rutika/wormhole_ws/install/multi_map_navigation/include/multi_map_navigation/multi_map_navigation
[12.627s] -- Up-to-date: /home/rutika/wormhole_ws/install/multi_map_navigation/include/multi_map_navigation/multi_map_navigation/action
[12.627s] -- Up-to-date: /home/rutika/wormhole_ws/install/multi_map_navigation/include/multi_map_navigation/multi_map_navigation/action/detail
[12.627s] -- Installing: /home/rutika/wormhole_ws/install/multi_map_navigation/include/multi_map_navigation/multi_map_navigation/action/detail/navigate__type_support.c
[12.627s] -- Installing: /home/rutika/wormhole_ws/install/multi_map_navigation/include/multi_map_navigation/multi_map_navigation/action/detail/navigate__rosidl_typesupport_introspection_c.h
[12.627s] -- Up-to-date: /home/rutika/wormhole_ws/install/multi_map_navigation/include/multi_map_navigation/multi_map_navigation/msg
[12.627s] -- Installing: /home/rutika/wormhole_ws/install/multi_map_navigation/include/multi_map_navigation/multi_map_navigation/msg/rosidl_typesupport_introspection_c__visibility_control.h
[12.627s] -- Up-to-date: /home/rutika/wormhole_ws/install/multi_map_navigation/include/multi_map_navigation/multi_map_navigation/srv
[12.628s] -- Up-to-date: /home/rutika/wormhole_ws/install/multi_map_navigation/include/multi_map_navigation/multi_map_navigation/srv/detail
[12.628s] -- Installing: /home/rutika/wormhole_ws/install/multi_map_navigation/include/multi_map_navigation/multi_map_navigation/srv/detail/get_wormhole__type_support.c
[12.628s] -- Installing: /home/rutika/wormhole_ws/install/multi_map_navigation/include/multi_map_navigation/multi_map_navigation/srv/detail/get_wormhole__rosidl_typesupport_introspection_c.h
[12.628s] -- Installing: /home/rutika/wormhole_ws/install/multi_map_navigation/lib/libmulti_map_navigation__rosidl_typesupport_introspection_c.so
[12.628s] -- Set runtime path of "/home/rutika/wormhole_ws/install/multi_map_navigation/lib/libmulti_map_navigation__rosidl_typesupport_introspection_c.so" to ""
[12.628s] -- Installing: /home/rutika/wormhole_ws/install/multi_map_navigation/lib/libmulti_map_navigation__rosidl_typesupport_c.so
[12.628s] -- Set runtime path of "/home/rutika/wormhole_ws/install/multi_map_navigation/lib/libmulti_map_navigation__rosidl_typesupport_c.so" to ""
[12.628s] -- Up-to-date: /home/rutika/wormhole_ws/install/multi_map_navigation/include/multi_map_navigation/multi_map_navigation
[12.628s] -- Up-to-date: /home/rutika/wormhole_ws/install/multi_map_navigation/include/multi_map_navigation/multi_map_navigation/action
[12.628s] -- Up-to-date: /home/rutika/wormhole_ws/install/multi_map_navigation/include/multi_map_navigation/multi_map_navigation/action/detail
[12.628s] -- Installing: /home/rutika/wormhole_ws/install/multi_map_navigation/include/multi_map_navigation/multi_map_navigation/action/detail/navigate__rosidl_typesupport_introspection_cpp.hpp
[12.628s] -- Installing: /home/rutika/wormhole_ws/install/multi_map_navigation/include/multi_map_navigation/multi_map_navigation/action/detail/navigate__type_support.cpp
[12.628s] -- Up-to-date: /home/rutika/wormhole_ws/install/multi_map_navigation/include/multi_map_navigation/multi_map_navigation/srv
[12.629s] -- Up-to-date: /home/rutika/wormhole_ws/install/multi_map_navigation/include/multi_map_navigation/multi_map_navigation/srv/detail
[12.629s] -- Installing: /home/rutika/wormhole_ws/install/multi_map_navigation/include/multi_map_navigation/multi_map_navigation/srv/detail/get_wormhole__type_support.cpp
[12.629s] -- Installing: /home/rutika/wormhole_ws/install/multi_map_navigation/include/multi_map_navigation/multi_map_navigation/srv/detail/get_wormhole__rosidl_typesupport_introspection_cpp.hpp
[12.629s] -- Installing: /home/rutika/wormhole_ws/install/multi_map_navigation/lib/libmulti_map_navigation__rosidl_typesupport_introspection_cpp.so
[12.629s] -- Set runtime path of "/home/rutika/wormhole_ws/install/multi_map_navigation/lib/libmulti_map_navigation__rosidl_typesupport_introspection_cpp.so" to ""
[12.629s] -- Installing: /home/rutika/wormhole_ws/install/multi_map_navigation/lib/libmulti_map_navigation__rosidl_typesupport_cpp.so
[12.629s] -- Set runtime path of "/home/rutika/wormhole_ws/install/multi_map_navigation/lib/libmulti_map_navigation__rosidl_typesupport_cpp.so" to ""
[12.629s] -- Installing: /home/rutika/wormhole_ws/install/multi_map_navigation/share/multi_map_navigation/environment/pythonpath.sh
[12.629s] -- Installing: /home/rutika/wormhole_ws/install/multi_map_navigation/share/multi_map_navigation/environment/pythonpath.dsv
[12.629s] -- Installing: /home/rutika/wormhole_ws/install/multi_map_navigation/local/lib/python3.10/dist-packages/multi_map_navigation-0.0.0-py3.10.egg-info
[12.629s] -- Installing: /home/rutika/wormhole_ws/install/multi_map_navigation/local/lib/python3.10/dist-packages/multi_map_navigation-0.0.0-py3.10.egg-info/dependency_links.txt
[12.629s] -- Installing: /home/rutika/wormhole_ws/install/multi_map_navigation/local/lib/python3.10/dist-packages/multi_map_navigation-0.0.0-py3.10.egg-info/SOURCES.txt
[12.629s] -- Installing: /home/rutika/wormhole_ws/install/multi_map_navigation/local/lib/python3.10/dist-packages/multi_map_navigation-0.0.0-py3.10.egg-info/PKG-INFO
[12.629s] -- Installing: /home/rutika/wormhole_ws/install/multi_map_navigation/local/lib/python3.10/dist-packages/multi_map_navigation-0.0.0-py3.10.egg-info/top_level.txt
[12.629s] -- Installing: /home/rutika/wormhole_ws/install/multi_map_navigation/local/lib/python3.10/dist-packages/multi_map_navigation
[12.629s] -- Installing: /home/rutika/wormhole_ws/install/multi_map_navigation/local/lib/python3.10/dist-packages/multi_map_navigation/multi_map_navigation_s__rosidl_typesupport_introspection_c.cpython-310-x86_64-linux-gnu.so
[12.629s] -- Installing: /home/rutika/wormhole_ws/install/multi_map_navigation/local/lib/python3.10/dist-packages/multi_map_navigation/action
[12.629s] -- Installing: /home/rutika/wormhole_ws/install/multi_map_navigation/local/lib/python3.10/dist-packages/multi_map_navigation/action/_navigate.py
[12.629s] -- Installing: /home/rutika/wormhole_ws/install/multi_map_navigation/local/lib/python3.10/dist-packages/multi_map_navigation/action/_navigate_s.c
[12.629s] -- Installing: /home/rutika/wormhole_ws/install/multi_map_navigation/local/lib/python3.10/dist-packages/multi_map_navigation/action/__init__.py
[12.629s] -- Installing: /home/rutika/wormhole_ws/install/multi_map_navigation/local/lib/python3.10/dist-packages/multi_map_navigation/_multi_map_navigation_s.ep.rosidl_typesupport_introspection_c.c
[12.629s] -- Installing: /home/rutika/wormhole_ws/install/multi_map_navigation/local/lib/python3.10/dist-packages/multi_map_navigation/_multi_map_navigation_s.ep.rosidl_typesupport_c.c
[12.629s] -- Installing: /home/rutika/wormhole_ws/install/multi_map_navigation/local/lib/python3.10/dist-packages/multi_map_navigation/srv
[12.629s] -- Installing: /home/rutika/wormhole_ws/install/multi_map_navigation/local/lib/python3.10/dist-packages/multi_map_navigation/srv/_get_wormhole.py
[12.629s] -- Installing: /home/rutika/wormhole_ws/install/multi_map_navigation/local/lib/python3.10/dist-packages/multi_map_navigation/srv/__init__.py
[12.629s] -- Installing: /home/rutika/wormhole_ws/install/multi_map_navigation/local/lib/python3.10/dist-packages/multi_map_navigation/srv/_get_wormhole_s.c
[12.629s] -- Installing: /home/rutika/wormhole_ws/install/multi_map_navigation/local/lib/python3.10/dist-packages/multi_map_navigation/libmulti_map_navigation__rosidl_generator_py.so
[12.629s] -- Installing: /home/rutika/wormhole_ws/install/multi_map_navigation/local/lib/python3.10/dist-packages/multi_map_navigation/multi_map_navigation_s__rosidl_typesupport_fastrtps_c.cpython-310-x86_64-linux-gnu.so
[12.629s] -- Installing: /home/rutika/wormhole_ws/install/multi_map_navigation/local/lib/python3.10/dist-packages/multi_map_navigation/multi_map_navigation_s__rosidl_typesupport_c.cpython-310-x86_64-linux-gnu.so
[12.630s] -- Installing: /home/rutika/wormhole_ws/install/multi_map_navigation/local/lib/python3.10/dist-packages/multi_map_navigation/__init__.py
[12.630s] -- Installing: /home/rutika/wormhole_ws/install/multi_map_navigation/local/lib/python3.10/dist-packages/multi_map_navigation/_multi_map_navigation_s.ep.rosidl_typesupport_fastrtps_c.c
[12.666s] Listing '/home/rutika/wormhole_ws/install/multi_map_navigation/local/lib/python3.10/dist-packages/multi_map_navigation'...
[12.666s] Compiling '/home/rutika/wormhole_ws/install/multi_map_navigation/local/lib/python3.10/dist-packages/multi_map_navigation/__init__.py'...
[12.666s] Listing '/home/rutika/wormhole_ws/install/multi_map_navigation/local/lib/python3.10/dist-packages/multi_map_navigation/action'...
[12.666s] Compiling '/home/rutika/wormhole_ws/install/multi_map_navigation/local/lib/python3.10/dist-packages/multi_map_navigation/action/__init__.py'...
[12.666s] Compiling '/home/rutika/wormhole_ws/install/multi_map_navigation/local/lib/python3.10/dist-packages/multi_map_navigation/action/_navigate.py'...
[12.666s] Listing '/home/rutika/wormhole_ws/install/multi_map_navigation/local/lib/python3.10/dist-packages/multi_map_navigation/srv'...
[12.666s] Compiling '/home/rutika/wormhole_ws/install/multi_map_navigation/local/lib/python3.10/dist-packages/multi_map_navigation/srv/__init__.py'...
[12.667s] Compiling '/home/rutika/wormhole_ws/install/multi_map_navigation/local/lib/python3.10/dist-packages/multi_map_navigation/srv/_get_wormhole.py'...
[12.670s] -- Installing: /home/rutika/wormhole_ws/install/multi_map_navigation/local/lib/python3.10/dist-packages/multi_map_navigation/multi_map_navigation_s__rosidl_typesupport_fastrtps_c.cpython-310-x86_64-linux-gnu.so
[12.670s] -- Set runtime path of "/home/rutika/wormhole_ws/install/multi_map_navigation/local/lib/python3.10/dist-packages/multi_map_navigation/multi_map_navigation_s__rosidl_typesupport_fastrtps_c.cpython-310-x86_64-linux-gnu.so" to ""
[12.670s] -- Installing: /home/rutika/wormhole_ws/install/multi_map_navigation/local/lib/python3.10/dist-packages/multi_map_navigation/multi_map_navigation_s__rosidl_typesupport_introspection_c.cpython-310-x86_64-linux-gnu.so
[12.670s] -- Set runtime path of "/home/rutika/wormhole_ws/install/multi_map_navigation/local/lib/python3.10/dist-packages/multi_map_navigation/multi_map_navigation_s__rosidl_typesupport_introspection_c.cpython-310-x86_64-linux-gnu.so" to ""
[12.670s] -- Installing: /home/rutika/wormhole_ws/install/multi_map_navigation/local/lib/python3.10/dist-packages/multi_map_navigation/multi_map_navigation_s__rosidl_typesupport_c.cpython-310-x86_64-linux-gnu.so
[12.671s] -- Set runtime path of "/home/rutika/wormhole_ws/install/multi_map_navigation/local/lib/python3.10/dist-packages/multi_map_navigation/multi_map_navigation_s__rosidl_typesupport_c.cpython-310-x86_64-linux-gnu.so" to ""
[12.671s] -- Installing: /home/rutika/wormhole_ws/install/multi_map_navigation/lib/libmulti_map_navigation__rosidl_generator_py.so
[12.671s] -- Set runtime path of "/home/rutika/wormhole_ws/install/multi_map_navigation/lib/libmulti_map_navigation__rosidl_generator_py.so" to ""
[12.671s] -- Installing: /home/rutika/wormhole_ws/install/multi_map_navigation/share/multi_map_navigation/srv/GetWormhole.idl
[12.672s] -- Installing: /home/rutika/wormhole_ws/install/multi_map_navigation/share/multi_map_navigation/action/Navigate.idl
[12.672s] -- Installing: /home/rutika/wormhole_ws/install/multi_map_navigation/share/multi_map_navigation/srv/GetWormhole.srv
[12.672s] -- Installing: /home/rutika/wormhole_ws/install/multi_map_navigation/share/multi_map_navigation/srv/GetWormhole_Request.msg
[12.672s] -- Installing: /home/rutika/wormhole_ws/install/multi_map_navigation/share/multi_map_navigation/srv/GetWormhole_Response.msg
[12.672s] -- Installing: /home/rutika/wormhole_ws/install/multi_map_navigation/share/multi_map_navigation/action/Navigate.action
[12.672s] -- Installing: /home/rutika/wormhole_ws/install/multi_map_navigation/lib/multi_map_navigation/wormhole_db_node
[12.672s] -- Set runtime path of "/home/rutika/wormhole_ws/install/multi_map_navigation/lib/multi_map_navigation/wormhole_db_node" to ""
[12.673s] -- Installing: /home/rutika/wormhole_ws/install/multi_map_navigation/lib/multi_map_navigation/multi_map_navigator
[12.675s] -- Set runtime path of "/home/rutika/wormhole_ws/install/multi_map_navigation/lib/multi_map_navigation/multi_map_navigator" to ""
[12.675s] -- Installing: /home/rutika/wormhole_ws/install/multi_map_navigation/share/ament_index/resource_index/package_run_dependencies/multi_map_navigation
[12.676s] -- Installing: /home/rutika/wormhole_ws/install/multi_map_navigation/share/ament_index/resource_index/parent_prefix_path/multi_map_navigation
[12.676s] -- Installing: /home/rutika/wormhole_ws/install/multi_map_navigation/share/multi_map_navigation/environment/ament_prefix_path.sh
[12.676s] -- Installing: /home/rutika/wormhole_ws/install/multi_map_navigation/share/multi_map_navigation/environment/ament_prefix_path.dsv
[12.676s] -- Installing: /home/rutika/wormhole_ws/install/multi_map_navigation/share/multi_map_navigation/environment/path.sh
[12.676s] -- Installing: /home/rutika/wormhole_ws/install/multi_map_navigation/share/multi_map_navigation/environment/path.dsv
[12.676s] -- Installing: /home/rutika/wormhole_ws/install/multi_map_navigation/share/multi_map_navigation/local_setup.bash
[12.677s] -- Installing: /home/rutika/wormhole_ws/install/multi_map_navigation/share/multi_map_navigation/local_setup.sh
[12.677s] -- Installing: /home/rutika/wormhole_ws/install/multi_map_navigation/share/multi_map_navigation/local_setup.zsh
[12.677s] -- Installing: /home/rutika/wormhole_ws/install/multi_map_navigation/share/multi_map_navigation/local_setup.dsv
[12.678s] -- Installing: /home/rutika/wormhole_ws/install/multi_map_navigation/share/multi_map_navigation/package.dsv
[12.678s] -- Installing: /home/rutika/wormhole_ws/install/multi_map_navigation/share/ament_index/resource_index/packages/multi_map_navigation
[12.678s] -- Installing: /home/rutika/wormhole_ws/install/multi_map_navigation/share/multi_map_navigation/cmake/export_multi_map_navigation__rosidl_generator_cExport.cmake
[12.679s] -- Installing: /home/rutika/wormhole_ws/install/multi_map_navigation/share/multi_map_navigation/cmake/export_multi_map_navigation__rosidl_generator_cExport-noconfig.cmake
[12.679s] -- Installing: /home/rutika/wormhole_ws/install/multi_map_navigation/share/multi_map_navigation/cmake/export_multi_map_navigation__rosidl_typesupport_fastrtps_cExport.cmake
[12.679s] -- Installing: /home/rutika/wormhole_ws/install/multi_map_navigation/share/multi_map_navigation/cmake/export_multi_map_navigation__rosidl_typesupport_fastrtps_cExport-noconfig.cmake
[12.679s] -- Installing: /home/rutika/wormhole_ws/install/multi_map_navigation/share/multi_map_navigation/cmake/export_multi_map_navigation__rosidl_generator_cppExport.cmake
[12.680s] -- Installing: /home/rutika/wormhole_ws/install/multi_map_navigation/share/multi_map_navigation/cmake/export_multi_map_navigation__rosidl_typesupport_fastrtps_cppExport.cmake
[12.680s] -- Installing: /home/rutika/wormhole_ws/install/multi_map_navigation/share/multi_map_navigation/cmake/export_multi_map_navigation__rosidl_typesupport_fastrtps_cppExport-noconfig.cmake
[12.680s] -- Installing: /home/rutika/wormhole_ws/install/multi_map_navigation/share/multi_map_navigation/cmake/multi_map_navigation__rosidl_typesupport_introspection_cExport.cmake
[12.680s] -- Installing: /home/rutika/wormhole_ws/install/multi_map_navigation/share/multi_map_navigation/cmake/multi_map_navigation__rosidl_typesupport_introspection_cExport-noconfig.cmake
[12.680s] -- Installing: /home/rutika/wormhole_ws/install/multi_map_navigation/share/multi_map_navigation/cmake/multi_map_navigation__rosidl_typesupport_cExport.cmake
[12.680s] -- Installing: /home/rutika/wormhole_ws/install/multi_map_navigation/share/multi_map_navigation/cmake/multi_map_navigation__rosidl_typesupport_cExport-noconfig.cmake
[12.681s] -- Installing: /home/rutika/wormhole_ws/install/multi_map_navigation/share/multi_map_navigation/cmake/multi_map_navigation__rosidl_typesupport_introspection_cppExport.cmake
[12.681s] -- Installing: /home/rutika/wormhole_ws/install/multi_map_navigation/share/multi_map_navigation/cmake/multi_map_navigation__rosidl_typesupport_introspection_cppExport-noconfig.cmake
[12.681s] -- Installing: /home/rutika/wormhole_ws/install/multi_map_navigation/share/multi_map_navigation/cmake/multi_map_navigation__rosidl_typesupport_cppExport.cmake
[12.681s] -- Installing: /home/rutika/wormhole_ws/install/multi_map_navigation/share/multi_map_navigation/cmake/multi_map_navigation__rosidl_typesupport_cppExport-noconfig.cmake
[12.681s] -- Installing: /home/rutika/wormhole_ws/install/multi_map_navigation/share/multi_map_navigation/cmake/export_multi_map_navigation__rosidl_generator_pyExport.cmake
[12.681s] -- Installing: /home/rutika/wormhole_ws/install/multi_map_navigation/share/multi_map_navigation/cmake/export_multi_map_navigation__rosidl_generator_pyExport-noconfig.cmake
[12.681s] -- Installing: /home/rutika/wormhole_ws/install/multi_map_navigation/share/multi_map_navigation/cmake/rosidl_cmake-extras.cmake
[12.682s] -- Installing: /home/rutika/wormhole_ws/install/multi_map_navigation/share/multi_map_navigation/cmake/ament_cmake_export_dependencies-extras.cmake
[12.682s] -- Installing: /home/rutika/wormhole_ws/install/multi_map_navigation/share/multi_map_navigation/cmake/ament_cmake_export_include_directories-extras.cmake
[12.682s] -- Installing: /home/rutika/wormhole_ws/install/multi_map_navigation/share/multi_map_navigation/cmake/ament_cmake_export_libraries-extras.cmake
[12.682s] -- Installing: /home/rutika/wormhole_ws/install/multi_map_navigation/share/multi_map_navigation/cmake/ament_cmake_export_targets-extras.cmake
[12.682s] -- Installing: /home/rutika/wormhole_ws/install/multi_map_navigation/share/multi_map_navigation/cmake/rosidl_cmake_export_typesupport_targets-extras.cmake
[12.682s] -- Installing: /home/rutika/wormhole_ws/install/multi_map_navigation/share/multi_map_navigation/cmake/rosidl_cmake_export_typesupport_libraries-extras.cmake
[12.682s] -- Installing: /home/rutika/wormhole_ws/install/multi_map_navigation/share/multi_map_navigation/cmake/multi_map_navigationConfig.cmake
[12.682s] -- Installing: /home/rutika/wormhole_ws/install/multi_map_navigation/share/multi_map_navigation/cmake/multi_map_navigationConfig-version.cmake
[12.682s] -- Installing: /home/rutika/wormhole_ws/install/multi_map_navigation/share/multi_map_navigation/package.xml
[12.685s] Invoked command in '/home/rutika/wormhole_ws/build/multi_map_navigation' returned '0': CMAKE_PREFIX_PATH=${CMAKE_PREFIX_PATH}:/home/rutika/rr_ws/install/pick:/home/rutika/adv_ws/install/my_actions_py:/home/rutika/develop_ws/install/my_pub:/home/rutika/rutika_practice_ws/install/practice_pub:/home/rutika/level3_ws/install/actions_py:/home/rutika/practice_ws/install/practice_pkg:/home/rutika/activity_two_ws/install/activity_two_pkg:/home/rutika/ros2_rev_ws/install/my_py_pkg:/home/rutika/rutika_ros_ws/install/rutika_pkg:/home/rutika/ros2_ws/install/my_robot_controller:/home/rutika/course1_ws/install/my_py_pkg:/opt/ros/humble /usr/bin/cmake --install /home/rutika/wormhole_ws/build/multi_map_navigation
