[0.024s] Invoking command in '/home/rutika/wormhole_ws/build/multi_map_navigation': CMAKE_PREFIX_PATH=${CMAKE_PREFIX_PATH}:/home/rutika/rr_ws/install/pick:/home/rutika/adv_ws/install/my_actions_py:/home/rutika/develop_ws/install/my_pub:/home/rutika/rutika_practice_ws/install/practice_pub:/home/rutika/level3_ws/install/actions_py:/home/rutika/practice_ws/install/practice_pkg:/home/rutika/activity_two_ws/install/activity_two_pkg:/home/rutika/ros2_rev_ws/install/my_py_pkg:/home/rutika/rutika_ros_ws/install/rutika_pkg:/home/rutika/ros2_ws/install/my_robot_controller:/home/rutika/course1_ws/install/my_py_pkg:/opt/ros/humble /usr/bin/cmake --build /home/rutika/wormhole_ws/build/multi_map_navigation -- -j8 -l8
[0.172s] [  2%] Built target multi_map_navigation__cpp
[0.174s] [ 11%] Built target multi_map_navigation__rosidl_generator_c
[0.199s] [ 11%] Built target ament_cmake_python_copy_multi_map_navigation
[0.209s] [ 20%] Built target multi_map_navigation__rosidl_typesupport_cpp
[0.210s] [ 30%] Built target multi_map_navigation__rosidl_typesupport_introspection_c
[0.210s] [ 39%] Built target multi_map_navigation__rosidl_typesupport_c
[0.210s] [ 48%] Built target multi_map_navigation__rosidl_typesupport_fastrtps_c
[0.213s] [ 58%] Built target multi_map_navigation__rosidl_typesupport_fastrtps_cpp
[0.213s] [ 67%] Built target multi_map_navigation__rosidl_typesupport_introspection_cpp
[0.232s] [35m[1mConsolidate compiler generated dependencies of target wormhole_db_node[0m
[0.244s] [ 67%] Built target multi_map_navigation
[0.255s] [ 72%] Built target wormhole_db_node
[0.256s] [ 76%] Built target multi_map_navigator
[0.272s] [ 79%] Built target multi_map_navigation__py
[0.301s] [ 86%] Built target multi_map_navigation__rosidl_generator_py
[0.335s] [ 95%] Built target multi_map_navigation__rosidl_typesupport_fastrtps_c__pyext
[0.335s] [ 95%] Built target multi_map_navigation__rosidl_typesupport_c__pyext
[0.336s] [100%] Built target multi_map_navigation__rosidl_typesupport_introspection_c__pyext
[0.495s] running egg_info
[0.496s] writing multi_map_navigation.egg-info/PKG-INFO
[0.496s] writing dependency_links to multi_map_navigation.egg-info/dependency_links.txt
[0.496s] writing top-level names to multi_map_navigation.egg-info/top_level.txt
[0.500s] reading manifest file 'multi_map_navigation.egg-info/SOURCES.txt'
[0.501s] writing manifest file 'multi_map_navigation.egg-info/SOURCES.txt'
[0.523s] [100%] Built target ament_cmake_python_build_multi_map_navigation_egg
[0.534s] Invoked command in '/home/rutika/wormhole_ws/build/multi_map_navigation' returned '0': CMAKE_PREFIX_PATH=${CMAKE_PREFIX_PATH}:/home/rutika/rr_ws/install/pick:/home/rutika/adv_ws/install/my_actions_py:/home/rutika/develop_ws/install/my_pub:/home/rutika/rutika_practice_ws/install/practice_pub:/home/rutika/level3_ws/install/actions_py:/home/rutika/practice_ws/install/practice_pkg:/home/rutika/activity_two_ws/install/activity_two_pkg:/home/rutika/ros2_rev_ws/install/my_py_pkg:/home/rutika/rutika_ros_ws/install/rutika_pkg:/home/rutika/ros2_ws/install/my_robot_controller:/home/rutika/course1_ws/install/my_py_pkg:/opt/ros/humble /usr/bin/cmake --build /home/rutika/wormhole_ws/build/multi_map_navigation -- -j8 -l8
[0.545s] Invoking command in '/home/rutika/wormhole_ws/build/multi_map_navigation': CMAKE_PREFIX_PATH=${CMAKE_PREFIX_PATH}:/home/rutika/rr_ws/install/pick:/home/rutika/adv_ws/install/my_actions_py:/home/rutika/develop_ws/install/my_pub:/home/rutika/rutika_practice_ws/install/practice_pub:/home/rutika/level3_ws/install/actions_py:/home/rutika/practice_ws/install/practice_pkg:/home/rutika/activity_two_ws/install/activity_two_pkg:/home/rutika/ros2_rev_ws/install/my_py_pkg:/home/rutika/rutika_ros_ws/install/rutika_pkg:/home/rutika/ros2_ws/install/my_robot_controller:/home/rutika/course1_ws/install/my_py_pkg:/opt/ros/humble /usr/bin/cmake --install /home/rutika/wormhole_ws/build/multi_map_navigation
[0.555s] -- Install configuration: ""
[0.556s] -- Up-to-date: /home/rutika/wormhole_ws/install/multi_map_navigation/share/ament_index/resource_index/rosidl_interfaces/multi_map_navigation
[0.556s] -- Up-to-date: /home/rutika/wormhole_ws/install/multi_map_navigation/include/multi_map_navigation/multi_map_navigation
[0.556s] -- Up-to-date: /home/rutika/wormhole_ws/install/multi_map_navigation/include/multi_map_navigation/multi_map_navigation/action
[0.556s] -- Up-to-date: /home/rutika/wormhole_ws/install/multi_map_navigation/include/multi_map_navigation/multi_map_navigation/action/navigate.h
[0.556s] -- Up-to-date: /home/rutika/wormhole_ws/install/multi_map_navigation/include/multi_map_navigation/multi_map_navigation/action/detail
[0.557s] -- Up-to-date: /home/rutika/wormhole_ws/install/multi_map_navigation/include/multi_map_navigation/multi_map_navigation/action/detail/navigate__type_support.h
[0.558s] -- Up-to-date: /home/rutika/wormhole_ws/install/multi_map_navigation/include/multi_map_navigation/multi_map_navigation/action/detail/navigate__struct.h
[0.558s] -- Up-to-date: /home/rutika/wormhole_ws/install/multi_map_navigation/include/multi_map_navigation/multi_map_navigation/action/detail/navigate__functions.h
[0.558s] -- Up-to-date: /home/rutika/wormhole_ws/install/multi_map_navigation/include/multi_map_navigation/multi_map_navigation/action/detail/navigate__functions.c
[0.558s] -- Up-to-date: /home/rutika/wormhole_ws/install/multi_map_navigation/include/multi_map_navigation/multi_map_navigation/msg
[0.559s] -- Up-to-date: /home/rutika/wormhole_ws/install/multi_map_navigation/include/multi_map_navigation/multi_map_navigation/msg/rosidl_generator_c__visibility_control.h
[0.559s] -- Up-to-date: /home/rutika/wormhole_ws/install/multi_map_navigation/include/multi_map_navigation/multi_map_navigation/srv
[0.559s] -- Up-to-date: /home/rutika/wormhole_ws/install/multi_map_navigation/include/multi_map_navigation/multi_map_navigation/srv/get_wormhole.h
[0.559s] -- Up-to-date: /home/rutika/wormhole_ws/install/multi_map_navigation/include/multi_map_navigation/multi_map_navigation/srv/detail
[0.559s] -- Up-to-date: /home/rutika/wormhole_ws/install/multi_map_navigation/include/multi_map_navigation/multi_map_navigation/srv/detail/get_wormhole__functions.c
[0.559s] -- Up-to-date: /home/rutika/wormhole_ws/install/multi_map_navigation/include/multi_map_navigation/multi_map_navigation/srv/detail/get_wormhole__type_support.h
[0.559s] -- Up-to-date: /home/rutika/wormhole_ws/install/multi_map_navigation/include/multi_map_navigation/multi_map_navigation/srv/detail/get_wormhole__struct.h
[0.559s] -- Up-to-date: /home/rutika/wormhole_ws/install/multi_map_navigation/include/multi_map_navigation/multi_map_navigation/srv/detail/get_wormhole__functions.h
[0.559s] -- Up-to-date: /home/rutika/wormhole_ws/install/multi_map_navigation/share/multi_map_navigation/environment/library_path.sh
[0.560s] -- Up-to-date: /home/rutika/wormhole_ws/install/multi_map_navigation/share/multi_map_navigation/environment/library_path.dsv
[0.560s] -- Up-to-date: /home/rutika/wormhole_ws/install/multi_map_navigation/lib/libmulti_map_navigation__rosidl_generator_c.so
[0.560s] -- Up-to-date: /home/rutika/wormhole_ws/install/multi_map_navigation/include/multi_map_navigation/multi_map_navigation
[0.560s] -- Up-to-date: /home/rutika/wormhole_ws/install/multi_map_navigation/include/multi_map_navigation/multi_map_navigation/action
[0.560s] -- Up-to-date: /home/rutika/wormhole_ws/install/multi_map_navigation/include/multi_map_navigation/multi_map_navigation/action/detail
[0.561s] -- Up-to-date: /home/rutika/wormhole_ws/install/multi_map_navigation/include/multi_map_navigation/multi_map_navigation/action/detail/navigate__rosidl_typesupport_fastrtps_c.h
[0.561s] -- Up-to-date: /home/rutika/wormhole_ws/install/multi_map_navigation/include/multi_map_navigation/multi_map_navigation/msg
[0.561s] -- Up-to-date: /home/rutika/wormhole_ws/install/multi_map_navigation/include/multi_map_navigation/multi_map_navigation/msg/rosidl_typesupport_fastrtps_c__visibility_control.h
[0.561s] -- Up-to-date: /home/rutika/wormhole_ws/install/multi_map_navigation/include/multi_map_navigation/multi_map_navigation/srv
[0.562s] -- Up-to-date: /home/rutika/wormhole_ws/install/multi_map_navigation/include/multi_map_navigation/multi_map_navigation/srv/detail
[0.562s] -- Up-to-date: /home/rutika/wormhole_ws/install/multi_map_navigation/include/multi_map_navigation/multi_map_navigation/srv/detail/get_wormhole__rosidl_typesupport_fastrtps_c.h
[0.564s] -- Up-to-date: /home/rutika/wormhole_ws/install/multi_map_navigation/lib/libmulti_map_navigation__rosidl_typesupport_fastrtps_c.so
[0.564s] -- Up-to-date: /home/rutika/wormhole_ws/install/multi_map_navigation/include/multi_map_navigation/multi_map_navigation
[0.564s] -- Up-to-date: /home/rutika/wormhole_ws/install/multi_map_navigation/include/multi_map_navigation/multi_map_navigation/action
[0.564s] -- Up-to-date: /home/rutika/wormhole_ws/install/multi_map_navigation/include/multi_map_navigation/multi_map_navigation/action/detail
[0.565s] -- Up-to-date: /home/rutika/wormhole_ws/install/multi_map_navigation/include/multi_map_navigation/multi_map_navigation/action/detail/navigate__struct.hpp
[0.565s] -- Up-to-date: /home/rutika/wormhole_ws/install/multi_map_navigation/include/multi_map_navigation/multi_map_navigation/action/detail/navigate__type_support.hpp
[0.565s] -- Up-to-date: /home/rutika/wormhole_ws/install/multi_map_navigation/include/multi_map_navigation/multi_map_navigation/action/detail/navigate__builder.hpp
[0.565s] -- Up-to-date: /home/rutika/wormhole_ws/install/multi_map_navigation/include/multi_map_navigation/multi_map_navigation/action/detail/navigate__traits.hpp
[0.565s] -- Up-to-date: /home/rutika/wormhole_ws/install/multi_map_navigation/include/multi_map_navigation/multi_map_navigation/action/navigate.hpp
[0.565s] -- Up-to-date: /home/rutika/wormhole_ws/install/multi_map_navigation/include/multi_map_navigation/multi_map_navigation/msg
[0.566s] -- Up-to-date: /home/rutika/wormhole_ws/install/multi_map_navigation/include/multi_map_navigation/multi_map_navigation/msg/rosidl_generator_cpp__visibility_control.hpp
[0.566s] -- Up-to-date: /home/rutika/wormhole_ws/install/multi_map_navigation/include/multi_map_navigation/multi_map_navigation/srv
[0.566s] -- Up-to-date: /home/rutika/wormhole_ws/install/multi_map_navigation/include/multi_map_navigation/multi_map_navigation/srv/get_wormhole.hpp
[0.566s] -- Up-to-date: /home/rutika/wormhole_ws/install/multi_map_navigation/include/multi_map_navigation/multi_map_navigation/srv/detail
[0.566s] -- Up-to-date: /home/rutika/wormhole_ws/install/multi_map_navigation/include/multi_map_navigation/multi_map_navigation/srv/detail/get_wormhole__builder.hpp
[0.566s] -- Up-to-date: /home/rutika/wormhole_ws/install/multi_map_navigation/include/multi_map_navigation/multi_map_navigation/srv/detail/get_wormhole__struct.hpp
[0.566s] -- Up-to-date: /home/rutika/wormhole_ws/install/multi_map_navigation/include/multi_map_navigation/multi_map_navigation/srv/detail/get_wormhole__type_support.hpp
[0.566s] -- Up-to-date: /home/rutika/wormhole_ws/install/multi_map_navigation/include/multi_map_navigation/multi_map_navigation/srv/detail/get_wormhole__traits.hpp
[0.566s] -- Up-to-date: /home/rutika/wormhole_ws/install/multi_map_navigation/include/multi_map_navigation/multi_map_navigation
[0.567s] -- Up-to-date: /home/rutika/wormhole_ws/install/multi_map_navigation/include/multi_map_navigation/multi_map_navigation/action
[0.567s] -- Up-to-date: /home/rutika/wormhole_ws/install/multi_map_navigation/include/multi_map_navigation/multi_map_navigation/action/detail
[0.567s] -- Up-to-date: /home/rutika/wormhole_ws/install/multi_map_navigation/include/multi_map_navigation/multi_map_navigation/action/detail/dds_fastrtps
[0.568s] -- Up-to-date: /home/rutika/wormhole_ws/install/multi_map_navigation/include/multi_map_navigation/multi_map_navigation/action/detail/navigate__rosidl_typesupport_fastrtps_cpp.hpp
[0.568s] -- Up-to-date: /home/rutika/wormhole_ws/install/multi_map_navigation/include/multi_map_navigation/multi_map_navigation/msg
[0.568s] -- Up-to-date: /home/rutika/wormhole_ws/install/multi_map_navigation/include/multi_map_navigation/multi_map_navigation/msg/rosidl_typesupport_fastrtps_cpp__visibility_control.h
[0.569s] -- Up-to-date: /home/rutika/wormhole_ws/install/multi_map_navigation/include/multi_map_navigation/multi_map_navigation/srv
[0.569s] -- Up-to-date: /home/rutika/wormhole_ws/install/multi_map_navigation/include/multi_map_navigation/multi_map_navigation/srv/detail
[0.569s] -- Up-to-date: /home/rutika/wormhole_ws/install/multi_map_navigation/include/multi_map_navigation/multi_map_navigation/srv/detail/dds_fastrtps
[0.569s] -- Up-to-date: /home/rutika/wormhole_ws/install/multi_map_navigation/include/multi_map_navigation/multi_map_navigation/srv/detail/get_wormhole__rosidl_typesupport_fastrtps_cpp.hpp
[0.570s] -- Up-to-date: /home/rutika/wormhole_ws/install/multi_map_navigation/lib/libmulti_map_navigation__rosidl_typesupport_fastrtps_cpp.so
[0.570s] -- Up-to-date: /home/rutika/wormhole_ws/install/multi_map_navigation/include/multi_map_navigation/multi_map_navigation
[0.570s] -- Up-to-date: /home/rutika/wormhole_ws/install/multi_map_navigation/include/multi_map_navigation/multi_map_navigation/action
[0.571s] -- Up-to-date: /home/rutika/wormhole_ws/install/multi_map_navigation/include/multi_map_navigation/multi_map_navigation/action/detail
[0.571s] -- Up-to-date: /home/rutika/wormhole_ws/install/multi_map_navigation/include/multi_map_navigation/multi_map_navigation/action/detail/navigate__type_support.c
[0.571s] -- Up-to-date: /home/rutika/wormhole_ws/install/multi_map_navigation/include/multi_map_navigation/multi_map_navigation/action/detail/navigate__rosidl_typesupport_introspection_c.h
[0.571s] -- Up-to-date: /home/rutika/wormhole_ws/install/multi_map_navigation/include/multi_map_navigation/multi_map_navigation/msg
[0.571s] -- Up-to-date: /home/rutika/wormhole_ws/install/multi_map_navigation/include/multi_map_navigation/multi_map_navigation/msg/rosidl_typesupport_introspection_c__visibility_control.h
[0.572s] -- Up-to-date: /home/rutika/wormhole_ws/install/multi_map_navigation/include/multi_map_navigation/multi_map_navigation/srv
[0.572s] -- Up-to-date: /home/rutika/wormhole_ws/install/multi_map_navigation/include/multi_map_navigation/multi_map_navigation/srv/detail
[0.572s] -- Up-to-date: /home/rutika/wormhole_ws/install/multi_map_navigation/include/multi_map_navigation/multi_map_navigation/srv/detail/get_wormhole__type_support.c
[0.572s] -- Up-to-date: /home/rutika/wormhole_ws/install/multi_map_navigation/include/multi_map_navigation/multi_map_navigation/srv/detail/get_wormhole__rosidl_typesupport_introspection_c.h
[0.573s] -- Up-to-date: /home/rutika/wormhole_ws/install/multi_map_navigation/lib/libmulti_map_navigation__rosidl_typesupport_introspection_c.so
[0.575s] -- Up-to-date: /home/rutika/wormhole_ws/install/multi_map_navigation/lib/libmulti_map_navigation__rosidl_typesupport_c.so
[0.575s] -- Up-to-date: /home/rutika/wormhole_ws/install/multi_map_navigation/include/multi_map_navigation/multi_map_navigation
[0.575s] -- Up-to-date: /home/rutika/wormhole_ws/install/multi_map_navigation/include/multi_map_navigation/multi_map_navigation/action
[0.575s] -- Up-to-date: /home/rutika/wormhole_ws/install/multi_map_navigation/include/multi_map_navigation/multi_map_navigation/action/detail
[0.576s] -- Up-to-date: /home/rutika/wormhole_ws/install/multi_map_navigation/include/multi_map_navigation/multi_map_navigation/action/detail/navigate__rosidl_typesupport_introspection_cpp.hpp
[0.576s] -- Up-to-date: /home/rutika/wormhole_ws/install/multi_map_navigation/include/multi_map_navigation/multi_map_navigation/action/detail/navigate__type_support.cpp
[0.576s] -- Up-to-date: /home/rutika/wormhole_ws/install/multi_map_navigation/include/multi_map_navigation/multi_map_navigation/srv
[0.576s] -- Up-to-date: /home/rutika/wormhole_ws/install/multi_map_navigation/include/multi_map_navigation/multi_map_navigation/srv/detail
[0.576s] -- Up-to-date: /home/rutika/wormhole_ws/install/multi_map_navigation/include/multi_map_navigation/multi_map_navigation/srv/detail/get_wormhole__type_support.cpp
[0.576s] -- Up-to-date: /home/rutika/wormhole_ws/install/multi_map_navigation/include/multi_map_navigation/multi_map_navigation/srv/detail/get_wormhole__rosidl_typesupport_introspection_cpp.hpp
[0.577s] -- Up-to-date: /home/rutika/wormhole_ws/install/multi_map_navigation/lib/libmulti_map_navigation__rosidl_typesupport_introspection_cpp.so
[0.578s] -- Up-to-date: /home/rutika/wormhole_ws/install/multi_map_navigation/lib/libmulti_map_navigation__rosidl_typesupport_cpp.so
[0.579s] -- Up-to-date: /home/rutika/wormhole_ws/install/multi_map_navigation/share/multi_map_navigation/environment/pythonpath.sh
[0.579s] -- Up-to-date: /home/rutika/wormhole_ws/install/multi_map_navigation/share/multi_map_navigation/environment/pythonpath.dsv
[0.580s] -- Up-to-date: /home/rutika/wormhole_ws/install/multi_map_navigation/local/lib/python3.10/dist-packages/multi_map_navigation-0.0.0-py3.10.egg-info
[0.580s] -- Installing: /home/rutika/wormhole_ws/install/multi_map_navigation/local/lib/python3.10/dist-packages/multi_map_navigation-0.0.0-py3.10.egg-info/dependency_links.txt
[0.581s] -- Installing: /home/rutika/wormhole_ws/install/multi_map_navigation/local/lib/python3.10/dist-packages/multi_map_navigation-0.0.0-py3.10.egg-info/SOURCES.txt
[0.581s] -- Installing: /home/rutika/wormhole_ws/install/multi_map_navigation/local/lib/python3.10/dist-packages/multi_map_navigation-0.0.0-py3.10.egg-info/PKG-INFO
[0.581s] -- Installing: /home/rutika/wormhole_ws/install/multi_map_navigation/local/lib/python3.10/dist-packages/multi_map_navigation-0.0.0-py3.10.egg-info/top_level.txt
[0.581s] -- Up-to-date: /home/rutika/wormhole_ws/install/multi_map_navigation/local/lib/python3.10/dist-packages/multi_map_navigation
[0.582s] -- Up-to-date: /home/rutika/wormhole_ws/install/multi_map_navigation/local/lib/python3.10/dist-packages/multi_map_navigation/multi_map_navigation_s__rosidl_typesupport_introspection_c.cpython-310-x86_64-linux-gnu.so
[0.582s] -- Up-to-date: /home/rutika/wormhole_ws/install/multi_map_navigation/local/lib/python3.10/dist-packages/multi_map_navigation/action
[0.582s] -- Up-to-date: /home/rutika/wormhole_ws/install/multi_map_navigation/local/lib/python3.10/dist-packages/multi_map_navigation/action/_navigate.py
[0.582s] -- Up-to-date: /home/rutika/wormhole_ws/install/multi_map_navigation/local/lib/python3.10/dist-packages/multi_map_navigation/action/_navigate_s.c
[0.582s] -- Up-to-date: /home/rutika/wormhole_ws/install/multi_map_navigation/local/lib/python3.10/dist-packages/multi_map_navigation/action/__init__.py
[0.582s] -- Up-to-date: /home/rutika/wormhole_ws/install/multi_map_navigation/local/lib/python3.10/dist-packages/multi_map_navigation/_multi_map_navigation_s.ep.rosidl_typesupport_introspection_c.c
[0.582s] -- Up-to-date: /home/rutika/wormhole_ws/install/multi_map_navigation/local/lib/python3.10/dist-packages/multi_map_navigation/_multi_map_navigation_s.ep.rosidl_typesupport_c.c
[0.582s] -- Up-to-date: /home/rutika/wormhole_ws/install/multi_map_navigation/local/lib/python3.10/dist-packages/multi_map_navigation/srv
[0.582s] -- Up-to-date: /home/rutika/wormhole_ws/install/multi_map_navigation/local/lib/python3.10/dist-packages/multi_map_navigation/srv/_get_wormhole.py
[0.582s] -- Up-to-date: /home/rutika/wormhole_ws/install/multi_map_navigation/local/lib/python3.10/dist-packages/multi_map_navigation/srv/__init__.py
[0.582s] -- Up-to-date: /home/rutika/wormhole_ws/install/multi_map_navigation/local/lib/python3.10/dist-packages/multi_map_navigation/srv/_get_wormhole_s.c
[0.582s] -- Up-to-date: /home/rutika/wormhole_ws/install/multi_map_navigation/local/lib/python3.10/dist-packages/multi_map_navigation/libmulti_map_navigation__rosidl_generator_py.so
[0.582s] -- Up-to-date: /home/rutika/wormhole_ws/install/multi_map_navigation/local/lib/python3.10/dist-packages/multi_map_navigation/multi_map_navigation_s__rosidl_typesupport_fastrtps_c.cpython-310-x86_64-linux-gnu.so
[0.582s] -- Up-to-date: /home/rutika/wormhole_ws/install/multi_map_navigation/local/lib/python3.10/dist-packages/multi_map_navigation/multi_map_navigation_s__rosidl_typesupport_c.cpython-310-x86_64-linux-gnu.so
[0.582s] -- Up-to-date: /home/rutika/wormhole_ws/install/multi_map_navigation/local/lib/python3.10/dist-packages/multi_map_navigation/__init__.py
[0.582s] -- Up-to-date: /home/rutika/wormhole_ws/install/multi_map_navigation/local/lib/python3.10/dist-packages/multi_map_navigation/_multi_map_navigation_s.ep.rosidl_typesupport_fastrtps_c.c
[0.625s] Listing '/home/rutika/wormhole_ws/install/multi_map_navigation/local/lib/python3.10/dist-packages/multi_map_navigation'...
[0.625s] Listing '/home/rutika/wormhole_ws/install/multi_map_navigation/local/lib/python3.10/dist-packages/multi_map_navigation/action'...
[0.625s] Listing '/home/rutika/wormhole_ws/install/multi_map_navigation/local/lib/python3.10/dist-packages/multi_map_navigation/srv'...
[0.632s] -- Up-to-date: /home/rutika/wormhole_ws/install/multi_map_navigation/local/lib/python3.10/dist-packages/multi_map_navigation/multi_map_navigation_s__rosidl_typesupport_fastrtps_c.cpython-310-x86_64-linux-gnu.so
[0.633s] -- Up-to-date: /home/rutika/wormhole_ws/install/multi_map_navigation/local/lib/python3.10/dist-packages/multi_map_navigation/multi_map_navigation_s__rosidl_typesupport_introspection_c.cpython-310-x86_64-linux-gnu.so
[0.635s] -- Up-to-date: /home/rutika/wormhole_ws/install/multi_map_navigation/local/lib/python3.10/dist-packages/multi_map_navigation/multi_map_navigation_s__rosidl_typesupport_c.cpython-310-x86_64-linux-gnu.so
[0.636s] -- Up-to-date: /home/rutika/wormhole_ws/install/multi_map_navigation/lib/libmulti_map_navigation__rosidl_generator_py.so
[0.636s] -- Up-to-date: /home/rutika/wormhole_ws/install/multi_map_navigation/share/multi_map_navigation/srv/GetWormhole.idl
[0.636s] -- Up-to-date: /home/rutika/wormhole_ws/install/multi_map_navigation/share/multi_map_navigation/action/Navigate.idl
[0.636s] -- Up-to-date: /home/rutika/wormhole_ws/install/multi_map_navigation/share/multi_map_navigation/srv/GetWormhole.srv
[0.637s] -- Up-to-date: /home/rutika/wormhole_ws/install/multi_map_navigation/share/multi_map_navigation/srv/GetWormhole_Request.msg
[0.637s] -- Up-to-date: /home/rutika/wormhole_ws/install/multi_map_navigation/share/multi_map_navigation/srv/GetWormhole_Response.msg
[0.637s] -- Up-to-date: /home/rutika/wormhole_ws/install/multi_map_navigation/share/multi_map_navigation/action/Navigate.action
[0.637s] -- Up-to-date: /home/rutika/wormhole_ws/install/multi_map_navigation/lib/multi_map_navigation/wormhole_db_node
[0.638s] -- Up-to-date: /home/rutika/wormhole_ws/install/multi_map_navigation/lib/multi_map_navigation/multi_map_navigator
[0.638s] -- Up-to-date: /home/rutika/wormhole_ws/install/multi_map_navigation/share/multi_map_navigation//launch
[0.639s] -- Installing: /home/rutika/wormhole_ws/install/multi_map_navigation/share/multi_map_navigation//launch/multi_map_navigation.launch.py
[0.639s] -- Up-to-date: /home/rutika/wormhole_ws/install/multi_map_navigation/share/ament_index/resource_index/package_run_dependencies/multi_map_navigation
[0.639s] -- Up-to-date: /home/rutika/wormhole_ws/install/multi_map_navigation/share/ament_index/resource_index/parent_prefix_path/multi_map_navigation
[0.640s] -- Up-to-date: /home/rutika/wormhole_ws/install/multi_map_navigation/share/multi_map_navigation/environment/ament_prefix_path.sh
[0.640s] -- Up-to-date: /home/rutika/wormhole_ws/install/multi_map_navigation/share/multi_map_navigation/environment/ament_prefix_path.dsv
[0.640s] -- Up-to-date: /home/rutika/wormhole_ws/install/multi_map_navigation/share/multi_map_navigation/environment/path.sh
[0.640s] -- Up-to-date: /home/rutika/wormhole_ws/install/multi_map_navigation/share/multi_map_navigation/environment/path.dsv
[0.640s] -- Up-to-date: /home/rutika/wormhole_ws/install/multi_map_navigation/share/multi_map_navigation/local_setup.bash
[0.640s] -- Up-to-date: /home/rutika/wormhole_ws/install/multi_map_navigation/share/multi_map_navigation/local_setup.sh
[0.640s] -- Up-to-date: /home/rutika/wormhole_ws/install/multi_map_navigation/share/multi_map_navigation/local_setup.zsh
[0.640s] -- Up-to-date: /home/rutika/wormhole_ws/install/multi_map_navigation/share/multi_map_navigation/local_setup.dsv
[0.640s] -- Installing: /home/rutika/wormhole_ws/install/multi_map_navigation/share/multi_map_navigation/package.dsv
[0.640s] -- Up-to-date: /home/rutika/wormhole_ws/install/multi_map_navigation/share/ament_index/resource_index/packages/multi_map_navigation
[0.641s] -- Up-to-date: /home/rutika/wormhole_ws/install/multi_map_navigation/share/multi_map_navigation/cmake/export_multi_map_navigation__rosidl_generator_cExport.cmake
[0.641s] -- Up-to-date: /home/rutika/wormhole_ws/install/multi_map_navigation/share/multi_map_navigation/cmake/export_multi_map_navigation__rosidl_generator_cExport-noconfig.cmake
[0.642s] -- Up-to-date: /home/rutika/wormhole_ws/install/multi_map_navigation/share/multi_map_navigation/cmake/export_multi_map_navigation__rosidl_typesupport_fastrtps_cExport.cmake
[0.642s] -- Up-to-date: /home/rutika/wormhole_ws/install/multi_map_navigation/share/multi_map_navigation/cmake/export_multi_map_navigation__rosidl_typesupport_fastrtps_cExport-noconfig.cmake
[0.643s] -- Up-to-date: /home/rutika/wormhole_ws/install/multi_map_navigation/share/multi_map_navigation/cmake/export_multi_map_navigation__rosidl_generator_cppExport.cmake
[0.644s] -- Up-to-date: /home/rutika/wormhole_ws/install/multi_map_navigation/share/multi_map_navigation/cmake/export_multi_map_navigation__rosidl_typesupport_fastrtps_cppExport.cmake
[0.644s] -- Up-to-date: /home/rutika/wormhole_ws/install/multi_map_navigation/share/multi_map_navigation/cmake/export_multi_map_navigation__rosidl_typesupport_fastrtps_cppExport-noconfig.cmake
[0.644s] -- Up-to-date: /home/rutika/wormhole_ws/install/multi_map_navigation/share/multi_map_navigation/cmake/multi_map_navigation__rosidl_typesupport_introspection_cExport.cmake
[0.644s] -- Up-to-date: /home/rutika/wormhole_ws/install/multi_map_navigation/share/multi_map_navigation/cmake/multi_map_navigation__rosidl_typesupport_introspection_cExport-noconfig.cmake
[0.646s] -- Up-to-date: /home/rutika/wormhole_ws/install/multi_map_navigation/share/multi_map_navigation/cmake/multi_map_navigation__rosidl_typesupport_cExport.cmake
[0.646s] -- Up-to-date: /home/rutika/wormhole_ws/install/multi_map_navigation/share/multi_map_navigation/cmake/multi_map_navigation__rosidl_typesupport_cExport-noconfig.cmake
[0.646s] -- Up-to-date: /home/rutika/wormhole_ws/install/multi_map_navigation/share/multi_map_navigation/cmake/multi_map_navigation__rosidl_typesupport_introspection_cppExport.cmake
[0.646s] -- Up-to-date: /home/rutika/wormhole_ws/install/multi_map_navigation/share/multi_map_navigation/cmake/multi_map_navigation__rosidl_typesupport_introspection_cppExport-noconfig.cmake
[0.647s] -- Up-to-date: /home/rutika/wormhole_ws/install/multi_map_navigation/share/multi_map_navigation/cmake/multi_map_navigation__rosidl_typesupport_cppExport.cmake
[0.647s] -- Up-to-date: /home/rutika/wormhole_ws/install/multi_map_navigation/share/multi_map_navigation/cmake/multi_map_navigation__rosidl_typesupport_cppExport-noconfig.cmake
[0.648s] -- Up-to-date: /home/rutika/wormhole_ws/install/multi_map_navigation/share/multi_map_navigation/cmake/export_multi_map_navigation__rosidl_generator_pyExport.cmake
[0.648s] -- Up-to-date: /home/rutika/wormhole_ws/install/multi_map_navigation/share/multi_map_navigation/cmake/export_multi_map_navigation__rosidl_generator_pyExport-noconfig.cmake
[0.648s] -- Up-to-date: /home/rutika/wormhole_ws/install/multi_map_navigation/share/multi_map_navigation/cmake/rosidl_cmake-extras.cmake
[0.648s] -- Up-to-date: /home/rutika/wormhole_ws/install/multi_map_navigation/share/multi_map_navigation/cmake/ament_cmake_export_dependencies-extras.cmake
[0.648s] -- Up-to-date: /home/rutika/wormhole_ws/install/multi_map_navigation/share/multi_map_navigation/cmake/ament_cmake_export_include_directories-extras.cmake
[0.649s] -- Up-to-date: /home/rutika/wormhole_ws/install/multi_map_navigation/share/multi_map_navigation/cmake/ament_cmake_export_libraries-extras.cmake
[0.649s] -- Up-to-date: /home/rutika/wormhole_ws/install/multi_map_navigation/share/multi_map_navigation/cmake/ament_cmake_export_targets-extras.cmake
[0.649s] -- Up-to-date: /home/rutika/wormhole_ws/install/multi_map_navigation/share/multi_map_navigation/cmake/rosidl_cmake_export_typesupport_targets-extras.cmake
[0.649s] -- Up-to-date: /home/rutika/wormhole_ws/install/multi_map_navigation/share/multi_map_navigation/cmake/rosidl_cmake_export_typesupport_libraries-extras.cmake
[0.649s] -- Up-to-date: /home/rutika/wormhole_ws/install/multi_map_navigation/share/multi_map_navigation/cmake/multi_map_navigationConfig.cmake
[0.649s] -- Up-to-date: /home/rutika/wormhole_ws/install/multi_map_navigation/share/multi_map_navigation/cmake/multi_map_navigationConfig-version.cmake
[0.649s] -- Up-to-date: /home/rutika/wormhole_ws/install/multi_map_navigation/share/multi_map_navigation/package.xml
[0.651s] Invoked command in '/home/rutika/wormhole_ws/build/multi_map_navigation' returned '0': CMAKE_PREFIX_PATH=${CMAKE_PREFIX_PATH}:/home/rutika/rr_ws/install/pick:/home/rutika/adv_ws/install/my_actions_py:/home/rutika/develop_ws/install/my_pub:/home/rutika/rutika_practice_ws/install/practice_pub:/home/rutika/level3_ws/install/actions_py:/home/rutika/practice_ws/install/practice_pkg:/home/rutika/activity_two_ws/install/activity_two_pkg:/home/rutika/ros2_rev_ws/install/my_py_pkg:/home/rutika/rutika_ros_ws/install/rutika_pkg:/home/rutika/ros2_ws/install/my_robot_controller:/home/rutika/course1_ws/install/my_py_pkg:/opt/ros/humble /usr/bin/cmake --install /home/rutika/wormhole_ws/build/multi_map_navigation
