-- Found ament_cmake: 1.3.11 (/opt/ros/humble/share/ament_cmake/cmake)
-- Found rclcpp: 16.0.11 (/opt/ros/humble/share/rclcpp/cmake)
-- Found rosidl_generator_c: 3.1.6 (/opt/ros/humble/share/rosidl_generator_c/cmake)
-- Found rosidl_adapter: 3.1.6 (/opt/ros/humble/share/rosidl_adapter/cmake)
-- Found rosidl_generator_cpp: 3.1.6 (/opt/ros/humble/share/rosidl_generator_cpp/cmake)
-- Using all available rosidl_typesupport_c: rosidl_typesupport_fastrtps_c;rosidl_typesupport_introspection_c
-- Using all available rosidl_typesupport_cpp: rosidl_typesupport_fastrtps_cpp;rosidl_typesupport_introspection_cpp
-- Found rmw_implementation_cmake: 6.1.2 (/opt/ros/humble/share/rmw_implementation_cmake/cmake)
-- Found rmw_cyclonedds_cpp: 1.3.4 (/opt/ros/humble/share/rmw_cyclonedds_cpp/cmake)
-- Using RMW implementation 'rmw_cyclonedds_cpp' as default
-- Found rclcpp_action: 16.0.11 (/opt/ros/humble/share/rclcpp_action/cmake)
-- Found nav_msgs: 4.2.4 (/opt/ros/humble/share/nav_msgs/cmake)
-- Found rosidl_default_generators: 1.2.0 (/opt/ros/humble/share/rosidl_default_generators/cmake)
-- Found ament_cmake_ros: 0.10.0 (/opt/ros/humble/share/ament_cmake_ros/cmake)
-- Using all available rosidl_typesupport_c: rosidl_typesupport_fastrtps_c;rosidl_typesupport_introspection_c
-- Using all available rosidl_typesupport_cpp: rosidl_typesupport_fastrtps_cpp;rosidl_typesupport_introspection_cpp
-- Found python_cmake_module: 0.10.0 (/opt/ros/humble/share/python_cmake_module/cmake)
-- Using PYTHON_EXECUTABLE: /usr/bin/python3
-- Using PYTHON_INCLUDE_DIRS: /usr/include/python3.10
-- Using PYTHON_LIBRARIES: /usr/lib/x86_64-linux-gnu/libpython3.10.so
-- Found ament_lint_auto: 0.12.11 (/opt/ros/humble/share/ament_lint_auto/cmake)
-- Added test 'copyright' to check source files copyright and LICENSE
-- Added test 'cppcheck' to perform static code analysis on C / C++ code
-- Configured cppcheck include dirs: 
-- Configured cppcheck exclude dirs and/or files: 
-- Added test 'cpplint' to check C / C++ code against the Google style
-- Configured cpplint exclude dirs and/or files: 
-- Added test 'lint_cmake' to check CMake code style
-- Added test 'uncrustify' to check C / C++ code style
-- Configured uncrustify additional arguments: 
-- Added test 'xmllint' to check XML markup files
-- Configuring done
-- Generating done
-- Build files have been written to: /home/rutika/wormhole_ws/build/multi_map_navigation
[35m[1mConsolidate compiler generated dependencies of target multi_map_navigation__rosidl_generator_c[0m
[  6%] Built target multi_map_navigation__cpp
[ 11%] Built target multi_map_navigation__rosidl_generator_c
[ 11%] Built target ament_cmake_python_copy_multi_map_navigation
[35m[1mConsolidate compiler generated dependencies of target multi_map_navigation__rosidl_typesupport_fastrtps_cpp[0m
[35m[1mConsolidate compiler generated dependencies of target multi_map_navigation__rosidl_typesupport_c[0m
[35m[1mConsolidate compiler generated dependencies of target multi_map_navigation__rosidl_typesupport_introspection_cpp[0m
[35m[1mConsolidate compiler generated dependencies of target multi_map_navigation__rosidl_typesupport_cpp[0m
[35m[1mConsolidate compiler generated dependencies of target multi_map_navigation__rosidl_typesupport_fastrtps_c[0m
[35m[1mConsolidate compiler generated dependencies of target multi_map_navigation__rosidl_typesupport_introspection_c[0m
[ 20%] Built target multi_map_navigation__rosidl_typesupport_c
[ 30%] Built target multi_map_navigation__rosidl_typesupport_fastrtps_cpp
[ 48%] Built target multi_map_navigation__rosidl_typesupport_cpp
[ 48%] Built target multi_map_navigation__rosidl_typesupport_fastrtps_c
[ 58%] Built target multi_map_navigation__rosidl_typesupport_introspection_cpp
[ 67%] Built target multi_map_navigation__rosidl_typesupport_introspection_c
[35m[1mConsolidate compiler generated dependencies of target wormhole_db_node[0m
[35m[1mConsolidate compiler generated dependencies of target multi_map_navigator[0m
[ 72%] Built target wormhole_db_node
[ 72%] Built target multi_map_navigation
[ 76%] Built target multi_map_navigator
[ 79%] Built target multi_map_navigation__py
[35m[1mConsolidate compiler generated dependencies of target multi_map_navigation__rosidl_generator_py[0m
[ 86%] Built target multi_map_navigation__rosidl_generator_py
[35m[1mConsolidate compiler generated dependencies of target multi_map_navigation__rosidl_typesupport_c__pyext[0m
[35m[1mConsolidate compiler generated dependencies of target multi_map_navigation__rosidl_typesupport_fastrtps_c__pyext[0m
[35m[1mConsolidate compiler generated dependencies of target multi_map_navigation__rosidl_typesupport_introspection_c__pyext[0m
[ 90%] Built target multi_map_navigation__rosidl_typesupport_c__pyext
[100%] Built target multi_map_navigation__rosidl_typesupport_introspection_c__pyext
[100%] Built target multi_map_navigation__rosidl_typesupport_fastrtps_c__pyext
running egg_info
writing multi_map_navigation.egg-info/PKG-INFO
writing dependency_links to multi_map_navigation.egg-info/dependency_links.txt
writing top-level names to multi_map_navigation.egg-info/top_level.txt
reading manifest file 'multi_map_navigation.egg-info/SOURCES.txt'
writing manifest file 'multi_map_navigation.egg-info/SOURCES.txt'
[100%] Built target ament_cmake_python_build_multi_map_navigation_egg
-- Install configuration: ""
-- Up-to-date: /home/rutika/wormhole_ws/install/multi_map_navigation/share/ament_index/resource_index/rosidl_interfaces/multi_map_navigation
-- Up-to-date: /home/rutika/wormhole_ws/install/multi_map_navigation/include/multi_map_navigation/multi_map_navigation
-- Up-to-date: /home/rutika/wormhole_ws/install/multi_map_navigation/include/multi_map_navigation/multi_map_navigation/action
-- Up-to-date: /home/rutika/wormhole_ws/install/multi_map_navigation/include/multi_map_navigation/multi_map_navigation/action/navigate.h
-- Up-to-date: /home/rutika/wormhole_ws/install/multi_map_navigation/include/multi_map_navigation/multi_map_navigation/action/detail
-- Up-to-date: /home/rutika/wormhole_ws/install/multi_map_navigation/include/multi_map_navigation/multi_map_navigation/action/detail/navigate__type_support.h
-- Up-to-date: /home/rutika/wormhole_ws/install/multi_map_navigation/include/multi_map_navigation/multi_map_navigation/action/detail/navigate__struct.h
-- Up-to-date: /home/rutika/wormhole_ws/install/multi_map_navigation/include/multi_map_navigation/multi_map_navigation/action/detail/navigate__functions.h
-- Up-to-date: /home/rutika/wormhole_ws/install/multi_map_navigation/include/multi_map_navigation/multi_map_navigation/action/detail/navigate__functions.c
-- Up-to-date: /home/rutika/wormhole_ws/install/multi_map_navigation/include/multi_map_navigation/multi_map_navigation/msg
-- Up-to-date: /home/rutika/wormhole_ws/install/multi_map_navigation/include/multi_map_navigation/multi_map_navigation/msg/rosidl_generator_c__visibility_control.h
-- Up-to-date: /home/rutika/wormhole_ws/install/multi_map_navigation/include/multi_map_navigation/multi_map_navigation/srv
-- Up-to-date: /home/rutika/wormhole_ws/install/multi_map_navigation/include/multi_map_navigation/multi_map_navigation/srv/get_wormhole.h
-- Up-to-date: /home/rutika/wormhole_ws/install/multi_map_navigation/include/multi_map_navigation/multi_map_navigation/srv/detail
-- Up-to-date: /home/rutika/wormhole_ws/install/multi_map_navigation/include/multi_map_navigation/multi_map_navigation/srv/detail/get_wormhole__functions.c
-- Up-to-date: /home/rutika/wormhole_ws/install/multi_map_navigation/include/multi_map_navigation/multi_map_navigation/srv/detail/get_wormhole__type_support.h
-- Up-to-date: /home/rutika/wormhole_ws/install/multi_map_navigation/include/multi_map_navigation/multi_map_navigation/srv/detail/get_wormhole__struct.h
-- Up-to-date: /home/rutika/wormhole_ws/install/multi_map_navigation/include/multi_map_navigation/multi_map_navigation/srv/detail/get_wormhole__functions.h
-- Up-to-date: /home/rutika/wormhole_ws/install/multi_map_navigation/share/multi_map_navigation/environment/library_path.sh
-- Installing: /home/rutika/wormhole_ws/install/multi_map_navigation/share/multi_map_navigation/environment/library_path.dsv
-- Up-to-date: /home/rutika/wormhole_ws/install/multi_map_navigation/lib/libmulti_map_navigation__rosidl_generator_c.so
-- Up-to-date: /home/rutika/wormhole_ws/install/multi_map_navigation/include/multi_map_navigation/multi_map_navigation
-- Up-to-date: /home/rutika/wormhole_ws/install/multi_map_navigation/include/multi_map_navigation/multi_map_navigation/action
-- Up-to-date: /home/rutika/wormhole_ws/install/multi_map_navigation/include/multi_map_navigation/multi_map_navigation/action/detail
-- Up-to-date: /home/rutika/wormhole_ws/install/multi_map_navigation/include/multi_map_navigation/multi_map_navigation/action/detail/navigate__rosidl_typesupport_fastrtps_c.h
-- Up-to-date: /home/rutika/wormhole_ws/install/multi_map_navigation/include/multi_map_navigation/multi_map_navigation/msg
-- Up-to-date: /home/rutika/wormhole_ws/install/multi_map_navigation/include/multi_map_navigation/multi_map_navigation/msg/rosidl_typesupport_fastrtps_c__visibility_control.h
-- Up-to-date: /home/rutika/wormhole_ws/install/multi_map_navigation/include/multi_map_navigation/multi_map_navigation/srv
-- Up-to-date: /home/rutika/wormhole_ws/install/multi_map_navigation/include/multi_map_navigation/multi_map_navigation/srv/detail
-- Up-to-date: /home/rutika/wormhole_ws/install/multi_map_navigation/include/multi_map_navigation/multi_map_navigation/srv/detail/get_wormhole__rosidl_typesupport_fastrtps_c.h
-- Up-to-date: /home/rutika/wormhole_ws/install/multi_map_navigation/lib/libmulti_map_navigation__rosidl_typesupport_fastrtps_c.so
-- Up-to-date: /home/rutika/wormhole_ws/install/multi_map_navigation/include/multi_map_navigation/multi_map_navigation
-- Up-to-date: /home/rutika/wormhole_ws/install/multi_map_navigation/include/multi_map_navigation/multi_map_navigation/action
-- Up-to-date: /home/rutika/wormhole_ws/install/multi_map_navigation/include/multi_map_navigation/multi_map_navigation/action/detail
-- Up-to-date: /home/rutika/wormhole_ws/install/multi_map_navigation/include/multi_map_navigation/multi_map_navigation/action/detail/navigate__struct.hpp
-- Up-to-date: /home/rutika/wormhole_ws/install/multi_map_navigation/include/multi_map_navigation/multi_map_navigation/action/detail/navigate__type_support.hpp
-- Up-to-date: /home/rutika/wormhole_ws/install/multi_map_navigation/include/multi_map_navigation/multi_map_navigation/action/detail/navigate__builder.hpp
-- Up-to-date: /home/rutika/wormhole_ws/install/multi_map_navigation/include/multi_map_navigation/multi_map_navigation/action/detail/navigate__traits.hpp
-- Up-to-date: /home/rutika/wormhole_ws/install/multi_map_navigation/include/multi_map_navigation/multi_map_navigation/action/navigate.hpp
-- Up-to-date: /home/rutika/wormhole_ws/install/multi_map_navigation/include/multi_map_navigation/multi_map_navigation/msg
-- Up-to-date: /home/rutika/wormhole_ws/install/multi_map_navigation/include/multi_map_navigation/multi_map_navigation/msg/rosidl_generator_cpp__visibility_control.hpp
-- Up-to-date: /home/rutika/wormhole_ws/install/multi_map_navigation/include/multi_map_navigation/multi_map_navigation/srv
-- Up-to-date: /home/rutika/wormhole_ws/install/multi_map_navigation/include/multi_map_navigation/multi_map_navigation/srv/get_wormhole.hpp
-- Up-to-date: /home/rutika/wormhole_ws/install/multi_map_navigation/include/multi_map_navigation/multi_map_navigation/srv/detail
-- Up-to-date: /home/rutika/wormhole_ws/install/multi_map_navigation/include/multi_map_navigation/multi_map_navigation/srv/detail/get_wormhole__builder.hpp
-- Up-to-date: /home/rutika/wormhole_ws/install/multi_map_navigation/include/multi_map_navigation/multi_map_navigation/srv/detail/get_wormhole__struct.hpp
-- Up-to-date: /home/rutika/wormhole_ws/install/multi_map_navigation/include/multi_map_navigation/multi_map_navigation/srv/detail/get_wormhole__type_support.hpp
-- Up-to-date: /home/rutika/wormhole_ws/install/multi_map_navigation/include/multi_map_navigation/multi_map_navigation/srv/detail/get_wormhole__traits.hpp
-- Up-to-date: /home/rutika/wormhole_ws/install/multi_map_navigation/include/multi_map_navigation/multi_map_navigation
-- Up-to-date: /home/rutika/wormhole_ws/install/multi_map_navigation/include/multi_map_navigation/multi_map_navigation/action
-- Up-to-date: /home/rutika/wormhole_ws/install/multi_map_navigation/include/multi_map_navigation/multi_map_navigation/action/detail
-- Up-to-date: /home/rutika/wormhole_ws/install/multi_map_navigation/include/multi_map_navigation/multi_map_navigation/action/detail/dds_fastrtps
-- Up-to-date: /home/rutika/wormhole_ws/install/multi_map_navigation/include/multi_map_navigation/multi_map_navigation/action/detail/navigate__rosidl_typesupport_fastrtps_cpp.hpp
-- Up-to-date: /home/rutika/wormhole_ws/install/multi_map_navigation/include/multi_map_navigation/multi_map_navigation/msg
-- Up-to-date: /home/rutika/wormhole_ws/install/multi_map_navigation/include/multi_map_navigation/multi_map_navigation/msg/rosidl_typesupport_fastrtps_cpp__visibility_control.h
-- Up-to-date: /home/rutika/wormhole_ws/install/multi_map_navigation/include/multi_map_navigation/multi_map_navigation/srv
-- Up-to-date: /home/rutika/wormhole_ws/install/multi_map_navigation/include/multi_map_navigation/multi_map_navigation/srv/detail
-- Up-to-date: /home/rutika/wormhole_ws/install/multi_map_navigation/include/multi_map_navigation/multi_map_navigation/srv/detail/dds_fastrtps
-- Up-to-date: /home/rutika/wormhole_ws/install/multi_map_navigation/include/multi_map_navigation/multi_map_navigation/srv/detail/get_wormhole__rosidl_typesupport_fastrtps_cpp.hpp
-- Up-to-date: /home/rutika/wormhole_ws/install/multi_map_navigation/lib/libmulti_map_navigation__rosidl_typesupport_fastrtps_cpp.so
-- Up-to-date: /home/rutika/wormhole_ws/install/multi_map_navigation/include/multi_map_navigation/multi_map_navigation
-- Up-to-date: /home/rutika/wormhole_ws/install/multi_map_navigation/include/multi_map_navigation/multi_map_navigation/action
-- Up-to-date: /home/rutika/wormhole_ws/install/multi_map_navigation/include/multi_map_navigation/multi_map_navigation/action/detail
-- Up-to-date: /home/rutika/wormhole_ws/install/multi_map_navigation/include/multi_map_navigation/multi_map_navigation/action/detail/navigate__type_support.c
-- Up-to-date: /home/rutika/wormhole_ws/install/multi_map_navigation/include/multi_map_navigation/multi_map_navigation/action/detail/navigate__rosidl_typesupport_introspection_c.h
-- Up-to-date: /home/rutika/wormhole_ws/install/multi_map_navigation/include/multi_map_navigation/multi_map_navigation/msg
-- Up-to-date: /home/rutika/wormhole_ws/install/multi_map_navigation/include/multi_map_navigation/multi_map_navigation/msg/rosidl_typesupport_introspection_c__visibility_control.h
-- Up-to-date: /home/rutika/wormhole_ws/install/multi_map_navigation/include/multi_map_navigation/multi_map_navigation/srv
-- Up-to-date: /home/rutika/wormhole_ws/install/multi_map_navigation/include/multi_map_navigation/multi_map_navigation/srv/detail
-- Up-to-date: /home/rutika/wormhole_ws/install/multi_map_navigation/include/multi_map_navigation/multi_map_navigation/srv/detail/get_wormhole__type_support.c
-- Up-to-date: /home/rutika/wormhole_ws/install/multi_map_navigation/include/multi_map_navigation/multi_map_navigation/srv/detail/get_wormhole__rosidl_typesupport_introspection_c.h
-- Up-to-date: /home/rutika/wormhole_ws/install/multi_map_navigation/lib/libmulti_map_navigation__rosidl_typesupport_introspection_c.so
-- Up-to-date: /home/rutika/wormhole_ws/install/multi_map_navigation/lib/libmulti_map_navigation__rosidl_typesupport_c.so
-- Up-to-date: /home/rutika/wormhole_ws/install/multi_map_navigation/include/multi_map_navigation/multi_map_navigation
-- Up-to-date: /home/rutika/wormhole_ws/install/multi_map_navigation/include/multi_map_navigation/multi_map_navigation/action
-- Up-to-date: /home/rutika/wormhole_ws/install/multi_map_navigation/include/multi_map_navigation/multi_map_navigation/action/detail
-- Up-to-date: /home/rutika/wormhole_ws/install/multi_map_navigation/include/multi_map_navigation/multi_map_navigation/action/detail/navigate__rosidl_typesupport_introspection_cpp.hpp
-- Up-to-date: /home/rutika/wormhole_ws/install/multi_map_navigation/include/multi_map_navigation/multi_map_navigation/action/detail/navigate__type_support.cpp
-- Up-to-date: /home/rutika/wormhole_ws/install/multi_map_navigation/include/multi_map_navigation/multi_map_navigation/srv
-- Up-to-date: /home/rutika/wormhole_ws/install/multi_map_navigation/include/multi_map_navigation/multi_map_navigation/srv/detail
-- Up-to-date: /home/rutika/wormhole_ws/install/multi_map_navigation/include/multi_map_navigation/multi_map_navigation/srv/detail/get_wormhole__type_support.cpp
-- Up-to-date: /home/rutika/wormhole_ws/install/multi_map_navigation/include/multi_map_navigation/multi_map_navigation/srv/detail/get_wormhole__rosidl_typesupport_introspection_cpp.hpp
-- Up-to-date: /home/rutika/wormhole_ws/install/multi_map_navigation/lib/libmulti_map_navigation__rosidl_typesupport_introspection_cpp.so
-- Up-to-date: /home/rutika/wormhole_ws/install/multi_map_navigation/lib/libmulti_map_navigation__rosidl_typesupport_cpp.so
-- Up-to-date: /home/rutika/wormhole_ws/install/multi_map_navigation/share/multi_map_navigation/environment/pythonpath.sh
-- Installing: /home/rutika/wormhole_ws/install/multi_map_navigation/share/multi_map_navigation/environment/pythonpath.dsv
-- Up-to-date: /home/rutika/wormhole_ws/install/multi_map_navigation/local/lib/python3.10/dist-packages/multi_map_navigation-0.0.0-py3.10.egg-info
-- Installing: /home/rutika/wormhole_ws/install/multi_map_navigation/local/lib/python3.10/dist-packages/multi_map_navigation-0.0.0-py3.10.egg-info/dependency_links.txt
-- Installing: /home/rutika/wormhole_ws/install/multi_map_navigation/local/lib/python3.10/dist-packages/multi_map_navigation-0.0.0-py3.10.egg-info/SOURCES.txt
-- Installing: /home/rutika/wormhole_ws/install/multi_map_navigation/local/lib/python3.10/dist-packages/multi_map_navigation-0.0.0-py3.10.egg-info/PKG-INFO
-- Installing: /home/rutika/wormhole_ws/install/multi_map_navigation/local/lib/python3.10/dist-packages/multi_map_navigation-0.0.0-py3.10.egg-info/top_level.txt
-- Up-to-date: /home/rutika/wormhole_ws/install/multi_map_navigation/local/lib/python3.10/dist-packages/multi_map_navigation
-- Up-to-date: /home/rutika/wormhole_ws/install/multi_map_navigation/local/lib/python3.10/dist-packages/multi_map_navigation/multi_map_navigation_s__rosidl_typesupport_introspection_c.cpython-310-x86_64-linux-gnu.so
-- Up-to-date: /home/rutika/wormhole_ws/install/multi_map_navigation/local/lib/python3.10/dist-packages/multi_map_navigation/action
-- Up-to-date: /home/rutika/wormhole_ws/install/multi_map_navigation/local/lib/python3.10/dist-packages/multi_map_navigation/action/_navigate.py
-- Up-to-date: /home/rutika/wormhole_ws/install/multi_map_navigation/local/lib/python3.10/dist-packages/multi_map_navigation/action/_navigate_s.c
-- Up-to-date: /home/rutika/wormhole_ws/install/multi_map_navigation/local/lib/python3.10/dist-packages/multi_map_navigation/action/__init__.py
-- Up-to-date: /home/rutika/wormhole_ws/install/multi_map_navigation/local/lib/python3.10/dist-packages/multi_map_navigation/_multi_map_navigation_s.ep.rosidl_typesupport_introspection_c.c
-- Up-to-date: /home/rutika/wormhole_ws/install/multi_map_navigation/local/lib/python3.10/dist-packages/multi_map_navigation/_multi_map_navigation_s.ep.rosidl_typesupport_c.c
-- Up-to-date: /home/rutika/wormhole_ws/install/multi_map_navigation/local/lib/python3.10/dist-packages/multi_map_navigation/srv
-- Up-to-date: /home/rutika/wormhole_ws/install/multi_map_navigation/local/lib/python3.10/dist-packages/multi_map_navigation/srv/_get_wormhole.py
-- Up-to-date: /home/rutika/wormhole_ws/install/multi_map_navigation/local/lib/python3.10/dist-packages/multi_map_navigation/srv/__init__.py
-- Up-to-date: /home/rutika/wormhole_ws/install/multi_map_navigation/local/lib/python3.10/dist-packages/multi_map_navigation/srv/_get_wormhole_s.c
-- Up-to-date: /home/rutika/wormhole_ws/install/multi_map_navigation/local/lib/python3.10/dist-packages/multi_map_navigation/libmulti_map_navigation__rosidl_generator_py.so
-- Up-to-date: /home/rutika/wormhole_ws/install/multi_map_navigation/local/lib/python3.10/dist-packages/multi_map_navigation/multi_map_navigation_s__rosidl_typesupport_fastrtps_c.cpython-310-x86_64-linux-gnu.so
-- Up-to-date: /home/rutika/wormhole_ws/install/multi_map_navigation/local/lib/python3.10/dist-packages/multi_map_navigation/multi_map_navigation_s__rosidl_typesupport_c.cpython-310-x86_64-linux-gnu.so
-- Installing: /home/rutika/wormhole_ws/install/multi_map_navigation/local/lib/python3.10/dist-packages/multi_map_navigation/__init__.py
-- Up-to-date: /home/rutika/wormhole_ws/install/multi_map_navigation/local/lib/python3.10/dist-packages/multi_map_navigation/_multi_map_navigation_s.ep.rosidl_typesupport_fastrtps_c.c
Listing '/home/rutika/wormhole_ws/install/multi_map_navigation/local/lib/python3.10/dist-packages/multi_map_navigation'...
Compiling '/home/rutika/wormhole_ws/install/multi_map_navigation/local/lib/python3.10/dist-packages/multi_map_navigation/__init__.py'...
Listing '/home/rutika/wormhole_ws/install/multi_map_navigation/local/lib/python3.10/dist-packages/multi_map_navigation/action'...
Listing '/home/rutika/wormhole_ws/install/multi_map_navigation/local/lib/python3.10/dist-packages/multi_map_navigation/srv'...
-- Up-to-date: /home/rutika/wormhole_ws/install/multi_map_navigation/local/lib/python3.10/dist-packages/multi_map_navigation/multi_map_navigation_s__rosidl_typesupport_fastrtps_c.cpython-310-x86_64-linux-gnu.so
-- Up-to-date: /home/rutika/wormhole_ws/install/multi_map_navigation/local/lib/python3.10/dist-packages/multi_map_navigation/multi_map_navigation_s__rosidl_typesupport_introspection_c.cpython-310-x86_64-linux-gnu.so
-- Up-to-date: /home/rutika/wormhole_ws/install/multi_map_navigation/local/lib/python3.10/dist-packages/multi_map_navigation/multi_map_navigation_s__rosidl_typesupport_c.cpython-310-x86_64-linux-gnu.so
-- Up-to-date: /home/rutika/wormhole_ws/install/multi_map_navigation/lib/libmulti_map_navigation__rosidl_generator_py.so
-- Up-to-date: /home/rutika/wormhole_ws/install/multi_map_navigation/share/multi_map_navigation/srv/GetWormhole.idl
-- Up-to-date: /home/rutika/wormhole_ws/install/multi_map_navigation/share/multi_map_navigation/action/Navigate.idl
-- Up-to-date: /home/rutika/wormhole_ws/install/multi_map_navigation/share/multi_map_navigation/srv/GetWormhole.srv
-- Up-to-date: /home/rutika/wormhole_ws/install/multi_map_navigation/share/multi_map_navigation/srv/GetWormhole_Request.msg
-- Up-to-date: /home/rutika/wormhole_ws/install/multi_map_navigation/share/multi_map_navigation/srv/GetWormhole_Response.msg
-- Up-to-date: /home/rutika/wormhole_ws/install/multi_map_navigation/share/multi_map_navigation/action/Navigate.action
-- Up-to-date: /home/rutika/wormhole_ws/install/multi_map_navigation/lib/multi_map_navigation/wormhole_db_node
-- Up-to-date: /home/rutika/wormhole_ws/install/multi_map_navigation/lib/multi_map_navigation/multi_map_navigator
-- Installing: /home/rutika/wormhole_ws/install/multi_map_navigation/share/multi_map_navigation//launch
-- Installing: /home/rutika/wormhole_ws/install/multi_map_navigation/share/multi_map_navigation//launch/multi_map_navigation.launch
-- Up-to-date: /home/rutika/wormhole_ws/install/multi_map_navigation/share/ament_index/resource_index/package_run_dependencies/multi_map_navigation
-- Up-to-date: /home/rutika/wormhole_ws/install/multi_map_navigation/share/ament_index/resource_index/parent_prefix_path/multi_map_navigation
-- Up-to-date: /home/rutika/wormhole_ws/install/multi_map_navigation/share/multi_map_navigation/environment/ament_prefix_path.sh
-- Installing: /home/rutika/wormhole_ws/install/multi_map_navigation/share/multi_map_navigation/environment/ament_prefix_path.dsv
-- Up-to-date: /home/rutika/wormhole_ws/install/multi_map_navigation/share/multi_map_navigation/environment/path.sh
-- Installing: /home/rutika/wormhole_ws/install/multi_map_navigation/share/multi_map_navigation/environment/path.dsv
-- Up-to-date: /home/rutika/wormhole_ws/install/multi_map_navigation/share/multi_map_navigation/local_setup.bash
-- Up-to-date: /home/rutika/wormhole_ws/install/multi_map_navigation/share/multi_map_navigation/local_setup.sh
-- Up-to-date: /home/rutika/wormhole_ws/install/multi_map_navigation/share/multi_map_navigation/local_setup.zsh
-- Installing: /home/rutika/wormhole_ws/install/multi_map_navigation/share/multi_map_navigation/local_setup.dsv
-- Installing: /home/rutika/wormhole_ws/install/multi_map_navigation/share/multi_map_navigation/package.dsv
-- Up-to-date: /home/rutika/wormhole_ws/install/multi_map_navigation/share/ament_index/resource_index/packages/multi_map_navigation
-- Up-to-date: /home/rutika/wormhole_ws/install/multi_map_navigation/share/multi_map_navigation/cmake/export_multi_map_navigation__rosidl_generator_cExport.cmake
-- Up-to-date: /home/rutika/wormhole_ws/install/multi_map_navigation/share/multi_map_navigation/cmake/export_multi_map_navigation__rosidl_generator_cExport-noconfig.cmake
-- Up-to-date: /home/rutika/wormhole_ws/install/multi_map_navigation/share/multi_map_navigation/cmake/export_multi_map_navigation__rosidl_typesupport_fastrtps_cExport.cmake
-- Up-to-date: /home/rutika/wormhole_ws/install/multi_map_navigation/share/multi_map_navigation/cmake/export_multi_map_navigation__rosidl_typesupport_fastrtps_cExport-noconfig.cmake
-- Up-to-date: /home/rutika/wormhole_ws/install/multi_map_navigation/share/multi_map_navigation/cmake/export_multi_map_navigation__rosidl_generator_cppExport.cmake
-- Up-to-date: /home/rutika/wormhole_ws/install/multi_map_navigation/share/multi_map_navigation/cmake/export_multi_map_navigation__rosidl_typesupport_fastrtps_cppExport.cmake
-- Up-to-date: /home/rutika/wormhole_ws/install/multi_map_navigation/share/multi_map_navigation/cmake/export_multi_map_navigation__rosidl_typesupport_fastrtps_cppExport-noconfig.cmake
-- Up-to-date: /home/rutika/wormhole_ws/install/multi_map_navigation/share/multi_map_navigation/cmake/multi_map_navigation__rosidl_typesupport_introspection_cExport.cmake
-- Up-to-date: /home/rutika/wormhole_ws/install/multi_map_navigation/share/multi_map_navigation/cmake/multi_map_navigation__rosidl_typesupport_introspection_cExport-noconfig.cmake
-- Up-to-date: /home/rutika/wormhole_ws/install/multi_map_navigation/share/multi_map_navigation/cmake/multi_map_navigation__rosidl_typesupport_cExport.cmake
-- Up-to-date: /home/rutika/wormhole_ws/install/multi_map_navigation/share/multi_map_navigation/cmake/multi_map_navigation__rosidl_typesupport_cExport-noconfig.cmake
-- Up-to-date: /home/rutika/wormhole_ws/install/multi_map_navigation/share/multi_map_navigation/cmake/multi_map_navigation__rosidl_typesupport_introspection_cppExport.cmake
-- Up-to-date: /home/rutika/wormhole_ws/install/multi_map_navigation/share/multi_map_navigation/cmake/multi_map_navigation__rosidl_typesupport_introspection_cppExport-noconfig.cmake
-- Up-to-date: /home/rutika/wormhole_ws/install/multi_map_navigation/share/multi_map_navigation/cmake/multi_map_navigation__rosidl_typesupport_cppExport.cmake
-- Up-to-date: /home/rutika/wormhole_ws/install/multi_map_navigation/share/multi_map_navigation/cmake/multi_map_navigation__rosidl_typesupport_cppExport-noconfig.cmake
-- Up-to-date: /home/rutika/wormhole_ws/install/multi_map_navigation/share/multi_map_navigation/cmake/export_multi_map_navigation__rosidl_generator_pyExport.cmake
-- Up-to-date: /home/rutika/wormhole_ws/install/multi_map_navigation/share/multi_map_navigation/cmake/export_multi_map_navigation__rosidl_generator_pyExport-noconfig.cmake
-- Up-to-date: /home/rutika/wormhole_ws/install/multi_map_navigation/share/multi_map_navigation/cmake/rosidl_cmake-extras.cmake
-- Up-to-date: /home/rutika/wormhole_ws/install/multi_map_navigation/share/multi_map_navigation/cmake/ament_cmake_export_dependencies-extras.cmake
-- Up-to-date: /home/rutika/wormhole_ws/install/multi_map_navigation/share/multi_map_navigation/cmake/ament_cmake_export_include_directories-extras.cmake
-- Up-to-date: /home/rutika/wormhole_ws/install/multi_map_navigation/share/multi_map_navigation/cmake/ament_cmake_export_libraries-extras.cmake
-- Up-to-date: /home/rutika/wormhole_ws/install/multi_map_navigation/share/multi_map_navigation/cmake/ament_cmake_export_targets-extras.cmake
-- Up-to-date: /home/rutika/wormhole_ws/install/multi_map_navigation/share/multi_map_navigation/cmake/rosidl_cmake_export_typesupport_targets-extras.cmake
-- Up-to-date: /home/rutika/wormhole_ws/install/multi_map_navigation/share/multi_map_navigation/cmake/rosidl_cmake_export_typesupport_libraries-extras.cmake
-- Up-to-date: /home/rutika/wormhole_ws/install/multi_map_navigation/share/multi_map_navigation/cmake/multi_map_navigationConfig.cmake
-- Up-to-date: /home/rutika/wormhole_ws/install/multi_map_navigation/share/multi_map_navigation/cmake/multi_map_navigationConfig-version.cmake
-- Up-to-date: /home/rutika/wormhole_ws/install/multi_map_navigation/share/multi_map_navigation/package.xml
