[0.012s] Invoking command in '/home/rutika/wormhole_ws/build/multi_map_navigation': CMAKE_PREFIX_PATH=${CMAKE_PREFIX_PATH}:/home/rutika/rr_ws/install/pick:/home/rutika/adv_ws/install/my_actions_py:/home/rutika/develop_ws/install/my_pub:/home/rutika/rutika_practice_ws/install/practice_pub:/home/rutika/level3_ws/install/actions_py:/home/rutika/practice_ws/install/practice_pkg:/home/rutika/activity_two_ws/install/activity_two_pkg:/home/rutika/ros2_rev_ws/install/my_py_pkg:/home/rutika/rutika_ros_ws/install/rutika_pkg:/home/rutika/ros2_ws/install/my_robot_controller:/home/rutika/course1_ws/install/my_py_pkg:/opt/ros/humble /usr/bin/cmake --build /home/rutika/wormhole_ws/build/multi_map_navigation -- -j8 -l8
[0.028s] -- Found ament_cmake: 1.3.11 (/opt/ros/humble/share/ament_cmake/cmake)
[0.123s] -- Found rclcpp: 16.0.11 (/opt/ros/humble/share/rclcpp/cmake)
[0.248s] -- Found rosidl_generator_c: 3.1.6 (/opt/ros/humble/share/rosidl_generator_c/cmake)
[0.249s] -- Found rosidl_adapter: 3.1.6 (/opt/ros/humble/share/rosidl_adapter/cmake)
[0.253s] -- Found rosidl_generator_cpp: 3.1.6 (/opt/ros/humble/share/rosidl_generator_cpp/cmake)
[0.259s] -- Using all available rosidl_typesupport_c: rosidl_typesupport_fastrtps_c;rosidl_typesupport_introspection_c
[0.266s] -- Using all available rosidl_typesupport_cpp: rosidl_typesupport_fastrtps_cpp;rosidl_typesupport_introspection_cpp
[0.285s] -- Found rmw_implementation_cmake: 6.1.2 (/opt/ros/humble/share/rmw_implementation_cmake/cmake)
[0.286s] -- Found rmw_cyclonedds_cpp: 1.3.4 (/opt/ros/humble/share/rmw_cyclonedds_cpp/cmake)
[0.296s] -- Using RMW implementation 'rmw_cyclonedds_cpp' as default
[0.324s] -- Found rclcpp_action: 16.0.11 (/opt/ros/humble/share/rclcpp_action/cmake)
[0.342s] -- Found nav_msgs: 4.2.4 (/opt/ros/humble/share/nav_msgs/cmake)
[0.359s] -- Found rosidl_default_generators: 1.2.0 (/opt/ros/humble/share/rosidl_default_generators/cmake)
[0.584s] -- Found ament_cmake_ros: 0.10.0 (/opt/ros/humble/share/ament_cmake_ros/cmake)
[0.877s] -- Using all available rosidl_typesupport_c: rosidl_typesupport_fastrtps_c;rosidl_typesupport_introspection_c
[0.985s] -- Using all available rosidl_typesupport_cpp: rosidl_typesupport_fastrtps_cpp;rosidl_typesupport_introspection_cpp
[1.009s] -- Found python_cmake_module: 0.10.0 (/opt/ros/humble/share/python_cmake_module/cmake)
[1.031s] -- Using PYTHON_EXECUTABLE: /usr/bin/python3
[1.032s] -- Using PYTHON_INCLUDE_DIRS: /usr/include/python3.10
[1.032s] -- Using PYTHON_LIBRARIES: /usr/lib/x86_64-linux-gnu/libpython3.10.so
[1.067s] -- Found ament_lint_auto: 0.12.11 (/opt/ros/humble/share/ament_lint_auto/cmake)
[1.072s] -- Added test 'copyright' to check source files copyright and LICENSE
[1.073s] -- Added test 'cppcheck' to perform static code analysis on C / C++ code
[1.074s] -- Configured cppcheck include dirs: 
[1.074s] -- Configured cppcheck exclude dirs and/or files: 
[1.074s] -- Added test 'cpplint' to check C / C++ code against the Google style
[1.074s] -- Configured cpplint exclude dirs and/or files: 
[1.075s] -- Added test 'lint_cmake' to check CMake code style
[1.076s] -- Added test 'uncrustify' to check C / C++ code style
[1.076s] -- Configured uncrustify additional arguments: 
[1.076s] -- Added test 'xmllint' to check XML markup files
[1.077s] -- Configuring done
[1.102s] -- Generating done
[1.113s] -- Build files have been written to: /home/rutika/wormhole_ws/build/multi_map_navigation
[1.132s] [35m[1mConsolidate compiler generated dependencies of target multi_map_navigation__rosidl_generator_c[0m
[1.141s] [  6%] Built target multi_map_navigation__cpp
[1.141s] [ 11%] Built target multi_map_navigation__rosidl_generator_c
[1.150s] [ 11%] Built target ament_cmake_python_copy_multi_map_navigation
[1.150s] [35m[1mConsolidate compiler generated dependencies of target multi_map_navigation__rosidl_typesupport_fastrtps_cpp[0m
[1.152s] [35m[1mConsolidate compiler generated dependencies of target multi_map_navigation__rosidl_typesupport_c[0m
[1.153s] [35m[1mConsolidate compiler generated dependencies of target multi_map_navigation__rosidl_typesupport_introspection_cpp[0m
[1.153s] [35m[1mConsolidate compiler generated dependencies of target multi_map_navigation__rosidl_typesupport_cpp[0m
[1.153s] [35m[1mConsolidate compiler generated dependencies of target multi_map_navigation__rosidl_typesupport_fastrtps_c[0m
[1.158s] [35m[1mConsolidate compiler generated dependencies of target multi_map_navigation__rosidl_typesupport_introspection_c[0m
[1.164s] [ 20%] Built target multi_map_navigation__rosidl_typesupport_c
[1.166s] [ 30%] Built target multi_map_navigation__rosidl_typesupport_fastrtps_cpp
[1.167s] [ 48%] Built target multi_map_navigation__rosidl_typesupport_cpp
[1.167s] [ 48%] Built target multi_map_navigation__rosidl_typesupport_fastrtps_c
[1.167s] [ 58%] Built target multi_map_navigation__rosidl_typesupport_introspection_cpp
[1.171s] [ 67%] Built target multi_map_navigation__rosidl_typesupport_introspection_c
[1.176s] [35m[1mConsolidate compiler generated dependencies of target wormhole_db_node[0m
[1.176s] [35m[1mConsolidate compiler generated dependencies of target multi_map_navigator[0m
[1.188s] [ 72%] Built target wormhole_db_node
[1.189s] [ 72%] Built target multi_map_navigation
[1.192s] [ 76%] Built target multi_map_navigator
[1.205s] [ 79%] Built target multi_map_navigation__py
[1.214s] [35m[1mConsolidate compiler generated dependencies of target multi_map_navigation__rosidl_generator_py[0m
[1.226s] [ 86%] Built target multi_map_navigation__rosidl_generator_py
[1.235s] [35m[1mConsolidate compiler generated dependencies of target multi_map_navigation__rosidl_typesupport_c__pyext[0m
[1.235s] [35m[1mConsolidate compiler generated dependencies of target multi_map_navigation__rosidl_typesupport_fastrtps_c__pyext[0m
[1.235s] [35m[1mConsolidate compiler generated dependencies of target multi_map_navigation__rosidl_typesupport_introspection_c__pyext[0m
[1.247s] [ 90%] Built target multi_map_navigation__rosidl_typesupport_c__pyext
[1.248s] [100%] Built target multi_map_navigation__rosidl_typesupport_introspection_c__pyext
[1.248s] [100%] Built target multi_map_navigation__rosidl_typesupport_fastrtps_c__pyext
[1.344s] running egg_info
[1.344s] writing multi_map_navigation.egg-info/PKG-INFO
[1.345s] writing dependency_links to multi_map_navigation.egg-info/dependency_links.txt
[1.345s] writing top-level names to multi_map_navigation.egg-info/top_level.txt
[1.346s] reading manifest file 'multi_map_navigation.egg-info/SOURCES.txt'
[1.347s] writing manifest file 'multi_map_navigation.egg-info/SOURCES.txt'
[1.369s] [100%] Built target ament_cmake_python_build_multi_map_navigation_egg
[1.377s] Invoked command in '/home/rutika/wormhole_ws/build/multi_map_navigation' returned '0': CMAKE_PREFIX_PATH=${CMAKE_PREFIX_PATH}:/home/rutika/rr_ws/install/pick:/home/rutika/adv_ws/install/my_actions_py:/home/rutika/develop_ws/install/my_pub:/home/rutika/rutika_practice_ws/install/practice_pub:/home/rutika/level3_ws/install/actions_py:/home/rutika/practice_ws/install/practice_pkg:/home/rutika/activity_two_ws/install/activity_two_pkg:/home/rutika/ros2_rev_ws/install/my_py_pkg:/home/rutika/rutika_ros_ws/install/rutika_pkg:/home/rutika/ros2_ws/install/my_robot_controller:/home/rutika/course1_ws/install/my_py_pkg:/opt/ros/humble /usr/bin/cmake --build /home/rutika/wormhole_ws/build/multi_map_navigation -- -j8 -l8
[1.384s] Invoking command in '/home/rutika/wormhole_ws/build/multi_map_navigation': CMAKE_PREFIX_PATH=${CMAKE_PREFIX_PATH}:/home/rutika/rr_ws/install/pick:/home/rutika/adv_ws/install/my_actions_py:/home/rutika/develop_ws/install/my_pub:/home/rutika/rutika_practice_ws/install/practice_pub:/home/rutika/level3_ws/install/actions_py:/home/rutika/practice_ws/install/practice_pkg:/home/rutika/activity_two_ws/install/activity_two_pkg:/home/rutika/ros2_rev_ws/install/my_py_pkg:/home/rutika/rutika_ros_ws/install/rutika_pkg:/home/rutika/ros2_ws/install/my_robot_controller:/home/rutika/course1_ws/install/my_py_pkg:/opt/ros/humble /usr/bin/cmake --install /home/rutika/wormhole_ws/build/multi_map_navigation
[1.389s] -- Install configuration: ""
[1.389s] -- Up-to-date: /home/rutika/wormhole_ws/install/multi_map_navigation/share/ament_index/resource_index/rosidl_interfaces/multi_map_navigation
[1.389s] -- Up-to-date: /home/rutika/wormhole_ws/install/multi_map_navigation/include/multi_map_navigation/multi_map_navigation
[1.389s] -- Up-to-date: /home/rutika/wormhole_ws/install/multi_map_navigation/include/multi_map_navigation/multi_map_navigation/action
[1.390s] -- Up-to-date: /home/rutika/wormhole_ws/install/multi_map_navigation/include/multi_map_navigation/multi_map_navigation/action/navigate.h
[1.390s] -- Up-to-date: /home/rutika/wormhole_ws/install/multi_map_navigation/include/multi_map_navigation/multi_map_navigation/action/detail
[1.390s] -- Up-to-date: /home/rutika/wormhole_ws/install/multi_map_navigation/include/multi_map_navigation/multi_map_navigation/action/detail/navigate__type_support.h
[1.390s] -- Up-to-date: /home/rutika/wormhole_ws/install/multi_map_navigation/include/multi_map_navigation/multi_map_navigation/action/detail/navigate__struct.h
[1.390s] -- Up-to-date: /home/rutika/wormhole_ws/install/multi_map_navigation/include/multi_map_navigation/multi_map_navigation/action/detail/navigate__functions.h
[1.390s] -- Up-to-date: /home/rutika/wormhole_ws/install/multi_map_navigation/include/multi_map_navigation/multi_map_navigation/action/detail/navigate__functions.c
[1.391s] -- Up-to-date: /home/rutika/wormhole_ws/install/multi_map_navigation/include/multi_map_navigation/multi_map_navigation/msg
[1.391s] -- Up-to-date: /home/rutika/wormhole_ws/install/multi_map_navigation/include/multi_map_navigation/multi_map_navigation/msg/rosidl_generator_c__visibility_control.h
[1.391s] -- Up-to-date: /home/rutika/wormhole_ws/install/multi_map_navigation/include/multi_map_navigation/multi_map_navigation/srv
[1.391s] -- Up-to-date: /home/rutika/wormhole_ws/install/multi_map_navigation/include/multi_map_navigation/multi_map_navigation/srv/get_wormhole.h
[1.391s] -- Up-to-date: /home/rutika/wormhole_ws/install/multi_map_navigation/include/multi_map_navigation/multi_map_navigation/srv/detail
[1.391s] -- Up-to-date: /home/rutika/wormhole_ws/install/multi_map_navigation/include/multi_map_navigation/multi_map_navigation/srv/detail/get_wormhole__functions.c
[1.391s] -- Up-to-date: /home/rutika/wormhole_ws/install/multi_map_navigation/include/multi_map_navigation/multi_map_navigation/srv/detail/get_wormhole__type_support.h
[1.391s] -- Up-to-date: /home/rutika/wormhole_ws/install/multi_map_navigation/include/multi_map_navigation/multi_map_navigation/srv/detail/get_wormhole__struct.h
[1.392s] -- Up-to-date: /home/rutika/wormhole_ws/install/multi_map_navigation/include/multi_map_navigation/multi_map_navigation/srv/detail/get_wormhole__functions.h
[1.392s] -- Up-to-date: /home/rutika/wormhole_ws/install/multi_map_navigation/share/multi_map_navigation/environment/library_path.sh
[1.392s] -- Installing: /home/rutika/wormhole_ws/install/multi_map_navigation/share/multi_map_navigation/environment/library_path.dsv
[1.392s] -- Up-to-date: /home/rutika/wormhole_ws/install/multi_map_navigation/lib/libmulti_map_navigation__rosidl_generator_c.so
[1.392s] -- Up-to-date: /home/rutika/wormhole_ws/install/multi_map_navigation/include/multi_map_navigation/multi_map_navigation
[1.392s] -- Up-to-date: /home/rutika/wormhole_ws/install/multi_map_navigation/include/multi_map_navigation/multi_map_navigation/action
[1.392s] -- Up-to-date: /home/rutika/wormhole_ws/install/multi_map_navigation/include/multi_map_navigation/multi_map_navigation/action/detail
[1.392s] -- Up-to-date: /home/rutika/wormhole_ws/install/multi_map_navigation/include/multi_map_navigation/multi_map_navigation/action/detail/navigate__rosidl_typesupport_fastrtps_c.h
[1.393s] -- Up-to-date: /home/rutika/wormhole_ws/install/multi_map_navigation/include/multi_map_navigation/multi_map_navigation/msg
[1.393s] -- Up-to-date: /home/rutika/wormhole_ws/install/multi_map_navigation/include/multi_map_navigation/multi_map_navigation/msg/rosidl_typesupport_fastrtps_c__visibility_control.h
[1.393s] -- Up-to-date: /home/rutika/wormhole_ws/install/multi_map_navigation/include/multi_map_navigation/multi_map_navigation/srv
[1.393s] -- Up-to-date: /home/rutika/wormhole_ws/install/multi_map_navigation/include/multi_map_navigation/multi_map_navigation/srv/detail
[1.394s] -- Up-to-date: /home/rutika/wormhole_ws/install/multi_map_navigation/include/multi_map_navigation/multi_map_navigation/srv/detail/get_wormhole__rosidl_typesupport_fastrtps_c.h
[1.394s] -- Up-to-date: /home/rutika/wormhole_ws/install/multi_map_navigation/lib/libmulti_map_navigation__rosidl_typesupport_fastrtps_c.so
[1.394s] -- Up-to-date: /home/rutika/wormhole_ws/install/multi_map_navigation/include/multi_map_navigation/multi_map_navigation
[1.394s] -- Up-to-date: /home/rutika/wormhole_ws/install/multi_map_navigation/include/multi_map_navigation/multi_map_navigation/action
[1.394s] -- Up-to-date: /home/rutika/wormhole_ws/install/multi_map_navigation/include/multi_map_navigation/multi_map_navigation/action/detail
[1.394s] -- Up-to-date: /home/rutika/wormhole_ws/install/multi_map_navigation/include/multi_map_navigation/multi_map_navigation/action/detail/navigate__struct.hpp
[1.394s] -- Up-to-date: /home/rutika/wormhole_ws/install/multi_map_navigation/include/multi_map_navigation/multi_map_navigation/action/detail/navigate__type_support.hpp
[1.394s] -- Up-to-date: /home/rutika/wormhole_ws/install/multi_map_navigation/include/multi_map_navigation/multi_map_navigation/action/detail/navigate__builder.hpp
[1.394s] -- Up-to-date: /home/rutika/wormhole_ws/install/multi_map_navigation/include/multi_map_navigation/multi_map_navigation/action/detail/navigate__traits.hpp
[1.395s] -- Up-to-date: /home/rutika/wormhole_ws/install/multi_map_navigation/include/multi_map_navigation/multi_map_navigation/action/navigate.hpp
[1.395s] -- Up-to-date: /home/rutika/wormhole_ws/install/multi_map_navigation/include/multi_map_navigation/multi_map_navigation/msg
[1.395s] -- Up-to-date: /home/rutika/wormhole_ws/install/multi_map_navigation/include/multi_map_navigation/multi_map_navigation/msg/rosidl_generator_cpp__visibility_control.hpp
[1.395s] -- Up-to-date: /home/rutika/wormhole_ws/install/multi_map_navigation/include/multi_map_navigation/multi_map_navigation/srv
[1.395s] -- Up-to-date: /home/rutika/wormhole_ws/install/multi_map_navigation/include/multi_map_navigation/multi_map_navigation/srv/get_wormhole.hpp
[1.395s] -- Up-to-date: /home/rutika/wormhole_ws/install/multi_map_navigation/include/multi_map_navigation/multi_map_navigation/srv/detail
[1.395s] -- Up-to-date: /home/rutika/wormhole_ws/install/multi_map_navigation/include/multi_map_navigation/multi_map_navigation/srv/detail/get_wormhole__builder.hpp
[1.395s] -- Up-to-date: /home/rutika/wormhole_ws/install/multi_map_navigation/include/multi_map_navigation/multi_map_navigation/srv/detail/get_wormhole__struct.hpp
[1.395s] -- Up-to-date: /home/rutika/wormhole_ws/install/multi_map_navigation/include/multi_map_navigation/multi_map_navigation/srv/detail/get_wormhole__type_support.hpp
[1.395s] -- Up-to-date: /home/rutika/wormhole_ws/install/multi_map_navigation/include/multi_map_navigation/multi_map_navigation/srv/detail/get_wormhole__traits.hpp
[1.395s] -- Up-to-date: /home/rutika/wormhole_ws/install/multi_map_navigation/include/multi_map_navigation/multi_map_navigation
[1.395s] -- Up-to-date: /home/rutika/wormhole_ws/install/multi_map_navigation/include/multi_map_navigation/multi_map_navigation/action
[1.395s] -- Up-to-date: /home/rutika/wormhole_ws/install/multi_map_navigation/include/multi_map_navigation/multi_map_navigation/action/detail
[1.395s] -- Up-to-date: /home/rutika/wormhole_ws/install/multi_map_navigation/include/multi_map_navigation/multi_map_navigation/action/detail/dds_fastrtps
[1.395s] -- Up-to-date: /home/rutika/wormhole_ws/install/multi_map_navigation/include/multi_map_navigation/multi_map_navigation/action/detail/navigate__rosidl_typesupport_fastrtps_cpp.hpp
[1.395s] -- Up-to-date: /home/rutika/wormhole_ws/install/multi_map_navigation/include/multi_map_navigation/multi_map_navigation/msg
[1.395s] -- Up-to-date: /home/rutika/wormhole_ws/install/multi_map_navigation/include/multi_map_navigation/multi_map_navigation/msg/rosidl_typesupport_fastrtps_cpp__visibility_control.h
[1.395s] -- Up-to-date: /home/rutika/wormhole_ws/install/multi_map_navigation/include/multi_map_navigation/multi_map_navigation/srv
[1.395s] -- Up-to-date: /home/rutika/wormhole_ws/install/multi_map_navigation/include/multi_map_navigation/multi_map_navigation/srv/detail
[1.396s] -- Up-to-date: /home/rutika/wormhole_ws/install/multi_map_navigation/include/multi_map_navigation/multi_map_navigation/srv/detail/dds_fastrtps
[1.396s] -- Up-to-date: /home/rutika/wormhole_ws/install/multi_map_navigation/include/multi_map_navigation/multi_map_navigation/srv/detail/get_wormhole__rosidl_typesupport_fastrtps_cpp.hpp
[1.396s] -- Up-to-date: /home/rutika/wormhole_ws/install/multi_map_navigation/lib/libmulti_map_navigation__rosidl_typesupport_fastrtps_cpp.so
[1.396s] -- Up-to-date: /home/rutika/wormhole_ws/install/multi_map_navigation/include/multi_map_navigation/multi_map_navigation
[1.396s] -- Up-to-date: /home/rutika/wormhole_ws/install/multi_map_navigation/include/multi_map_navigation/multi_map_navigation/action
[1.396s] -- Up-to-date: /home/rutika/wormhole_ws/install/multi_map_navigation/include/multi_map_navigation/multi_map_navigation/action/detail
[1.396s] -- Up-to-date: /home/rutika/wormhole_ws/install/multi_map_navigation/include/multi_map_navigation/multi_map_navigation/action/detail/navigate__type_support.c
[1.396s] -- Up-to-date: /home/rutika/wormhole_ws/install/multi_map_navigation/include/multi_map_navigation/multi_map_navigation/action/detail/navigate__rosidl_typesupport_introspection_c.h
[1.396s] -- Up-to-date: /home/rutika/wormhole_ws/install/multi_map_navigation/include/multi_map_navigation/multi_map_navigation/msg
[1.396s] -- Up-to-date: /home/rutika/wormhole_ws/install/multi_map_navigation/include/multi_map_navigation/multi_map_navigation/msg/rosidl_typesupport_introspection_c__visibility_control.h
[1.396s] -- Up-to-date: /home/rutika/wormhole_ws/install/multi_map_navigation/include/multi_map_navigation/multi_map_navigation/srv
[1.396s] -- Up-to-date: /home/rutika/wormhole_ws/install/multi_map_navigation/include/multi_map_navigation/multi_map_navigation/srv/detail
[1.396s] -- Up-to-date: /home/rutika/wormhole_ws/install/multi_map_navigation/include/multi_map_navigation/multi_map_navigation/srv/detail/get_wormhole__type_support.c
[1.396s] -- Up-to-date: /home/rutika/wormhole_ws/install/multi_map_navigation/include/multi_map_navigation/multi_map_navigation/srv/detail/get_wormhole__rosidl_typesupport_introspection_c.h
[1.396s] -- Up-to-date: /home/rutika/wormhole_ws/install/multi_map_navigation/lib/libmulti_map_navigation__rosidl_typesupport_introspection_c.so
[1.396s] -- Up-to-date: /home/rutika/wormhole_ws/install/multi_map_navigation/lib/libmulti_map_navigation__rosidl_typesupport_c.so
[1.396s] -- Up-to-date: /home/rutika/wormhole_ws/install/multi_map_navigation/include/multi_map_navigation/multi_map_navigation
[1.396s] -- Up-to-date: /home/rutika/wormhole_ws/install/multi_map_navigation/include/multi_map_navigation/multi_map_navigation/action
[1.396s] -- Up-to-date: /home/rutika/wormhole_ws/install/multi_map_navigation/include/multi_map_navigation/multi_map_navigation/action/detail
[1.396s] -- Up-to-date: /home/rutika/wormhole_ws/install/multi_map_navigation/include/multi_map_navigation/multi_map_navigation/action/detail/navigate__rosidl_typesupport_introspection_cpp.hpp
[1.396s] -- Up-to-date: /home/rutika/wormhole_ws/install/multi_map_navigation/include/multi_map_navigation/multi_map_navigation/action/detail/navigate__type_support.cpp
[1.396s] -- Up-to-date: /home/rutika/wormhole_ws/install/multi_map_navigation/include/multi_map_navigation/multi_map_navigation/srv
[1.396s] -- Up-to-date: /home/rutika/wormhole_ws/install/multi_map_navigation/include/multi_map_navigation/multi_map_navigation/srv/detail
[1.396s] -- Up-to-date: /home/rutika/wormhole_ws/install/multi_map_navigation/include/multi_map_navigation/multi_map_navigation/srv/detail/get_wormhole__type_support.cpp
[1.396s] -- Up-to-date: /home/rutika/wormhole_ws/install/multi_map_navigation/include/multi_map_navigation/multi_map_navigation/srv/detail/get_wormhole__rosidl_typesupport_introspection_cpp.hpp
[1.396s] -- Up-to-date: /home/rutika/wormhole_ws/install/multi_map_navigation/lib/libmulti_map_navigation__rosidl_typesupport_introspection_cpp.so
[1.396s] -- Up-to-date: /home/rutika/wormhole_ws/install/multi_map_navigation/lib/libmulti_map_navigation__rosidl_typesupport_cpp.so
[1.396s] -- Up-to-date: /home/rutika/wormhole_ws/install/multi_map_navigation/share/multi_map_navigation/environment/pythonpath.sh
[1.396s] -- Installing: /home/rutika/wormhole_ws/install/multi_map_navigation/share/multi_map_navigation/environment/pythonpath.dsv
[1.396s] -- Up-to-date: /home/rutika/wormhole_ws/install/multi_map_navigation/local/lib/python3.10/dist-packages/multi_map_navigation-0.0.0-py3.10.egg-info
[1.397s] -- Installing: /home/rutika/wormhole_ws/install/multi_map_navigation/local/lib/python3.10/dist-packages/multi_map_navigation-0.0.0-py3.10.egg-info/dependency_links.txt
[1.397s] -- Installing: /home/rutika/wormhole_ws/install/multi_map_navigation/local/lib/python3.10/dist-packages/multi_map_navigation-0.0.0-py3.10.egg-info/SOURCES.txt
[1.397s] -- Installing: /home/rutika/wormhole_ws/install/multi_map_navigation/local/lib/python3.10/dist-packages/multi_map_navigation-0.0.0-py3.10.egg-info/PKG-INFO
[1.397s] -- Installing: /home/rutika/wormhole_ws/install/multi_map_navigation/local/lib/python3.10/dist-packages/multi_map_navigation-0.0.0-py3.10.egg-info/top_level.txt
[1.397s] -- Up-to-date: /home/rutika/wormhole_ws/install/multi_map_navigation/local/lib/python3.10/dist-packages/multi_map_navigation
[1.397s] -- Up-to-date: /home/rutika/wormhole_ws/install/multi_map_navigation/local/lib/python3.10/dist-packages/multi_map_navigation/multi_map_navigation_s__rosidl_typesupport_introspection_c.cpython-310-x86_64-linux-gnu.so
[1.397s] -- Up-to-date: /home/rutika/wormhole_ws/install/multi_map_navigation/local/lib/python3.10/dist-packages/multi_map_navigation/action
[1.397s] -- Up-to-date: /home/rutika/wormhole_ws/install/multi_map_navigation/local/lib/python3.10/dist-packages/multi_map_navigation/action/_navigate.py
[1.397s] -- Up-to-date: /home/rutika/wormhole_ws/install/multi_map_navigation/local/lib/python3.10/dist-packages/multi_map_navigation/action/_navigate_s.c
[1.397s] -- Up-to-date: /home/rutika/wormhole_ws/install/multi_map_navigation/local/lib/python3.10/dist-packages/multi_map_navigation/action/__init__.py
[1.397s] -- Up-to-date: /home/rutika/wormhole_ws/install/multi_map_navigation/local/lib/python3.10/dist-packages/multi_map_navigation/_multi_map_navigation_s.ep.rosidl_typesupport_introspection_c.c
[1.397s] -- Up-to-date: /home/rutika/wormhole_ws/install/multi_map_navigation/local/lib/python3.10/dist-packages/multi_map_navigation/_multi_map_navigation_s.ep.rosidl_typesupport_c.c
[1.397s] -- Up-to-date: /home/rutika/wormhole_ws/install/multi_map_navigation/local/lib/python3.10/dist-packages/multi_map_navigation/srv
[1.397s] -- Up-to-date: /home/rutika/wormhole_ws/install/multi_map_navigation/local/lib/python3.10/dist-packages/multi_map_navigation/srv/_get_wormhole.py
[1.397s] -- Up-to-date: /home/rutika/wormhole_ws/install/multi_map_navigation/local/lib/python3.10/dist-packages/multi_map_navigation/srv/__init__.py
[1.397s] -- Up-to-date: /home/rutika/wormhole_ws/install/multi_map_navigation/local/lib/python3.10/dist-packages/multi_map_navigation/srv/_get_wormhole_s.c
[1.397s] -- Up-to-date: /home/rutika/wormhole_ws/install/multi_map_navigation/local/lib/python3.10/dist-packages/multi_map_navigation/libmulti_map_navigation__rosidl_generator_py.so
[1.397s] -- Up-to-date: /home/rutika/wormhole_ws/install/multi_map_navigation/local/lib/python3.10/dist-packages/multi_map_navigation/multi_map_navigation_s__rosidl_typesupport_fastrtps_c.cpython-310-x86_64-linux-gnu.so
[1.397s] -- Up-to-date: /home/rutika/wormhole_ws/install/multi_map_navigation/local/lib/python3.10/dist-packages/multi_map_navigation/multi_map_navigation_s__rosidl_typesupport_c.cpython-310-x86_64-linux-gnu.so
[1.397s] -- Installing: /home/rutika/wormhole_ws/install/multi_map_navigation/local/lib/python3.10/dist-packages/multi_map_navigation/__init__.py
[1.397s] -- Up-to-date: /home/rutika/wormhole_ws/install/multi_map_navigation/local/lib/python3.10/dist-packages/multi_map_navigation/_multi_map_navigation_s.ep.rosidl_typesupport_fastrtps_c.c
[1.420s] Listing '/home/rutika/wormhole_ws/install/multi_map_navigation/local/lib/python3.10/dist-packages/multi_map_navigation'...
[1.421s] Compiling '/home/rutika/wormhole_ws/install/multi_map_navigation/local/lib/python3.10/dist-packages/multi_map_navigation/__init__.py'...
[1.421s] Listing '/home/rutika/wormhole_ws/install/multi_map_navigation/local/lib/python3.10/dist-packages/multi_map_navigation/action'...
[1.421s] Listing '/home/rutika/wormhole_ws/install/multi_map_navigation/local/lib/python3.10/dist-packages/multi_map_navigation/srv'...
[1.424s] -- Up-to-date: /home/rutika/wormhole_ws/install/multi_map_navigation/local/lib/python3.10/dist-packages/multi_map_navigation/multi_map_navigation_s__rosidl_typesupport_fastrtps_c.cpython-310-x86_64-linux-gnu.so
[1.424s] -- Up-to-date: /home/rutika/wormhole_ws/install/multi_map_navigation/local/lib/python3.10/dist-packages/multi_map_navigation/multi_map_navigation_s__rosidl_typesupport_introspection_c.cpython-310-x86_64-linux-gnu.so
[1.424s] -- Up-to-date: /home/rutika/wormhole_ws/install/multi_map_navigation/local/lib/python3.10/dist-packages/multi_map_navigation/multi_map_navigation_s__rosidl_typesupport_c.cpython-310-x86_64-linux-gnu.so
[1.424s] -- Up-to-date: /home/rutika/wormhole_ws/install/multi_map_navigation/lib/libmulti_map_navigation__rosidl_generator_py.so
[1.424s] -- Up-to-date: /home/rutika/wormhole_ws/install/multi_map_navigation/share/multi_map_navigation/srv/GetWormhole.idl
[1.425s] -- Up-to-date: /home/rutika/wormhole_ws/install/multi_map_navigation/share/multi_map_navigation/action/Navigate.idl
[1.425s] -- Up-to-date: /home/rutika/wormhole_ws/install/multi_map_navigation/share/multi_map_navigation/srv/GetWormhole.srv
[1.425s] -- Up-to-date: /home/rutika/wormhole_ws/install/multi_map_navigation/share/multi_map_navigation/srv/GetWormhole_Request.msg
[1.425s] -- Up-to-date: /home/rutika/wormhole_ws/install/multi_map_navigation/share/multi_map_navigation/srv/GetWormhole_Response.msg
[1.425s] -- Up-to-date: /home/rutika/wormhole_ws/install/multi_map_navigation/share/multi_map_navigation/action/Navigate.action
[1.425s] -- Up-to-date: /home/rutika/wormhole_ws/install/multi_map_navigation/lib/multi_map_navigation/wormhole_db_node
[1.425s] -- Up-to-date: /home/rutika/wormhole_ws/install/multi_map_navigation/lib/multi_map_navigation/multi_map_navigator
[1.425s] -- Installing: /home/rutika/wormhole_ws/install/multi_map_navigation/share/multi_map_navigation//launch
[1.425s] -- Installing: /home/rutika/wormhole_ws/install/multi_map_navigation/share/multi_map_navigation//launch/multi_map_navigation.launch
[1.426s] -- Up-to-date: /home/rutika/wormhole_ws/install/multi_map_navigation/share/ament_index/resource_index/package_run_dependencies/multi_map_navigation
[1.426s] -- Up-to-date: /home/rutika/wormhole_ws/install/multi_map_navigation/share/ament_index/resource_index/parent_prefix_path/multi_map_navigation
[1.426s] -- Up-to-date: /home/rutika/wormhole_ws/install/multi_map_navigation/share/multi_map_navigation/environment/ament_prefix_path.sh
[1.427s] -- Installing: /home/rutika/wormhole_ws/install/multi_map_navigation/share/multi_map_navigation/environment/ament_prefix_path.dsv
[1.427s] -- Up-to-date: /home/rutika/wormhole_ws/install/multi_map_navigation/share/multi_map_navigation/environment/path.sh
[1.427s] -- Installing: /home/rutika/wormhole_ws/install/multi_map_navigation/share/multi_map_navigation/environment/path.dsv
[1.427s] -- Up-to-date: /home/rutika/wormhole_ws/install/multi_map_navigation/share/multi_map_navigation/local_setup.bash
[1.428s] -- Up-to-date: /home/rutika/wormhole_ws/install/multi_map_navigation/share/multi_map_navigation/local_setup.sh
[1.428s] -- Up-to-date: /home/rutika/wormhole_ws/install/multi_map_navigation/share/multi_map_navigation/local_setup.zsh
[1.428s] -- Installing: /home/rutika/wormhole_ws/install/multi_map_navigation/share/multi_map_navigation/local_setup.dsv
[1.428s] -- Installing: /home/rutika/wormhole_ws/install/multi_map_navigation/share/multi_map_navigation/package.dsv
[1.428s] -- Up-to-date: /home/rutika/wormhole_ws/install/multi_map_navigation/share/ament_index/resource_index/packages/multi_map_navigation
[1.429s] -- Up-to-date: /home/rutika/wormhole_ws/install/multi_map_navigation/share/multi_map_navigation/cmake/export_multi_map_navigation__rosidl_generator_cExport.cmake
[1.429s] -- Up-to-date: /home/rutika/wormhole_ws/install/multi_map_navigation/share/multi_map_navigation/cmake/export_multi_map_navigation__rosidl_generator_cExport-noconfig.cmake
[1.429s] -- Up-to-date: /home/rutika/wormhole_ws/install/multi_map_navigation/share/multi_map_navigation/cmake/export_multi_map_navigation__rosidl_typesupport_fastrtps_cExport.cmake
[1.429s] -- Up-to-date: /home/rutika/wormhole_ws/install/multi_map_navigation/share/multi_map_navigation/cmake/export_multi_map_navigation__rosidl_typesupport_fastrtps_cExport-noconfig.cmake
[1.429s] -- Up-to-date: /home/rutika/wormhole_ws/install/multi_map_navigation/share/multi_map_navigation/cmake/export_multi_map_navigation__rosidl_generator_cppExport.cmake
[1.429s] -- Up-to-date: /home/rutika/wormhole_ws/install/multi_map_navigation/share/multi_map_navigation/cmake/export_multi_map_navigation__rosidl_typesupport_fastrtps_cppExport.cmake
[1.430s] -- Up-to-date: /home/rutika/wormhole_ws/install/multi_map_navigation/share/multi_map_navigation/cmake/export_multi_map_navigation__rosidl_typesupport_fastrtps_cppExport-noconfig.cmake
[1.430s] -- Up-to-date: /home/rutika/wormhole_ws/install/multi_map_navigation/share/multi_map_navigation/cmake/multi_map_navigation__rosidl_typesupport_introspection_cExport.cmake
[1.430s] -- Up-to-date: /home/rutika/wormhole_ws/install/multi_map_navigation/share/multi_map_navigation/cmake/multi_map_navigation__rosidl_typesupport_introspection_cExport-noconfig.cmake
[1.430s] -- Up-to-date: /home/rutika/wormhole_ws/install/multi_map_navigation/share/multi_map_navigation/cmake/multi_map_navigation__rosidl_typesupport_cExport.cmake
[1.430s] -- Up-to-date: /home/rutika/wormhole_ws/install/multi_map_navigation/share/multi_map_navigation/cmake/multi_map_navigation__rosidl_typesupport_cExport-noconfig.cmake
[1.430s] -- Up-to-date: /home/rutika/wormhole_ws/install/multi_map_navigation/share/multi_map_navigation/cmake/multi_map_navigation__rosidl_typesupport_introspection_cppExport.cmake
[1.430s] -- Up-to-date: /home/rutika/wormhole_ws/install/multi_map_navigation/share/multi_map_navigation/cmake/multi_map_navigation__rosidl_typesupport_introspection_cppExport-noconfig.cmake
[1.430s] -- Up-to-date: /home/rutika/wormhole_ws/install/multi_map_navigation/share/multi_map_navigation/cmake/multi_map_navigation__rosidl_typesupport_cppExport.cmake
[1.430s] -- Up-to-date: /home/rutika/wormhole_ws/install/multi_map_navigation/share/multi_map_navigation/cmake/multi_map_navigation__rosidl_typesupport_cppExport-noconfig.cmake
[1.430s] -- Up-to-date: /home/rutika/wormhole_ws/install/multi_map_navigation/share/multi_map_navigation/cmake/export_multi_map_navigation__rosidl_generator_pyExport.cmake
[1.430s] -- Up-to-date: /home/rutika/wormhole_ws/install/multi_map_navigation/share/multi_map_navigation/cmake/export_multi_map_navigation__rosidl_generator_pyExport-noconfig.cmake
[1.430s] -- Up-to-date: /home/rutika/wormhole_ws/install/multi_map_navigation/share/multi_map_navigation/cmake/rosidl_cmake-extras.cmake
[1.430s] -- Up-to-date: /home/rutika/wormhole_ws/install/multi_map_navigation/share/multi_map_navigation/cmake/ament_cmake_export_dependencies-extras.cmake
[1.430s] -- Up-to-date: /home/rutika/wormhole_ws/install/multi_map_navigation/share/multi_map_navigation/cmake/ament_cmake_export_include_directories-extras.cmake
[1.431s] -- Up-to-date: /home/rutika/wormhole_ws/install/multi_map_navigation/share/multi_map_navigation/cmake/ament_cmake_export_libraries-extras.cmake
[1.431s] -- Up-to-date: /home/rutika/wormhole_ws/install/multi_map_navigation/share/multi_map_navigation/cmake/ament_cmake_export_targets-extras.cmake
[1.432s] -- Up-to-date: /home/rutika/wormhole_ws/install/multi_map_navigation/share/multi_map_navigation/cmake/rosidl_cmake_export_typesupport_targets-extras.cmake
[1.432s] -- Up-to-date: /home/rutika/wormhole_ws/install/multi_map_navigation/share/multi_map_navigation/cmake/rosidl_cmake_export_typesupport_libraries-extras.cmake
[1.432s] -- Up-to-date: /home/rutika/wormhole_ws/install/multi_map_navigation/share/multi_map_navigation/cmake/multi_map_navigationConfig.cmake
[1.432s] -- Up-to-date: /home/rutika/wormhole_ws/install/multi_map_navigation/share/multi_map_navigation/cmake/multi_map_navigationConfig-version.cmake
[1.433s] -- Up-to-date: /home/rutika/wormhole_ws/install/multi_map_navigation/share/multi_map_navigation/package.xml
[1.433s] Invoked command in '/home/rutika/wormhole_ws/build/multi_map_navigation' returned '0': CMAKE_PREFIX_PATH=${CMAKE_PREFIX_PATH}:/home/rutika/rr_ws/install/pick:/home/rutika/adv_ws/install/my_actions_py:/home/rutika/develop_ws/install/my_pub:/home/rutika/rutika_practice_ws/install/practice_pub:/home/rutika/level3_ws/install/actions_py:/home/rutika/practice_ws/install/practice_pkg:/home/rutika/activity_two_ws/install/activity_two_pkg:/home/rutika/ros2_rev_ws/install/my_py_pkg:/home/rutika/rutika_ros_ws/install/rutika_pkg:/home/rutika/ros2_ws/install/my_robot_controller:/home/rutika/course1_ws/install/my_py_pkg:/opt/ros/humble /usr/bin/cmake --install /home/rutika/wormhole_ws/build/multi_map_navigation
